{"numFailedTestSuites":0,"numFailedTests":0,"numPassedTestSuites":3,"numPassedTests":30,"numPendingTestSuites":0,"numPendingTests":0,"numRuntimeErrorTestSuites":0,"numTodoTests":0,"numTotalTestSuites":3,"numTotalTests":30,"openHandles":[],"snapshot":{"added":0,"didUpdate":false,"failure":false,"filesAdded":0,"filesRemoved":0,"filesRemovedList":[],"filesUnmatched":0,"filesUpdated":0,"matched":0,"total":0,"unchecked":0,"uncheckedKeysByFile":[],"unmatched":0,"updated":0},"startTime":1781431879534,"success":true,"testResults":[{"assertionResults":[{"ancestorTitles":["reminderDashboard.service","appendReminderOwnerFilter"],"duration":3,"failing":false,"failureDetails":[],"failureMessages":[],"fullName":"reminderDashboard.service appendReminderOwnerFilter regular user filters by createdBy","invocations":1,"location":null,"numPassingAsserts":2,"retryReasons":[],"startAt":1781431880391,"status":"passed","title":"regular user filters by createdBy"},{"ancestorTitles":["reminderDashboard.service","appendReminderOwnerFilter"],"duration":0,"failing":false,"failureDetails":[],"failureMessages":[],"fullName":"reminderDashboard.service appendReminderOwnerFilter admin has no owner filter","invocations":1,"location":null,"numPassingAsserts":2,"retryReasons":[],"startAt":1781431880395,"status":"passed","title":"admin has no owner filter"},{"ancestorTitles":["reminderDashboard.service","userCanViewReminder / userCanEditReminder"],"duration":1,"failing":false,"failureDetails":[],"failureMessages":[],"fullName":"reminderDashboard.service userCanViewReminder / userCanEditReminder owner can view and edit","invocations":1,"location":null,"numPassingAsserts":2,"retryReasons":[],"startAt":1781431880395,"status":"passed","title":"owner can view and edit"},{"ancestorTitles":["reminderDashboard.service","userCanViewReminder / userCanEditReminder"],"duration":1,"failing":false,"failureDetails":[],"failureMessages":[],"fullName":"reminderDashboard.service userCanViewReminder / userCanEditReminder non-owner cannot view or edit","invocations":1,"location":null,"numPassingAsserts":2,"retryReasons":[],"startAt":1781431880396,"status":"passed","title":"non-owner cannot view or edit"},{"ancestorTitles":["reminderDashboard.service","userCanViewReminder / userCanEditReminder"],"duration":0,"failing":false,"failureDetails":[],"failureMessages":[],"fullName":"reminderDashboard.service userCanViewReminder / userCanEditReminder admin can view and edit any reminder","invocations":1,"location":null,"numPassingAsserts":2,"retryReasons":[],"startAt":1781431880397,"status":"passed","title":"admin can view and edit any reminder"},{"ancestorTitles":["reminderDashboard.service","reminderPermissionsForUser"],"duration":6,"failing":false,"failureDetails":[],"failureMessages":[],"fullName":"reminderDashboard.service reminderPermissionsForUser owner gets full permissions","invocations":1,"location":null,"numPassingAsserts":1,"retryReasons":[],"startAt":1781431880397,"status":"passed","title":"owner gets full permissions"},{"ancestorTitles":["reminderDashboard.service","reminderPermissionsForUser"],"duration":1,"failing":false,"failureDetails":[],"failureMessages":[],"fullName":"reminderDashboard.service reminderPermissionsForUser admin flagged as isAdmin","invocations":1,"location":null,"numPassingAsserts":2,"retryReasons":[],"startAt":1781431880403,"status":"passed","title":"admin flagged as isAdmin"},{"ancestorTitles":["reminderDashboard.service","buildDueCalendarGrid"],"duration":18,"failing":false,"failureDetails":[],"failureMessages":[],"fullName":"reminderDashboard.service buildDueCalendarGrid builds month grid with today marker","invocations":1,"location":null,"numPassingAsserts":2,"retryReasons":[],"startAt":1781431880404,"status":"passed","title":"builds month grid with today marker"},{"ancestorTitles":["reminderDashboard.service","loadReminderDashboardSummary"],"duration":2,"failing":false,"failureDetails":[],"failureMessages":[],"fullName":"reminderDashboard.service loadReminderDashboardSummary returns summary shape","invocations":1,"location":null,"numPassingAsserts":1,"retryReasons":[],"startAt":1781431880423,"status":"passed","title":"returns summary shape"}],"endTime":1781431880427,"message":"","name":"C:\\Users\\Amith Prasad\\Amith's Libraries\\NEW ERP\\tarka_new_erp\\tests\\jest\\reminderDashboard.service.test.js","startTime":1781431879598,"status":"passed","summary":""},{"assertionResults":[{"ancestorTitles":["api/reminder routes"],"duration":3,"failing":false,"failureDetails":[],"failureMessages":[],"fullName":"api/reminder routes GET returns 401 without session","invocations":1,"location":null,"numPassingAsserts":1,"retryReasons":[],"startAt":1781431880498,"status":"passed","title":"GET returns 401 without session"},{"ancestorTitles":["api/reminder routes"],"duration":1,"failing":false,"failureDetails":[],"failureMessages":[],"fullName":"api/reminder routes GET returns 403 without dashboard_my_reminders permission","invocations":1,"location":null,"numPassingAsserts":2,"retryReasons":[],"startAt":1781431880501,"status":"passed","title":"GET returns 403 without dashboard_my_reminders permission"},{"ancestorTitles":["api/reminder routes"],"duration":2,"failing":false,"failureDetails":[],"failureMessages":[],"fullName":"api/reminder routes GET counts=1 returns status counts","invocations":1,"location":null,"numPassingAsserts":2,"retryReasons":[],"startAt":1781431880502,"status":"passed","title":"GET counts=1 returns status counts"},{"ancestorTitles":["api/reminder routes"],"duration":2,"failing":false,"failureDetails":[],"failureMessages":[],"fullName":"api/reminder routes GET list returns rows","invocations":1,"location":null,"numPassingAsserts":3,"retryReasons":[],"startAt":1781431880504,"status":"passed","title":"GET list returns rows"},{"ancestorTitles":["api/reminder routes"],"duration":3,"failing":false,"failureDetails":[],"failureMessages":[],"fullName":"api/reminder routes POST creates reminder when allowed","invocations":1,"location":null,"numPassingAsserts":2,"retryReasons":[],"startAt":1781431880506,"status":"passed","title":"POST creates reminder when allowed"},{"ancestorTitles":["api/reminder routes"],"duration":1,"failing":false,"failureDetails":[],"failureMessages":[],"fullName":"api/reminder routes GET /api/reminder/[id] returns detail","invocations":1,"location":null,"numPassingAsserts":2,"retryReasons":[],"startAt":1781431880509,"status":"passed","title":"GET /api/reminder/[id] returns detail"},{"ancestorTitles":["api/reminder routes"],"duration":1,"failing":false,"failureDetails":[],"failureMessages":[],"fullName":"api/reminder routes PATCH /api/reminder/[id] updates reminder","invocations":1,"location":null,"numPassingAsserts":2,"retryReasons":[],"startAt":1781431880510,"status":"passed","title":"PATCH /api/reminder/[id] updates reminder"}],"endTime":1781431880512,"message":"","name":"C:\\Users\\Amith Prasad\\Amith's Libraries\\NEW ERP\\tarka_new_erp\\tests\\jest\\api.reminder.route.test.js","startTime":1781431880434,"status":"passed","summary":""},{"assertionResults":[{"ancestorTitles":["reminder module"],"duration":1,"failing":false,"failureDetails":[],"failureMessages":[],"fullName":"reminder module stripServerOnlyChildRows removes activity_log","invocations":1,"location":null,"numPassingAsserts":1,"retryReasons":[],"startAt":1781431880557,"status":"passed","title":"stripServerOnlyChildRows removes activity_log"},{"ancestorTitles":["reminder module"],"duration":0,"failing":false,"failureDetails":[],"failureMessages":[],"fullName":"reminder module computeNextDueDate daily adds one day","invocations":1,"location":null,"numPassingAsserts":1,"retryReasons":[],"startAt":1781431880558,"status":"passed","title":"computeNextDueDate daily adds one day"},{"ancestorTitles":["reminder module"],"duration":1,"failing":false,"failureDetails":[],"failureMessages":[],"fullName":"reminder module computeNextDueDate weekly adds seven days","invocations":1,"location":null,"numPassingAsserts":1,"retryReasons":[],"startAt":1781431880558,"status":"passed","title":"computeNextDueDate weekly adds seven days"},{"ancestorTitles":["reminder module"],"duration":0,"failing":false,"failureDetails":[],"failureMessages":[],"fullName":"reminder module computeNextDueDate monthly clamps day-of-month","invocations":1,"location":null,"numPassingAsserts":1,"retryReasons":[],"startAt":1781431880559,"status":"passed","title":"computeNextDueDate monthly clamps day-of-month"},{"ancestorTitles":["reminder module"],"duration":0,"failing":false,"failureDetails":[],"failureMessages":[],"fullName":"reminder module computeNextDueDate yearly handles leap year","invocations":1,"location":null,"numPassingAsserts":1,"retryReasons":[],"startAt":1781431880560,"status":"passed","title":"computeNextDueDate yearly handles leap year"},{"ancestorTitles":["reminder module"],"duration":0,"failing":false,"failureDetails":[],"failureMessages":[],"fullName":"reminder module computeNextDueDate none returns null","invocations":1,"location":null,"numPassingAsserts":1,"retryReasons":[],"startAt":1781431880560,"status":"passed","title":"computeNextDueDate none returns null"},{"ancestorTitles":["reminder module"],"duration":3,"failing":false,"failureDetails":[],"failureMessages":[],"fullName":"reminder module applyReminderBeforeWrite rejects recurring without due date","invocations":1,"location":null,"numPassingAsserts":1,"retryReasons":[],"startAt":1781431880561,"status":"passed","title":"applyReminderBeforeWrite rejects recurring without due date"},{"ancestorTitles":["reminder module"],"duration":0,"failing":false,"failureDetails":[],"failureMessages":[],"fullName":"reminder module applyReminderBeforeWrite rejects past due date","invocations":1,"location":null,"numPassingAsserts":1,"retryReasons":[],"startAt":1781431880564,"status":"passed","title":"applyReminderBeforeWrite rejects past due date"},{"ancestorTitles":["reminder module"],"duration":1,"failing":false,"failureDetails":[],"failureMessages":[],"fullName":"reminder module applyReminderBeforeWrite stamps createdBy on create","invocations":1,"location":null,"numPassingAsserts":1,"retryReasons":[],"startAt":1781431880564,"status":"passed","title":"applyReminderBeforeWrite stamps createdBy on create"},{"ancestorTitles":["reminder module"],"duration":0,"failing":false,"failureDetails":[],"failureMessages":[],"fullName":"reminder module applyReminderBeforeWrite requires snooze date when Snoozed","invocations":1,"location":null,"numPassingAsserts":1,"retryReasons":[],"startAt":1781431880565,"status":"passed","title":"applyReminderBeforeWrite requires snooze date when Snoozed"},{"ancestorTitles":["reminder module"],"duration":1,"failing":false,"failureDetails":[],"failureMessages":[],"fullName":"reminder module applyReminderAfterCreateWrite inserts initial status activity","invocations":1,"location":null,"numPassingAsserts":1,"retryReasons":[],"startAt":1781431880567,"status":"passed","title":"applyReminderAfterCreateWrite inserts initial status activity"},{"ancestorTitles":["reminder module"],"duration":1,"failing":false,"failureDetails":[],"failureMessages":[],"fullName":"reminder module applyReminderAfterUpdateWrite logs status changes","invocations":1,"location":null,"numPassingAsserts":1,"retryReasons":[],"startAt":1781431880568,"status":"passed","title":"applyReminderAfterUpdateWrite logs status changes"},{"ancestorTitles":["reminder module"],"duration":16,"failing":false,"failureDetails":[],"failureMessages":[],"fullName":"reminder module assertReminderMasterUpdateAllowed rejects non-owner","invocations":1,"location":null,"numPassingAsserts":1,"retryReasons":[],"startAt":1781431880569,"status":"passed","title":"assertReminderMasterUpdateAllowed rejects non-owner"},{"ancestorTitles":["reminder module"],"duration":1,"failing":false,"failureDetails":[],"failureMessages":[],"fullName":"reminder module insertActivityLogRow skips empty toValue","invocations":1,"location":null,"numPassingAsserts":1,"retryReasons":[],"startAt":1781431880585,"status":"passed","title":"insertActivityLogRow skips empty toValue"}],"endTime":1781431880586,"message":"","name":"C:\\Users\\Amith Prasad\\Amith's Libraries\\NEW ERP\\tarka_new_erp\\tests\\jest\\reminder.test.js","startTime":1781431880518,"status":"passed","summary":""}],"wasInterrupted":false}
