{"numFailedTestSuites":0,"numFailedTests":0,"numPassedTestSuites":4,"numPassedTests":50,"numPendingTestSuites":0,"numPendingTests":0,"numRuntimeErrorTestSuites":0,"numTodoTests":0,"numTotalTestSuites":4,"numTotalTests":50,"openHandles":[],"snapshot":{"added":0,"didUpdate":false,"failure":false,"filesAdded":0,"filesRemoved":0,"filesRemovedList":[],"filesUnmatched":0,"filesUpdated":0,"matched":0,"total":0,"unchecked":0,"uncheckedKeysByFile":[],"unmatched":0,"updated":0},"startTime":1784459943341,"success":true,"testResults":[{"assertionResults":[{"ancestorTitles":["api/task/alerts route"],"duration":71,"failing":false,"failureDetails":[],"failureMessages":[],"fullName":"api/task/alerts route GET returns 401 without session","invocations":1,"location":null,"numPassingAsserts":1,"retryReasons":[],"startAt":1784459947014,"status":"passed","title":"GET returns 401 without session"},{"ancestorTitles":["api/task/alerts route"],"duration":5,"failing":false,"failureDetails":[],"failureMessages":[],"fullName":"api/task/alerts route GET returns 403 without dashboard_my_tasks permission","invocations":1,"location":null,"numPassingAsserts":2,"retryReasons":[],"startAt":1784459947087,"status":"passed","title":"GET returns 403 without dashboard_my_tasks permission"},{"ancestorTitles":["api/task/alerts route"],"duration":29,"failing":false,"failureDetails":[],"failureMessages":[],"fullName":"api/task/alerts route GET returns alert payload when allowed","invocations":1,"location":null,"numPassingAsserts":3,"retryReasons":[],"startAt":1784459947092,"status":"passed","title":"GET returns alert payload when allowed"}],"endTime":1784459947124,"message":"","name":"C:\\Users\\Amith Prasad\\Amith's Libraries\\NEW ERP\\tarka_new_erp\\tests\\jest\\api.task.alerts.route.test.js","startTime":1784459943943,"status":"passed","summary":""},{"assertionResults":[{"ancestorTitles":["reminderDashboard.service","appendReminderOwnerFilter"],"duration":23,"failing":false,"failureDetails":[],"failureMessages":[],"fullName":"reminderDashboard.service appendReminderOwnerFilter regular user filters by createdBy","invocations":1,"location":null,"numPassingAsserts":2,"retryReasons":[],"startAt":1784459947087,"status":"passed","title":"regular user filters by createdBy"},{"ancestorTitles":["reminderDashboard.service","appendReminderOwnerFilter"],"duration":3,"failing":false,"failureDetails":[],"failureMessages":[],"fullName":"reminderDashboard.service appendReminderOwnerFilter admin has no owner filter","invocations":1,"location":null,"numPassingAsserts":2,"retryReasons":[],"startAt":1784459947112,"status":"passed","title":"admin has no owner filter"},{"ancestorTitles":["reminderDashboard.service","userCanViewReminder / userCanEditReminder"],"duration":9,"failing":false,"failureDetails":[],"failureMessages":[],"fullName":"reminderDashboard.service userCanViewReminder / userCanEditReminder owner can view and edit","invocations":1,"location":null,"numPassingAsserts":2,"retryReasons":[],"startAt":1784459947117,"status":"passed","title":"owner can view and edit"},{"ancestorTitles":["reminderDashboard.service","userCanViewReminder / userCanEditReminder"],"duration":1,"failing":false,"failureDetails":[],"failureMessages":[],"fullName":"reminderDashboard.service userCanViewReminder / userCanEditReminder non-owner cannot view or edit","invocations":1,"location":null,"numPassingAsserts":2,"retryReasons":[],"startAt":1784459947126,"status":"passed","title":"non-owner cannot view or edit"},{"ancestorTitles":["reminderDashboard.service","userCanViewReminder / userCanEditReminder"],"duration":7,"failing":false,"failureDetails":[],"failureMessages":[],"fullName":"reminderDashboard.service userCanViewReminder / userCanEditReminder admin can view and edit any reminder","invocations":1,"location":null,"numPassingAsserts":2,"retryReasons":[],"startAt":1784459947128,"status":"passed","title":"admin can view and edit any reminder"},{"ancestorTitles":["reminderDashboard.service","reminderPermissionsForUser"],"duration":2,"failing":false,"failureDetails":[],"failureMessages":[],"fullName":"reminderDashboard.service reminderPermissionsForUser owner gets full permissions","invocations":1,"location":null,"numPassingAsserts":1,"retryReasons":[],"startAt":1784459947136,"status":"passed","title":"owner gets full permissions"},{"ancestorTitles":["reminderDashboard.service","reminderPermissionsForUser"],"duration":30,"failing":false,"failureDetails":[],"failureMessages":[],"fullName":"reminderDashboard.service reminderPermissionsForUser admin flagged as isAdmin","invocations":1,"location":null,"numPassingAsserts":2,"retryReasons":[],"startAt":1784459947139,"status":"passed","title":"admin flagged as isAdmin"},{"ancestorTitles":["reminderDashboard.service","reminderPermissionsForUser"],"duration":2,"failing":false,"failureDetails":[],"failureMessages":[],"fullName":"reminderDashboard.service reminderPermissionsForUser completed reminder locked for owner","invocations":1,"location":null,"numPassingAsserts":1,"retryReasons":[],"startAt":1784459947200,"status":"passed","title":"completed reminder locked for owner"},{"ancestorTitles":["reminderDashboard.service","reminderPermissionsForUser"],"duration":7,"failing":false,"failureDetails":[],"failureMessages":[],"fullName":"reminderDashboard.service reminderPermissionsForUser completed reminder editable for admin","invocations":1,"location":null,"numPassingAsserts":1,"retryReasons":[],"startAt":1784459947203,"status":"passed","title":"completed reminder editable for admin"},{"ancestorTitles":["reminderDashboard.service","buildDueCalendarGrid"],"duration":230,"failing":false,"failureDetails":[],"failureMessages":[],"fullName":"reminderDashboard.service buildDueCalendarGrid builds month grid with today marker","invocations":1,"location":null,"numPassingAsserts":2,"retryReasons":[],"startAt":1784459947211,"status":"passed","title":"builds month grid with today marker"},{"ancestorTitles":["reminderDashboard.service","loadReminderDashboardSummary"],"duration":7,"failing":false,"failureDetails":[],"failureMessages":[],"fullName":"reminderDashboard.service loadReminderDashboardSummary returns summary shape","invocations":1,"location":null,"numPassingAsserts":1,"retryReasons":[],"startAt":1784459947443,"status":"passed","title":"returns summary shape"},{"ancestorTitles":["reminderDashboard.service","listRemindersForDashboard"],"duration":2,"failing":false,"failureDetails":[],"failureMessages":[],"fullName":"reminderDashboard.service listRemindersForDashboard omits status filter when status not provided (All)","invocations":1,"location":null,"numPassingAsserts":2,"retryReasons":[],"startAt":1784459947451,"status":"passed","title":"omits status filter when status not provided (All)"},{"ancestorTitles":["reminderDashboard.service","listRemindersForDashboard"],"duration":15,"failing":false,"failureDetails":[],"failureMessages":[],"fullName":"reminderDashboard.service listRemindersForDashboard filters by status when provided","invocations":1,"location":null,"numPassingAsserts":2,"retryReasons":[],"startAt":1784459947453,"status":"passed","title":"filters by status when provided"},{"ancestorTitles":["reminderDashboard.service","listRemindersForDashboard"],"duration":1,"failing":false,"failureDetails":[],"failureMessages":[],"fullName":"reminderDashboard.service listRemindersForDashboard filters by dueDate when provided","invocations":1,"location":null,"numPassingAsserts":2,"retryReasons":[],"startAt":1784459947471,"status":"passed","title":"filters by dueDate when provided"},{"ancestorTitles":["reminderDashboard.service","loadReminderAlerts"],"duration":3,"failing":false,"failureDetails":[],"failureMessages":[],"fullName":"reminderDashboard.service loadReminderAlerts returns counts and pending due/overdue items for owner","invocations":1,"location":null,"numPassingAsserts":6,"retryReasons":[],"startAt":1784459947477,"status":"passed","title":"returns counts and pending due/overdue items for owner"},{"ancestorTitles":["reminderDashboard.service","loadReminderAlerts"],"duration":1,"failing":false,"failureDetails":[],"failureMessages":[],"fullName":"reminderDashboard.service loadReminderAlerts admin query omits owner filter","invocations":1,"location":null,"numPassingAsserts":2,"retryReasons":[],"startAt":1784459947480,"status":"passed","title":"admin query omits owner filter"}],"endTime":1784459947485,"message":"","name":"C:\\Users\\Amith Prasad\\Amith's Libraries\\NEW ERP\\tarka_new_erp\\tests\\jest\\reminderDashboard.service.test.js","startTime":1784459943951,"status":"passed","summary":""},{"assertionResults":[{"ancestorTitles":["api/reminder/alerts route"],"duration":60,"failing":false,"failureDetails":[],"failureMessages":[],"fullName":"api/reminder/alerts route GET returns 401 without session","invocations":1,"location":null,"numPassingAsserts":1,"retryReasons":[],"startAt":1784459947605,"status":"passed","title":"GET returns 401 without session"},{"ancestorTitles":["api/reminder/alerts route"],"duration":4,"failing":false,"failureDetails":[],"failureMessages":[],"fullName":"api/reminder/alerts route GET returns 403 without dashboard_my_reminders permission","invocations":1,"location":null,"numPassingAsserts":2,"retryReasons":[],"startAt":1784459947666,"status":"passed","title":"GET returns 403 without dashboard_my_reminders permission"},{"ancestorTitles":["api/reminder/alerts route"],"duration":9,"failing":false,"failureDetails":[],"failureMessages":[],"fullName":"api/reminder/alerts route GET returns alert payload when allowed","invocations":1,"location":null,"numPassingAsserts":3,"retryReasons":[],"startAt":1784459947670,"status":"passed","title":"GET returns alert payload when allowed"}],"endTime":1784459947682,"message":"","name":"C:\\Users\\Amith Prasad\\Amith's Libraries\\NEW ERP\\tarka_new_erp\\tests\\jest\\api.reminder.alerts.route.test.js","startTime":1784459943952,"status":"passed","summary":""},{"assertionResults":[{"ancestorTitles":["taskDashboard.service","normalizeBucket"],"duration":27,"failing":false,"failureDetails":[],"failureMessages":[],"fullName":"taskDashboard.service normalizeBucket defaults to assigned_to_me","invocations":1,"location":null,"numPassingAsserts":2,"retryReasons":[],"startAt":1784459947552,"status":"passed","title":"defaults to assigned_to_me"},{"ancestorTitles":["taskDashboard.service","normalizeBucket"],"duration":3,"failing":false,"failureDetails":[],"failureMessages":[],"fullName":"taskDashboard.service normalizeBucket accepts assigned_by_me","invocations":1,"location":null,"numPassingAsserts":1,"retryReasons":[],"startAt":1784459947583,"status":"passed","title":"accepts assigned_by_me"},{"ancestorTitles":["taskDashboard.service","appendBucketFilter"],"duration":7,"failing":false,"failureDetails":[],"failureMessages":[],"fullName":"taskDashboard.service appendBucketFilter assigned_to_me filters by assignee or followUpPerson for regular user","invocations":1,"location":null,"numPassingAsserts":2,"retryReasons":[],"startAt":1784459947587,"status":"passed","title":"assigned_to_me filters by assignee or followUpPerson for regular user"},{"ancestorTitles":["taskDashboard.service","appendBucketFilter"],"duration":2,"failing":false,"failureDetails":[],"failureMessages":[],"fullName":"taskDashboard.service appendBucketFilter assigned_by_me filters by createdBy and excludes self-assignee","invocations":1,"location":null,"numPassingAsserts":2,"retryReasons":[],"startAt":1784459947594,"status":"passed","title":"assigned_by_me filters by createdBy and excludes self-assignee"},{"ancestorTitles":["taskDashboard.service","appendBucketFilter"],"duration":3,"failing":false,"failureDetails":[],"failureMessages":[],"fullName":"taskDashboard.service appendBucketFilter admin assigned_to_me uses same user-scoped assignee/followUp filter","invocations":1,"location":null,"numPassingAsserts":2,"retryReasons":[],"startAt":1784459947596,"status":"passed","title":"admin assigned_to_me uses same user-scoped assignee/followUp filter"},{"ancestorTitles":["taskDashboard.service","appendBucketFilter"],"duration":3,"failing":false,"failureDetails":[],"failureMessages":[],"fullName":"taskDashboard.service appendBucketFilter admin assigned_by_me uses same user-scoped createdBy filter","invocations":1,"location":null,"numPassingAsserts":2,"retryReasons":[],"startAt":1784459947600,"status":"passed","title":"admin assigned_by_me uses same user-scoped createdBy filter"},{"ancestorTitles":["taskDashboard.service","appendBucketFilter"],"duration":4,"failing":false,"failureDetails":[],"failureMessages":[],"fullName":"taskDashboard.service appendBucketFilter buckets are mutually exclusive for the same user","invocations":1,"location":null,"numPassingAsserts":9,"retryReasons":[],"startAt":1784459947603,"status":"passed","title":"buckets are mutually exclusive for the same user"},{"ancestorTitles":["taskDashboard.service","task permissions"],"duration":2,"failing":false,"failureDetails":[],"failureMessages":[],"fullName":"taskDashboard.service task permissions assignee can view, update status, comment; not edit details","invocations":1,"location":null,"numPassingAsserts":4,"retryReasons":[],"startAt":1784459947608,"status":"passed","title":"assignee can view, update status, comment; not edit details"},{"ancestorTitles":["taskDashboard.service","task permissions"],"duration":4,"failing":false,"failureDetails":[],"failureMessages":[],"fullName":"taskDashboard.service task permissions creator (not assignee) can view, edit details, comment; not update status","invocations":1,"location":null,"numPassingAsserts":4,"retryReasons":[],"startAt":1784459947610,"status":"passed","title":"creator (not assignee) can view, edit details, comment; not update status"},{"ancestorTitles":["taskDashboard.service","task permissions"],"duration":10,"failing":false,"failureDetails":[],"failureMessages":[],"fullName":"taskDashboard.service task permissions follow-up person can view and comment only","invocations":1,"location":null,"numPassingAsserts":8,"retryReasons":[],"startAt":1784459947615,"status":"passed","title":"follow-up person can view and comment only"},{"ancestorTitles":["taskDashboard.service","task permissions"],"duration":1,"failing":false,"failureDetails":[],"failureMessages":[],"fullName":"taskDashboard.service task permissions self-assigned user gets all capabilities","invocations":1,"location":null,"numPassingAsserts":3,"retryReasons":[],"startAt":1784459947625,"status":"passed","title":"self-assigned user gets all capabilities"},{"ancestorTitles":["taskDashboard.service","task permissions"],"duration":1,"failing":false,"failureDetails":[],"failureMessages":[],"fullName":"taskDashboard.service task permissions unrelated user denied","invocations":1,"location":null,"numPassingAsserts":4,"retryReasons":[],"startAt":1784459947627,"status":"passed","title":"unrelated user denied"},{"ancestorTitles":["taskDashboard.service","task permissions"],"duration":1,"failing":false,"failureDetails":[],"failureMessages":[],"fullName":"taskDashboard.service task permissions admin has all permissions","invocations":1,"location":null,"numPassingAsserts":3,"retryReasons":[],"startAt":1784459947628,"status":"passed","title":"admin has all permissions"},{"ancestorTitles":["taskDashboard.service","listTasksForDashboard bucket filters"],"duration":2,"failing":false,"failureDetails":[],"failureMessages":[],"fullName":"taskDashboard.service listTasksForDashboard bucket filters assigned_to_me filters by assignee or followUpPerson for regular user","invocations":1,"location":null,"numPassingAsserts":2,"retryReasons":[],"startAt":1784459947630,"status":"passed","title":"assigned_to_me filters by assignee or followUpPerson for regular user"},{"ancestorTitles":["taskDashboard.service","listTasksForDashboard bucket filters"],"duration":1,"failing":false,"failureDetails":[],"failureMessages":[],"fullName":"taskDashboard.service listTasksForDashboard bucket filters assigned_by_me filters by createdBy and excludes self-assignee","invocations":1,"location":null,"numPassingAsserts":2,"retryReasons":[],"startAt":1784459947632,"status":"passed","title":"assigned_by_me filters by createdBy and excludes self-assignee"},{"ancestorTitles":["taskDashboard.service","listTasksForDashboard bucket filters"],"duration":12,"failing":false,"failureDetails":[],"failureMessages":[],"fullName":"taskDashboard.service listTasksForDashboard bucket filters admin assigned_to_me filters by admin user id","invocations":1,"location":null,"numPassingAsserts":2,"retryReasons":[],"startAt":1784459947633,"status":"passed","title":"admin assigned_to_me filters by admin user id"},{"ancestorTitles":["taskDashboard.service","listTasksForDashboard bucket filters"],"duration":3,"failing":false,"failureDetails":[],"failureMessages":[],"fullName":"taskDashboard.service listTasksForDashboard bucket filters admin assigned_by_me filters by admin user id","invocations":1,"location":null,"numPassingAsserts":2,"retryReasons":[],"startAt":1784459947646,"status":"passed","title":"admin assigned_by_me filters by admin user id"},{"ancestorTitles":["taskDashboard.service","buildDueCalendarGrid"],"duration":100,"failing":false,"failureDetails":[],"failureMessages":[],"fullName":"taskDashboard.service buildDueCalendarGrid marks overdue, today, and upcoming cells","invocations":1,"location":null,"numPassingAsserts":4,"retryReasons":[],"startAt":1784459947660,"status":"passed","title":"marks overdue, today, and upcoming cells"},{"ancestorTitles":["taskDashboard.service","appendTaskAlertsScope"],"duration":2,"failing":false,"failureDetails":[],"failureMessages":[],"fullName":"taskDashboard.service appendTaskAlertsScope combines assigned-to-me and assigned-by-me buckets for regular user","invocations":1,"location":null,"numPassingAsserts":3,"retryReasons":[],"startAt":1784459947760,"status":"passed","title":"combines assigned-to-me and assigned-by-me buckets for regular user"},{"ancestorTitles":["taskDashboard.service","loadTaskAlerts"],"duration":4,"failing":false,"failureDetails":[],"failureMessages":[],"fullName":"taskDashboard.service loadTaskAlerts returns summed counts and open due/overdue items across both buckets","invocations":1,"location":null,"numPassingAsserts":6,"retryReasons":[],"startAt":1784459947763,"status":"passed","title":"returns summed counts and open due/overdue items across both buckets"},{"ancestorTitles":["taskDashboard.service","loadTaskDashboardSummary"],"duration":10,"failing":false,"failureDetails":[],"failureMessages":[],"fullName":"taskDashboard.service loadTaskDashboardSummary returns open counts, metrics, and calendar per bucket","invocations":1,"location":null,"numPassingAsserts":10,"retryReasons":[],"startAt":1784459947768,"status":"passed","title":"returns open counts, metrics, and calendar per bucket"},{"ancestorTitles":["taskDashboard.service","getStatusCountsForBucket"],"duration":2,"failing":false,"failureDetails":[],"failureMessages":[],"fullName":"taskDashboard.service getStatusCountsForBucket returns statusCounts and total","invocations":1,"location":null,"numPassingAsserts":2,"retryReasons":[],"startAt":1784459947778,"status":"passed","title":"returns statusCounts and total"},{"ancestorTitles":["taskDashboard.service","createTaskFromDashboard"],"duration":3,"failing":false,"failureDetails":[],"failureMessages":[],"fullName":"taskDashboard.service createTaskFromDashboard passes keysInRequest array to validateCrudPayloadForWrite","invocations":1,"location":null,"numPassingAsserts":2,"retryReasons":[],"startAt":1784459947780,"status":"passed","title":"passes keysInRequest array to validateCrudPayloadForWrite"},{"ancestorTitles":["taskDashboard.service","updateTaskFromDashboard"],"duration":3,"failing":false,"failureDetails":[],"failureMessages":[],"fullName":"taskDashboard.service updateTaskFromDashboard creator can update priority but not status","invocations":1,"location":null,"numPassingAsserts":2,"retryReasons":[],"startAt":1784459947783,"status":"passed","title":"creator can update priority but not status"},{"ancestorTitles":["taskDashboard.service","updateTaskFromDashboard"],"duration":1,"failing":false,"failureDetails":[],"failureMessages":[],"fullName":"taskDashboard.service updateTaskFromDashboard assignee can update status but not taskTitle","invocations":1,"location":null,"numPassingAsserts":2,"retryReasons":[],"startAt":1784459947786,"status":"passed","title":"assignee can update status but not taskTitle"},{"ancestorTitles":["taskDashboard.service","updateTaskFromDashboard"],"duration":6,"failing":false,"failureDetails":[],"failureMessages":[],"fullName":"taskDashboard.service updateTaskFromDashboard follow-up person cannot update status or details","invocations":1,"location":null,"numPassingAsserts":2,"retryReasons":[],"startAt":1784459947787,"status":"passed","title":"follow-up person cannot update status or details"},{"ancestorTitles":["taskDashboard.service","updateTaskFromDashboard"],"duration":5,"failing":false,"failureDetails":[],"failureMessages":[],"fullName":"taskDashboard.service updateTaskFromDashboard creator can update priority","invocations":1,"location":null,"numPassingAsserts":2,"retryReasons":[],"startAt":1784459947793,"status":"passed","title":"creator can update priority"},{"ancestorTitles":["taskDashboard.service","updateTaskFromDashboard"],"duration":1,"failing":false,"failureDetails":[],"failureMessages":[],"fullName":"taskDashboard.service updateTaskFromDashboard assignee can update status and comment","invocations":1,"location":null,"numPassingAsserts":1,"retryReasons":[],"startAt":1784459947799,"status":"passed","title":"assignee can update status and comment"}],"endTime":1784459947807,"message":"","name":"C:\\Users\\Amith Prasad\\Amith's Libraries\\NEW ERP\\tarka_new_erp\\tests\\jest\\taskDashboard.service.test.js","startTime":1784459943935,"status":"passed","summary":""}],"wasInterrupted":false}
