<?xml version="1.0" encoding="UTF-8"?>
<coverage generated="1783167947186" clover="3.2.0">
  <project timestamp="1783167947186" name="All files">
    <metrics statements="24" coveredstatements="24" conditionals="18" coveredconditionals="12" methods="7" coveredmethods="7" elements="49" coveredelements="43" complexity="0" loc="24" ncloc="24" packages="1" files="1" classes="1"/>
    <file name="viewColumnFilters.js" path="C:\Users\Amith Prasad\Amith's Libraries\NEW ERP\tarka_new_erp\lib\viewColumnFilters.js">
      <metrics statements="24" coveredstatements="24" conditionals="18" coveredconditionals="12" methods="7" coveredmethods="7"/>
      <line num="4" count="1" type="stmt"/>
      <line num="12" count="11" type="cond" truecount="1" falsecount="1"/>
      <line num="13" count="11" type="stmt"/>
      <line num="14" count="17" type="cond" truecount="3" falsecount="1"/>
      <line num="15" count="5" type="stmt"/>
      <line num="18" count="11" type="stmt"/>
      <line num="27" count="10" type="stmt"/>
      <line num="29" count="10" type="stmt"/>
      <line num="30" count="10" type="stmt"/>
      <line num="31" count="10" type="stmt"/>
      <line num="33" count="10" type="stmt"/>
      <line num="42" count="4" type="stmt"/>
      <line num="43" count="4" type="stmt"/>
      <line num="44" count="4" type="stmt"/>
      <line num="45" count="4" type="stmt"/>
      <line num="46" count="4" type="cond" truecount="1" falsecount="1"/>
      <line num="47" count="4" type="stmt"/>
      <line num="48" count="4" type="cond" truecount="1" falsecount="1"/>
      <line num="49" count="4" type="cond" truecount="2" falsecount="0"/>
      <line num="51" count="2" type="stmt"/>
      <line num="61" count="2" type="stmt"/>
      <line num="71" count="4" type="stmt"/>
      <line num="72" count="7" type="cond" truecount="2" falsecount="2"/>
      <line num="73" count="4" type="cond" truecount="2" falsecount="0"/>
    </file>
  </project>
</coverage>
