{"C:\\Users\\Amith Prasad\\Amith's Libraries\\NEW ERP\\tarka_new_erp\\lib\\audit.js": {"path":"C:\\Users\\Amith Prasad\\Amith's Libraries\\NEW ERP\\tarka_new_erp\\lib\\audit.js","statementMap":{"0":{"start":{"line":46,"column":14},"end":{"line":46,"column":47}},"1":{"start":{"line":47,"column":14},"end":{"line":47,"column":28}},"2":{"start":{"line":48,"column":13},"end":{"line":48,"column":43}},"3":{"start":{"line":49,"column":2},"end":{"line":65,"column":4}}},"fnMap":{"0":{"name":"writeAuditLog","decl":{"start":{"line":36,"column":22},"end":{"line":36,"column":35}},"loc":{"start":{"line":43,"column":3},"end":{"line":66,"column":1}},"line":43}},"branchMap":{"0":{"loc":{"start":{"line":40,"column":2},"end":{"line":40,"column":17}},"type":"default-arg","locations":[{"start":{"line":40,"column":13},"end":{"line":40,"column":17}}],"line":40},"1":{"loc":{"start":{"line":41,"column":2},"end":{"line":41,"column":16}},"type":"default-arg","locations":[{"start":{"line":41,"column":12},"end":{"line":41,"column":16}}],"line":41},"2":{"loc":{"start":{"line":42,"column":2},"end":{"line":42,"column":16}},"type":"default-arg","locations":[{"start":{"line":42,"column":12},"end":{"line":42,"column":16}}],"line":42},"3":{"loc":{"start":{"line":47,"column":14},"end":{"line":47,"column":28}},"type":"binary-expr","locations":[{"start":{"line":47,"column":14},"end":{"line":47,"column":20}},{"start":{"line":47,"column":24},"end":{"line":47,"column":28}}],"line":47},"4":{"loc":{"start":{"line":55,"column":6},"end":{"line":55,"column":24}},"type":"binary-expr","locations":[{"start":{"line":55,"column":6},"end":{"line":55,"column":16}},{"start":{"line":55,"column":20},"end":{"line":55,"column":24}}],"line":55},"5":{"loc":{"start":{"line":56,"column":6},"end":{"line":56,"column":20}},"type":"binary-expr","locations":[{"start":{"line":56,"column":6},"end":{"line":56,"column":12}},{"start":{"line":56,"column":16},"end":{"line":56,"column":20}}],"line":56},"6":{"loc":{"start":{"line":57,"column":6},"end":{"line":57,"column":22}},"type":"binary-expr","locations":[{"start":{"line":57,"column":6},"end":{"line":57,"column":14}},{"start":{"line":57,"column":18},"end":{"line":57,"column":22}}],"line":57},"7":{"loc":{"start":{"line":58,"column":6},"end":{"line":58,"column":46}},"type":"cond-expr","locations":[{"start":{"line":58,"column":16},"end":{"line":58,"column":39}},{"start":{"line":58,"column":42},"end":{"line":58,"column":46}}],"line":58},"8":{"loc":{"start":{"line":59,"column":6},"end":{"line":59,"column":46}},"type":"cond-expr","locations":[{"start":{"line":59,"column":16},"end":{"line":59,"column":39}},{"start":{"line":59,"column":42},"end":{"line":59,"column":46}}],"line":59}},"s":{"0":8,"1":8,"2":8,"3":8},"f":{"0":8},"b":{"0":[0],"1":[0],"2":[0],"3":[8,1],"4":[8,0],"5":[8,0],"6":[8,0],"7":[5,3],"8":[6,1]},"_coverageSchema":"1a1c01bbd47fc00a2c39e90264f33305004495a9","hash":"1e616fa88d07d1f22c1273a5731dc9cc540331c1"}
,"C:\\Users\\Amith Prasad\\Amith's Libraries\\NEW ERP\\tarka_new_erp\\lib\\auth.js": {"path":"C:\\Users\\Amith Prasad\\Amith's Libraries\\NEW ERP\\tarka_new_erp\\lib\\auth.js","statementMap":{"0":{"start":{"line":24,"column":2},"end":{"line":24,"column":54}},"1":{"start":{"line":24,"column":41},"end":{"line":24,"column":54}},"2":{"start":{"line":25,"column":12},"end":{"line":25,"column":58}},"3":{"start":{"line":26,"column":2},"end":{"line":26,"column":21}},"4":{"start":{"line":39,"column":26},"end":{"line":39,"column":66}},"5":{"start":{"line":40,"column":24},"end":{"line":40,"column":46}},"6":{"start":{"line":41,"column":13},"end":{"line":41,"column":38}},"7":{"start":{"line":42,"column":17},"end":{"line":42,"column":96}},"8":{"start":{"line":43,"column":2},"end":{"line":43,"column":60}},"9":{"start":{"line":43,"column":20},"end":{"line":43,"column":60}},"10":{"start":{"line":44,"column":15},"end":{"line":44,"column":22}},"11":{"start":{"line":45,"column":25},"end":{"line":45,"column":66}},"12":{"start":{"line":46,"column":11},"end":{"line":46,"column":16}},"13":{"start":{"line":47,"column":2},"end":{"line":51,"column":3}},"14":{"start":{"line":48,"column":4},"end":{"line":48,"column":59}},"15":{"start":{"line":50,"column":4},"end":{"line":50,"column":15}},"16":{"start":{"line":53,"column":2},"end":{"line":55,"column":3}},"17":{"start":{"line":54,"column":4},"end":{"line":54,"column":42}},"18":{"start":{"line":57,"column":2},"end":{"line":57,"column":51}},"19":{"start":{"line":57,"column":11},"end":{"line":57,"column":51}},"20":{"start":{"line":58,"column":2},"end":{"line":58,"column":61}},"21":{"start":{"line":58,"column":32},"end":{"line":58,"column":61}},"22":{"start":{"line":59,"column":2},"end":{"line":59,"column":18}}},"fnMap":{"0":{"name":"isUserLoginActive","decl":{"start":{"line":23,"column":9},"end":{"line":23,"column":26}},"loc":{"start":{"line":23,"column":33},"end":{"line":27,"column":1}},"line":23},"1":{"name":"authenticateLogin","decl":{"start":{"line":38,"column":22},"end":{"line":38,"column":39}},"loc":{"start":{"line":38,"column":57},"end":{"line":60,"column":1}},"line":38}},"branchMap":{"0":{"loc":{"start":{"line":24,"column":2},"end":{"line":24,"column":54}},"type":"if","locations":[{"start":{"line":24,"column":2},"end":{"line":24,"column":54}},{"start":{},"end":{}}],"line":24},"1":{"loc":{"start":{"line":24,"column":6},"end":{"line":24,"column":39}},"type":"binary-expr","locations":[{"start":{"line":24,"column":6},"end":{"line":24,"column":11}},{"start":{"line":24,"column":15},"end":{"line":24,"column":39}}],"line":24},"2":{"loc":{"start":{"line":25,"column":19},"end":{"line":25,"column":36}},"type":"binary-expr","locations":[{"start":{"line":25,"column":19},"end":{"line":25,"column":30}},{"start":{"line":25,"column":34},"end":{"line":25,"column":36}}],"line":25},"3":{"loc":{"start":{"line":39,"column":33},"end":{"line":39,"column":44}},"type":"binary-expr","locations":[{"start":{"line":39,"column":33},"end":{"line":39,"column":38}},{"start":{"line":39,"column":42},"end":{"line":39,"column":44}}],"line":39},"4":{"loc":{"start":{"line":40,"column":31},"end":{"line":40,"column":45}},"type":"binary-expr","locations":[{"start":{"line":40,"column":31},"end":{"line":40,"column":39}},{"start":{"line":40,"column":43},"end":{"line":40,"column":45}}],"line":40},"5":{"loc":{"start":{"line":43,"column":2},"end":{"line":43,"column":60}},"type":"if","locations":[{"start":{"line":43,"column":2},"end":{"line":43,"column":60}},{"start":{},"end":{}}],"line":43},"6":{"loc":{"start":{"line":45,"column":25},"end":{"line":45,"column":66}},"type":"binary-expr","locations":[{"start":{"line":45,"column":25},"end":{"line":45,"column":38}},{"start":{"line":45,"column":42},"end":{"line":45,"column":60}},{"start":{"line":45,"column":64},"end":{"line":45,"column":66}}],"line":45},"7":{"loc":{"start":{"line":53,"column":2},"end":{"line":55,"column":3}},"type":"if","locations":[{"start":{"line":53,"column":2},"end":{"line":55,"column":3}},{"start":{},"end":{}}],"line":53},"8":{"loc":{"start":{"line":53,"column":6},"end":{"line":53,"column":27}},"type":"binary-expr","locations":[{"start":{"line":53,"column":6},"end":{"line":53,"column":9}},{"start":{"line":53,"column":13},"end":{"line":53,"column":27}}],"line":53},"9":{"loc":{"start":{"line":57,"column":2},"end":{"line":57,"column":51}},"type":"if","locations":[{"start":{"line":57,"column":2},"end":{"line":57,"column":51}},{"start":{},"end":{}}],"line":57},"10":{"loc":{"start":{"line":58,"column":2},"end":{"line":58,"column":61}},"type":"if","locations":[{"start":{"line":58,"column":2},"end":{"line":58,"column":61}},{"start":{},"end":{}}],"line":58}},"s":{"0":3,"1":0,"2":3,"3":3,"4":11,"5":11,"6":11,"7":11,"8":10,"9":3,"10":7,"11":7,"12":6,"13":6,"14":6,"15":2,"16":6,"17":4,"18":6,"19":3,"20":3,"21":1,"22":2},"f":{"0":3,"1":11},"b":{"0":[0,3],"1":[3,3],"2":[3,0],"3":[11,1],"4":[11,1],"5":[3,7],"6":[7,0,0],"7":[4,2],"8":[6,4],"9":[3,3],"10":[1,2]},"_coverageSchema":"1a1c01bbd47fc00a2c39e90264f33305004495a9","hash":"ff8084bf117929403b8324b4d9886e53563e3a31"}
,"C:\\Users\\Amith Prasad\\Amith's Libraries\\NEW ERP\\tarka_new_erp\\lib\\childTablesSync.js": {"path":"C:\\Users\\Amith Prasad\\Amith's Libraries\\NEW ERP\\tarka_new_erp\\lib\\childTablesSync.js","statementMap":{"0":{"start":{"line":9,"column":12},"end":{"line":9,"column":42}},"1":{"start":{"line":10,"column":13},"end":{"line":10,"column":72}},"2":{"start":{"line":10,"column":58},"end":{"line":10,"column":71}},"3":{"start":{"line":11,"column":2},"end":{"line":13,"column":3}},"4":{"start":{"line":12,"column":4},"end":{"line":12,"column":96}},"5":{"start":{"line":23,"column":16},"end":{"line":23,"column":56}},"6":{"start":{"line":24,"column":2},"end":{"line":36,"column":3}},"7":{"start":{"line":25,"column":14},"end":{"line":25,"column":25}},"8":{"start":{"line":26,"column":18},"end":{"line":26,"column":59}},"9":{"start":{"line":27,"column":4},"end":{"line":29,"column":5}},"10":{"start":{"line":28,"column":6},"end":{"line":28,"column":80}},"11":{"start":{"line":30,"column":4},"end":{"line":35,"column":5}},"12":{"start":{"line":31,"column":16},"end":{"line":31,"column":25}},"13":{"start":{"line":32,"column":6},"end":{"line":34,"column":7}},"14":{"start":{"line":33,"column":8},"end":{"line":33,"column":93}},"15":{"start":{"line":37,"column":2},"end":{"line":37,"column":14}},"16":{"start":{"line":46,"column":16},"end":{"line":46,"column":67}},"17":{"start":{"line":46,"column":46},"end":{"line":46,"column":66}},"18":{"start":{"line":47,"column":15},"end":{"line":47,"column":26}},"19":{"start":{"line":48,"column":2},"end":{"line":48,"column":47}},"20":{"start":{"line":48,"column":35},"end":{"line":48,"column":47}},"21":{"start":{"line":49,"column":2},"end":{"line":52,"column":3}},"22":{"start":{"line":50,"column":14},"end":{"line":50,"column":23}},"23":{"start":{"line":51,"column":4},"end":{"line":51,"column":41}},"24":{"start":{"line":53,"column":2},"end":{"line":55,"column":3}},"25":{"start":{"line":54,"column":4},"end":{"line":54,"column":41}},"26":{"start":{"line":56,"column":2},"end":{"line":56,"column":11}},"27":{"start":{"line":68,"column":19},"end":{"line":68,"column":43}},"28":{"start":{"line":69,"column":2},"end":{"line":69,"column":32}},"29":{"start":{"line":69,"column":25},"end":{"line":69,"column":32}},"30":{"start":{"line":70,"column":2},"end":{"line":70,"column":75}},"31":{"start":{"line":70,"column":68},"end":{"line":70,"column":75}},"32":{"start":{"line":72,"column":2},"end":{"line":111,"column":3}},"33":{"start":{"line":73,"column":21},"end":{"line":73,"column":39}},"34":{"start":{"line":74,"column":17},"end":{"line":74,"column":41}},"35":{"start":{"line":75,"column":4},"end":{"line":75,"column":37}},"36":{"start":{"line":75,"column":28},"end":{"line":75,"column":37}},"37":{"start":{"line":76,"column":4},"end":{"line":78,"column":5}},"38":{"start":{"line":77,"column":6},"end":{"line":77,"column":98}},"39":{"start":{"line":80,"column":4},"end":{"line":80,"column":52}},"40":{"start":{"line":81,"column":20},"end":{"line":81,"column":50}},"41":{"start":{"line":82,"column":20},"end":{"line":82,"column":44}},"42":{"start":{"line":83,"column":17},"end":{"line":83,"column":40}},"43":{"start":{"line":84,"column":23},"end":{"line":84,"column":59}},"44":{"start":{"line":84,"column":52},"end":{"line":84,"column":58}},"45":{"start":{"line":86,"column":4},"end":{"line":86,"column":77}},"46":{"start":{"line":88,"column":4},"end":{"line":110,"column":5}},"47":{"start":{"line":88,"column":17},"end":{"line":88,"column":18}},"48":{"start":{"line":89,"column":18},"end":{"line":89,"column":25}},"49":{"start":{"line":90,"column":6},"end":{"line":92,"column":7}},"50":{"start":{"line":91,"column":8},"end":{"line":91,"column":100}},"51":{"start":{"line":93,"column":18},"end":{"line":93,"column":51}},"52":{"start":{"line":94,"column":6},"end":{"line":96,"column":7}},"53":{"start":{"line":95,"column":8},"end":{"line":95,"column":76}},"54":{"start":{"line":98,"column":19},"end":{"line":98,"column":43}},"55":{"start":{"line":99,"column":26},"end":{"line":99,"column":60}},"56":{"start":{"line":99,"column":42},"end":{"line":99,"column":59}},"57":{"start":{"line":100,"column":27},"end":{"line":100,"column":57}},"58":{"start":{"line":100,"column":42},"end":{"line":100,"column":45}},"59":{"start":{"line":101,"column":21},"end":{"line":104,"column":7}},"60":{"start":{"line":103,"column":36},"end":{"line":103,"column":73}},"61":{"start":{"line":106,"column":6},"end":{"line":109,"column":8}}},"fnMap":{"0":{"name":"assertChildTableAllowed","decl":{"start":{"line":8,"column":9},"end":{"line":8,"column":32}},"loc":{"start":{"line":8,"column":58},"end":{"line":14,"column":1}},"line":8},"1":{"name":"(anonymous_1)","decl":{"start":{"line":10,"column":51},"end":{"line":10,"column":52}},"loc":{"start":{"line":10,"column":58},"end":{"line":10,"column":71}},"line":10},"2":{"name":"validateChildTableRow","decl":{"start":{"line":22,"column":9},"end":{"line":22,"column":30}},"loc":{"start":{"line":22,"column":50},"end":{"line":38,"column":1}},"line":22},"3":{"name":"coerceChildValue","decl":{"start":{"line":45,"column":9},"end":{"line":45,"column":25}},"loc":{"start":{"line":45,"column":44},"end":{"line":57,"column":1}},"line":45},"4":{"name":"(anonymous_4)","decl":{"start":{"line":46,"column":39},"end":{"line":46,"column":40}},"loc":{"start":{"line":46,"column":46},"end":{"line":46,"column":66}},"line":46},"5":{"name":"syncChildTablesInTransaction","decl":{"start":{"line":67,"column":22},"end":{"line":67,"column":50}},"loc":{"start":{"line":67,"column":97},"end":{"line":112,"column":1}},"line":67},"6":{"name":"(anonymous_6)","decl":{"start":{"line":84,"column":45},"end":{"line":84,"column":46}},"loc":{"start":{"line":84,"column":52},"end":{"line":84,"column":58}},"line":84},"7":{"name":"(anonymous_7)","decl":{"start":{"line":99,"column":35},"end":{"line":99,"column":36}},"loc":{"start":{"line":99,"column":42},"end":{"line":99,"column":59}},"line":99},"8":{"name":"(anonymous_8)","decl":{"start":{"line":100,"column":36},"end":{"line":100,"column":37}},"loc":{"start":{"line":100,"column":42},"end":{"line":100,"column":45}},"line":100},"9":{"name":"(anonymous_9)","decl":{"start":{"line":103,"column":26},"end":{"line":103,"column":27}},"loc":{"start":{"line":103,"column":36},"end":{"line":103,"column":73}},"line":103}},"branchMap":{"0":{"loc":{"start":{"line":9,"column":19},"end":{"line":9,"column":34}},"type":"binary-expr","locations":[{"start":{"line":9,"column":19},"end":{"line":9,"column":28}},{"start":{"line":9,"column":32},"end":{"line":9,"column":34}}],"line":9},"1":{"loc":{"start":{"line":10,"column":14},"end":{"line":10,"column":44}},"type":"binary-expr","locations":[{"start":{"line":10,"column":14},"end":{"line":10,"column":38}},{"start":{"line":10,"column":42},"end":{"line":10,"column":44}}],"line":10},"2":{"loc":{"start":{"line":11,"column":2},"end":{"line":13,"column":3}},"type":"if","locations":[{"start":{"line":11,"column":2},"end":{"line":13,"column":3}},{"start":{},"end":{}}],"line":11},"3":{"loc":{"start":{"line":23,"column":16},"end":{"line":23,"column":56}},"type":"binary-expr","locations":[{"start":{"line":23,"column":16},"end":{"line":23,"column":24}},{"start":{"line":23,"column":28},"end":{"line":23,"column":34}},{"start":{"line":23,"column":38},"end":{"line":23,"column":46}},{"start":{"line":23,"column":50},"end":{"line":23,"column":56}}],"line":23},"4":{"loc":{"start":{"line":24,"column":18},"end":{"line":24,"column":33}},"type":"binary-expr","locations":[{"start":{"line":24,"column":18},"end":{"line":24,"column":27}},{"start":{"line":24,"column":31},"end":{"line":24,"column":33}}],"line":24},"5":{"loc":{"start":{"line":26,"column":18},"end":{"line":26,"column":59}},"type":"binary-expr","locations":[{"start":{"line":26,"column":18},"end":{"line":26,"column":26}},{"start":{"line":26,"column":30},"end":{"line":26,"column":45}},{"start":{"line":26,"column":49},"end":{"line":26,"column":59}}],"line":26},"6":{"loc":{"start":{"line":27,"column":4},"end":{"line":29,"column":5}},"type":"if","locations":[{"start":{"line":27,"column":4},"end":{"line":29,"column":5}},{"start":{},"end":{}}],"line":27},"7":{"loc":{"start":{"line":27,"column":8},"end":{"line":27,"column":27}},"type":"binary-expr","locations":[{"start":{"line":27,"column":8},"end":{"line":27,"column":18}},{"start":{"line":27,"column":22},"end":{"line":27,"column":27}}],"line":27},"8":{"loc":{"start":{"line":28,"column":47},"end":{"line":28,"column":64}},"type":"binary-expr","locations":[{"start":{"line":28,"column":47},"end":{"line":28,"column":54}},{"start":{"line":28,"column":58},"end":{"line":28,"column":64}}],"line":28},"9":{"loc":{"start":{"line":30,"column":4},"end":{"line":35,"column":5}},"type":"if","locations":[{"start":{"line":30,"column":4},"end":{"line":35,"column":5}},{"start":{},"end":{}}],"line":30},"10":{"loc":{"start":{"line":30,"column":8},"end":{"line":30,"column":37}},"type":"binary-expr","locations":[{"start":{"line":30,"column":8},"end":{"line":30,"column":14}},{"start":{"line":30,"column":18},"end":{"line":30,"column":37}}],"line":30},"11":{"loc":{"start":{"line":32,"column":6},"end":{"line":34,"column":7}},"type":"if","locations":[{"start":{"line":32,"column":6},"end":{"line":34,"column":7}},{"start":{},"end":{}}],"line":32},"12":{"loc":{"start":{"line":33,"column":49},"end":{"line":33,"column":66}},"type":"binary-expr","locations":[{"start":{"line":33,"column":49},"end":{"line":33,"column":56}},{"start":{"line":33,"column":60},"end":{"line":33,"column":66}}],"line":33},"13":{"loc":{"start":{"line":46,"column":17},"end":{"line":46,"column":32}},"type":"binary-expr","locations":[{"start":{"line":46,"column":17},"end":{"line":46,"column":26}},{"start":{"line":46,"column":30},"end":{"line":46,"column":32}}],"line":46},"14":{"loc":{"start":{"line":48,"column":2},"end":{"line":48,"column":47}},"type":"if","locations":[{"start":{"line":48,"column":2},"end":{"line":48,"column":47}},{"start":{},"end":{}}],"line":48},"15":{"loc":{"start":{"line":48,"column":6},"end":{"line":48,"column":33}},"type":"binary-expr","locations":[{"start":{"line":48,"column":6},"end":{"line":48,"column":14}},{"start":{"line":48,"column":18},"end":{"line":48,"column":33}}],"line":48},"16":{"loc":{"start":{"line":49,"column":2},"end":{"line":52,"column":3}},"type":"if","locations":[{"start":{"line":49,"column":2},"end":{"line":52,"column":3}},{"start":{},"end":{}}],"line":49},"17":{"loc":{"start":{"line":51,"column":11},"end":{"line":51,"column":40}},"type":"cond-expr","locations":[{"start":{"line":51,"column":32},"end":{"line":51,"column":33}},{"start":{"line":51,"column":36},"end":{"line":51,"column":40}}],"line":51},"18":{"loc":{"start":{"line":53,"column":2},"end":{"line":55,"column":3}},"type":"if","locations":[{"start":{"line":53,"column":2},"end":{"line":55,"column":3}},{"start":{},"end":{}}],"line":53},"19":{"loc":{"start":{"line":54,"column":11},"end":{"line":54,"column":40}},"type":"cond-expr","locations":[{"start":{"line":54,"column":24},"end":{"line":54,"column":28}},{"start":{"line":54,"column":31},"end":{"line":54,"column":40}}],"line":54},"20":{"loc":{"start":{"line":69,"column":2},"end":{"line":69,"column":32}},"type":"if","locations":[{"start":{"line":69,"column":2},"end":{"line":69,"column":32}},{"start":{},"end":{}}],"line":69},"21":{"loc":{"start":{"line":70,"column":2},"end":{"line":70,"column":75}},"type":"if","locations":[{"start":{"line":70,"column":2},"end":{"line":70,"column":75}},{"start":{},"end":{}}],"line":70},"22":{"loc":{"start":{"line":70,"column":6},"end":{"line":70,"column":66}},"type":"binary-expr","locations":[{"start":{"line":70,"column":6},"end":{"line":70,"column":28}},{"start":{"line":70,"column":32},"end":{"line":70,"column":66}}],"line":70},"23":{"loc":{"start":{"line":73,"column":21},"end":{"line":73,"column":39}},"type":"binary-expr","locations":[{"start":{"line":73,"column":21},"end":{"line":73,"column":27}},{"start":{"line":73,"column":31},"end":{"line":73,"column":39}}],"line":73},"24":{"loc":{"start":{"line":75,"column":4},"end":{"line":75,"column":37}},"type":"if","locations":[{"start":{"line":75,"column":4},"end":{"line":75,"column":37}},{"start":{},"end":{}}],"line":75},"25":{"loc":{"start":{"line":76,"column":4},"end":{"line":78,"column":5}},"type":"if","locations":[{"start":{"line":76,"column":4},"end":{"line":78,"column":5}},{"start":{},"end":{}}],"line":76},"26":{"loc":{"start":{"line":81,"column":20},"end":{"line":81,"column":50}},"type":"binary-expr","locations":[{"start":{"line":81,"column":20},"end":{"line":81,"column":36}},{"start":{"line":81,"column":40},"end":{"line":81,"column":50}}],"line":81},"27":{"loc":{"start":{"line":84,"column":24},"end":{"line":84,"column":39}},"type":"binary-expr","locations":[{"start":{"line":84,"column":24},"end":{"line":84,"column":33}},{"start":{"line":84,"column":37},"end":{"line":84,"column":39}}],"line":84},"28":{"loc":{"start":{"line":90,"column":6},"end":{"line":92,"column":7}},"type":"if","locations":[{"start":{"line":90,"column":6},"end":{"line":92,"column":7}},{"start":{},"end":{}}],"line":90},"29":{"loc":{"start":{"line":90,"column":10},"end":{"line":90,"column":41}},"type":"binary-expr","locations":[{"start":{"line":90,"column":10},"end":{"line":90,"column":14}},{"start":{"line":90,"column":18},"end":{"line":90,"column":41}}],"line":90},"30":{"loc":{"start":{"line":94,"column":6},"end":{"line":96,"column":7}},"type":"if","locations":[{"start":{"line":94,"column":6},"end":{"line":96,"column":7}},{"start":{},"end":{}}],"line":94}},"s":{"0":9,"1":9,"2":9,"3":9,"4":1,"5":7,"6":7,"7":14,"8":14,"9":14,"10":1,"11":13,"12":5,"13":5,"14":1,"15":5,"16":11,"17":18,"18":11,"19":11,"20":3,"21":8,"22":4,"23":4,"24":4,"25":0,"26":4,"27":11,"28":11,"29":0,"30":11,"31":0,"32":11,"33":11,"34":11,"35":11,"36":1,"37":10,"38":1,"39":9,"40":8,"41":8,"42":8,"43":8,"44":17,"45":8,"46":8,"47":8,"48":8,"49":8,"50":1,"51":7,"52":7,"53":2,"54":5,"55":5,"56":16,"57":5,"58":16,"59":5,"60":11,"61":5},"f":{"0":9,"1":9,"2":7,"3":11,"4":18,"5":11,"6":17,"7":16,"8":16,"9":11},"b":{"0":[9,1],"1":[9,0],"2":[1,8],"3":[7,1,0,0],"4":[7,0],"5":[14,11,10],"6":[1,13],"7":[14,11],"8":[1,0],"9":[5,8],"10":[13,10],"11":[1,4],"12":[1,0],"13":[11,0],"14":[3,8],"15":[11,9],"16":[4,4],"17":[4,0],"18":[0,4],"19":[0,0],"20":[0,11],"21":[0,11],"22":[11,11],"23":[11,0],"24":[1,10],"25":[1,9],"26":[8,0],"27":[8,0],"28":[1,7],"29":[8,7],"30":[2,5]},"_coverageSchema":"1a1c01bbd47fc00a2c39e90264f33305004495a9","hash":"f58b3cd02642f6fb6302da53030b4084b177f5b2"}
,"C:\\Users\\Amith Prasad\\Amith's Libraries\\NEW ERP\\tarka_new_erp\\lib\\crudListSearch.js": {"path":"C:\\Users\\Amith Prasad\\Amith's Libraries\\NEW ERP\\tarka_new_erp\\lib\\crudListSearch.js","statementMap":{"0":{"start":{"line":34,"column":15},"end":{"line":34,"column":42}},"1":{"start":{"line":35,"column":2},"end":{"line":35,"column":20}},"2":{"start":{"line":35,"column":13},"end":{"line":35,"column":20}},"3":{"start":{"line":36,"column":15},"end":{"line":36,"column":26}},"4":{"start":{"line":38,"column":15},"end":{"line":38,"column":57}},"5":{"start":{"line":39,"column":2},"end":{"line":39,"column":27}},"6":{"start":{"line":39,"column":20},"end":{"line":39,"column":27}},"7":{"start":{"line":41,"column":2},"end":{"line":45,"column":3}},"8":{"start":{"line":42,"column":4},"end":{"line":42,"column":57}},"9":{"start":{"line":43,"column":4},"end":{"line":43,"column":27}},"10":{"start":{"line":44,"column":4},"end":{"line":44,"column":11}},"11":{"start":{"line":46,"column":16},"end":{"line":46,"column":62}},"12":{"start":{"line":46,"column":32},"end":{"line":46,"column":61}},"13":{"start":{"line":47,"column":2},"end":{"line":47,"column":45}},"14":{"start":{"line":48,"column":2},"end":{"line":48,"column":63}},"15":{"start":{"line":48,"column":15},"end":{"line":48,"column":16}},"16":{"start":{"line":48,"column":40},"end":{"line":48,"column":63}},"17":{"start":{"line":67,"column":18},"end":{"line":67,"column":47}},"18":{"start":{"line":68,"column":2},"end":{"line":68,"column":23}},"19":{"start":{"line":68,"column":16},"end":{"line":68,"column":23}},"20":{"start":{"line":69,"column":17},"end":{"line":69,"column":29}},"21":{"start":{"line":70,"column":2},"end":{"line":70,"column":22}},"22":{"start":{"line":70,"column":15},"end":{"line":70,"column":22}},"23":{"start":{"line":71,"column":17},"end":{"line":71,"column":39}},"24":{"start":{"line":72,"column":2},"end":{"line":72,"column":29}},"25":{"start":{"line":72,"column":22},"end":{"line":72,"column":29}},"26":{"start":{"line":74,"column":21},"end":{"line":74,"column":62}},"27":{"start":{"line":75,"column":2},"end":{"line":75,"column":33}},"28":{"start":{"line":75,"column":26},"end":{"line":75,"column":33}},"29":{"start":{"line":77,"column":14},"end":{"line":77,"column":39}},"30":{"start":{"line":78,"column":13},"end":{"line":78,"column":52}},"31":{"start":{"line":79,"column":13},"end":{"line":79,"column":46}},"32":{"start":{"line":80,"column":15},"end":{"line":80,"column":29}},"33":{"start":{"line":82,"column":2},"end":{"line":87,"column":3}},"34":{"start":{"line":83,"column":15},"end":{"line":83,"column":44}},"35":{"start":{"line":84,"column":4},"end":{"line":84,"column":78}},"36":{"start":{"line":85,"column":4},"end":{"line":85,"column":27}},"37":{"start":{"line":86,"column":4},"end":{"line":86,"column":11}},"38":{"start":{"line":88,"column":19},"end":{"line":88,"column":71}},"39":{"start":{"line":88,"column":41},"end":{"line":88,"column":70}},"40":{"start":{"line":89,"column":2},"end":{"line":89,"column":90}},"41":{"start":{"line":90,"column":2},"end":{"line":90,"column":69}},"42":{"start":{"line":90,"column":15},"end":{"line":90,"column":16}},"43":{"start":{"line":90,"column":46},"end":{"line":90,"column":69}}},"fnMap":{"0":{"name":"appendGlobalSearchClause","decl":{"start":{"line":33,"column":16},"end":{"line":33,"column":40}},"loc":{"start":{"line":33,"column":88},"end":{"line":49,"column":1}},"line":33},"1":{"name":"(anonymous_1)","decl":{"start":{"line":46,"column":25},"end":{"line":46,"column":26}},"loc":{"start":{"line":46,"column":32},"end":{"line":46,"column":61}},"line":46},"2":{"name":"appendLookupFkFilter","decl":{"start":{"line":66,"column":16},"end":{"line":66,"column":36}},"loc":{"start":{"line":66,"column":90},"end":{"line":91,"column":1}},"line":66},"3":{"name":"(anonymous_3)","decl":{"start":{"line":88,"column":34},"end":{"line":88,"column":35}},"loc":{"start":{"line":88,"column":41},"end":{"line":88,"column":70}},"line":88}},"branchMap":{"0":{"loc":{"start":{"line":34,"column":22},"end":{"line":34,"column":34}},"type":"binary-expr","locations":[{"start":{"line":34,"column":22},"end":{"line":34,"column":28}},{"start":{"line":34,"column":32},"end":{"line":34,"column":34}}],"line":34},"1":{"loc":{"start":{"line":35,"column":2},"end":{"line":35,"column":20}},"type":"if","locations":[{"start":{"line":35,"column":2},"end":{"line":35,"column":20}},{"start":{},"end":{}}],"line":35},"2":{"loc":{"start":{"line":39,"column":2},"end":{"line":39,"column":27}},"type":"if","locations":[{"start":{"line":39,"column":2},"end":{"line":39,"column":27}},{"start":{},"end":{}}],"line":39},"3":{"loc":{"start":{"line":41,"column":2},"end":{"line":45,"column":3}},"type":"if","locations":[{"start":{"line":41,"column":2},"end":{"line":45,"column":3}},{"start":{},"end":{}}],"line":41},"4":{"loc":{"start":{"line":67,"column":25},"end":{"line":67,"column":39}},"type":"binary-expr","locations":[{"start":{"line":67,"column":25},"end":{"line":67,"column":33}},{"start":{"line":67,"column":37},"end":{"line":67,"column":39}}],"line":67},"5":{"loc":{"start":{"line":68,"column":2},"end":{"line":68,"column":23}},"type":"if","locations":[{"start":{"line":68,"column":2},"end":{"line":68,"column":23}},{"start":{},"end":{}}],"line":68},"6":{"loc":{"start":{"line":70,"column":2},"end":{"line":70,"column":22}},"type":"if","locations":[{"start":{"line":70,"column":2},"end":{"line":70,"column":22}},{"start":{},"end":{}}],"line":70},"7":{"loc":{"start":{"line":72,"column":2},"end":{"line":72,"column":29}},"type":"if","locations":[{"start":{"line":72,"column":2},"end":{"line":72,"column":29}},{"start":{},"end":{}}],"line":72},"8":{"loc":{"start":{"line":75,"column":2},"end":{"line":75,"column":33}},"type":"if","locations":[{"start":{"line":75,"column":2},"end":{"line":75,"column":33}},{"start":{},"end":{}}],"line":75},"9":{"loc":{"start":{"line":82,"column":2},"end":{"line":87,"column":3}},"type":"if","locations":[{"start":{"line":82,"column":2},"end":{"line":87,"column":3}},{"start":{},"end":{}}],"line":82}},"s":{"0":5,"1":5,"2":1,"3":4,"4":4,"5":4,"6":1,"7":3,"8":2,"9":2,"10":2,"11":1,"12":2,"13":1,"14":1,"15":1,"16":2,"17":6,"18":6,"19":1,"20":5,"21":5,"22":1,"23":4,"24":4,"25":1,"26":3,"27":3,"28":0,"29":3,"30":3,"31":3,"32":3,"33":3,"34":2,"35":2,"36":2,"37":2,"38":1,"39":2,"40":1,"41":1,"42":1,"43":2},"f":{"0":5,"1":2,"2":6,"3":2},"b":{"0":[5,0],"1":[1,4],"2":[1,3],"3":[2,1],"4":[6,0],"5":[1,5],"6":[1,4],"7":[1,3],"8":[0,3],"9":[2,1]},"_coverageSchema":"1a1c01bbd47fc00a2c39e90264f33305004495a9","hash":"c6736f9cbc264a8a7c9c77567b1e1761ab4651d1"}
,"C:\\Users\\Amith Prasad\\Amith's Libraries\\NEW ERP\\tarka_new_erp\\lib\\crudNormalize.js": {"path":"C:\\Users\\Amith Prasad\\Amith's Libraries\\NEW ERP\\tarka_new_erp\\lib\\crudNormalize.js","statementMap":{"0":{"start":{"line":10,"column":14},"end":{"line":10,"column":25}},"1":{"start":{"line":11,"column":2},"end":{"line":36,"column":3}},"2":{"start":{"line":12,"column":4},"end":{"line":23,"column":5}},"3":{"start":{"line":14,"column":18},"end":{"line":14,"column":24}},"4":{"start":{"line":15,"column":6},"end":{"line":15,"column":68}},"5":{"start":{"line":15,"column":59},"end":{"line":15,"column":68}},"6":{"start":{"line":16,"column":16},"end":{"line":16,"column":24}},"7":{"start":{"line":17,"column":6},"end":{"line":21,"column":7}},"8":{"start":{"line":18,"column":8},"end":{"line":18,"column":24}},"9":{"start":{"line":20,"column":8},"end":{"line":20,"column":29}},"10":{"start":{"line":22,"column":6},"end":{"line":22,"column":15}},"11":{"start":{"line":24,"column":4},"end":{"line":24,"column":36}},"12":{"start":{"line":24,"column":27},"end":{"line":24,"column":36}},"13":{"start":{"line":26,"column":16},"end":{"line":26,"column":22}},"14":{"start":{"line":27,"column":4},"end":{"line":27,"column":66}},"15":{"start":{"line":27,"column":57},"end":{"line":27,"column":66}},"16":{"start":{"line":28,"column":14},"end":{"line":28,"column":22}},"17":{"start":{"line":29,"column":4},"end":{"line":32,"column":5}},"18":{"start":{"line":30,"column":6},"end":{"line":30,"column":22}},"19":{"start":{"line":31,"column":6},"end":{"line":31,"column":15}},"20":{"start":{"line":33,"column":4},"end":{"line":35,"column":5}},"21":{"start":{"line":34,"column":6},"end":{"line":34,"column":22}},"22":{"start":{"line":37,"column":2},"end":{"line":37,"column":13}}},"fnMap":{"0":{"name":"normalizeCrudPayload","decl":{"start":{"line":9,"column":16},"end":{"line":9,"column":36}},"loc":{"start":{"line":9,"column":57},"end":{"line":38,"column":1}},"line":9}},"branchMap":{"0":{"loc":{"start":{"line":11,"column":18},"end":{"line":11,"column":43}},"type":"binary-expr","locations":[{"start":{"line":11,"column":18},"end":{"line":11,"column":37}},{"start":{"line":11,"column":41},"end":{"line":11,"column":43}}],"line":11},"1":{"loc":{"start":{"line":12,"column":4},"end":{"line":23,"column":5}},"type":"if","locations":[{"start":{"line":12,"column":4},"end":{"line":23,"column":5}},{"start":{},"end":{}}],"line":12},"2":{"loc":{"start":{"line":12,"column":8},"end":{"line":12,"column":39}},"type":"binary-expr","locations":[{"start":{"line":12,"column":8},"end":{"line":12,"column":27}},{"start":{"line":12,"column":31},"end":{"line":12,"column":39}}],"line":12},"3":{"loc":{"start":{"line":15,"column":6},"end":{"line":15,"column":68}},"type":"if","locations":[{"start":{"line":15,"column":6},"end":{"line":15,"column":68}},{"start":{},"end":{}}],"line":15},"4":{"loc":{"start":{"line":17,"column":6},"end":{"line":21,"column":7}},"type":"if","locations":[{"start":{"line":17,"column":6},"end":{"line":21,"column":7}},{"start":{"line":19,"column":13},"end":{"line":21,"column":7}}],"line":17},"5":{"loc":{"start":{"line":17,"column":10},"end":{"line":17,"column":51}},"type":"binary-expr","locations":[{"start":{"line":17,"column":10},"end":{"line":17,"column":18}},{"start":{"line":17,"column":22},"end":{"line":17,"column":37}},{"start":{"line":17,"column":41},"end":{"line":17,"column":51}}],"line":17},"6":{"loc":{"start":{"line":24,"column":4},"end":{"line":24,"column":36}},"type":"if","locations":[{"start":{"line":24,"column":4},"end":{"line":24,"column":36}},{"start":{},"end":{}}],"line":24},"7":{"loc":{"start":{"line":27,"column":4},"end":{"line":27,"column":66}},"type":"if","locations":[{"start":{"line":27,"column":4},"end":{"line":27,"column":66}},{"start":{},"end":{}}],"line":27},"8":{"loc":{"start":{"line":29,"column":4},"end":{"line":32,"column":5}},"type":"if","locations":[{"start":{"line":29,"column":4},"end":{"line":32,"column":5}},{"start":{},"end":{}}],"line":29},"9":{"loc":{"start":{"line":29,"column":8},"end":{"line":29,"column":49}},"type":"binary-expr","locations":[{"start":{"line":29,"column":8},"end":{"line":29,"column":16}},{"start":{"line":29,"column":20},"end":{"line":29,"column":35}},{"start":{"line":29,"column":39},"end":{"line":29,"column":49}}],"line":29},"10":{"loc":{"start":{"line":33,"column":4},"end":{"line":35,"column":5}},"type":"if","locations":[{"start":{"line":33,"column":4},"end":{"line":35,"column":5}},{"start":{},"end":{}}],"line":33},"11":{"loc":{"start":{"line":33,"column":8},"end":{"line":33,"column":50}},"type":"binary-expr","locations":[{"start":{"line":33,"column":8},"end":{"line":33,"column":29}},{"start":{"line":33,"column":33},"end":{"line":33,"column":50}}],"line":33}},"s":{"0":10,"1":10,"2":60,"3":10,"4":10,"5":5,"6":5,"7":5,"8":3,"9":2,"10":5,"11":50,"12":30,"13":20,"14":20,"15":13,"16":7,"17":7,"18":3,"19":3,"20":4,"21":2,"22":10},"f":{"0":10},"b":{"0":[10,0],"1":[10,50],"2":[60,20],"3":[5,5],"4":[3,2],"5":[5,4,3],"6":[30,20],"7":[13,7],"8":[3,4],"9":[7,6,5],"10":[2,2],"11":[4,4]},"_coverageSchema":"1a1c01bbd47fc00a2c39e90264f33305004495a9","hash":"8c1e6b95391476b50fce552241e9aaaeb9e67e41"}
,"C:\\Users\\Amith Prasad\\Amith's Libraries\\NEW ERP\\tarka_new_erp\\lib\\crudRecordAudit.js": {"path":"C:\\Users\\Amith Prasad\\Amith's Libraries\\NEW ERP\\tarka_new_erp\\lib\\crudRecordAudit.js","statementMap":{"0":{"start":{"line":23,"column":37},"end":{"line":28,"column":1}},"1":{"start":{"line":31,"column":19},"end":{"line":42,"column":2}},"2":{"start":{"line":48,"column":2},"end":{"line":48,"column":77}},"3":{"start":{"line":55,"column":16},"end":{"line":55,"column":72}},"4":{"start":{"line":55,"column":64},"end":{"line":55,"column":70}},"5":{"start":{"line":56,"column":12},"end":{"line":56,"column":45}},"6":{"start":{"line":57,"column":2},"end":{"line":62,"column":4}},"7":{"start":{"line":69,"column":14},"end":{"line":69,"column":25}},"8":{"start":{"line":70,"column":2},"end":{"line":72,"column":3}},"9":{"start":{"line":71,"column":4},"end":{"line":71,"column":18}},"10":{"start":{"line":73,"column":2},"end":{"line":73,"column":13}},"11":{"start":{"line":83,"column":14},"end":{"line":83,"column":47}},"12":{"start":{"line":84,"column":2},"end":{"line":90,"column":4}},"13":{"start":{"line":97,"column":14},"end":{"line":97,"column":47}},"14":{"start":{"line":98,"column":2},"end":{"line":102,"column":4}}},"fnMap":{"0":{"name":"getAuditColumnNames","decl":{"start":{"line":47,"column":16},"end":{"line":47,"column":35}},"loc":{"start":{"line":47,"column":50},"end":{"line":49,"column":1}},"line":47},"1":{"name":"moduleHasRowAuditFields","decl":{"start":{"line":54,"column":16},"end":{"line":54,"column":39}},"loc":{"start":{"line":54,"column":54},"end":{"line":63,"column":1}},"line":54},"2":{"name":"(anonymous_2)","decl":{"start":{"line":55,"column":57},"end":{"line":55,"column":58}},"loc":{"start":{"line":55,"column":64},"end":{"line":55,"column":70}},"line":55},"3":{"name":"stripClientAuditFields","decl":{"start":{"line":68,"column":16},"end":{"line":68,"column":38}},"loc":{"start":{"line":68,"column":45},"end":{"line":74,"column":1}},"line":68},"4":{"name":"applyCreateAudit","decl":{"start":{"line":82,"column":16},"end":{"line":82,"column":32}},"loc":{"start":{"line":82,"column":53},"end":{"line":91,"column":1}},"line":82},"5":{"name":"applyUpdateAudit","decl":{"start":{"line":96,"column":16},"end":{"line":96,"column":32}},"loc":{"start":{"line":96,"column":53},"end":{"line":103,"column":1}},"line":96}},"branchMap":{"0":{"loc":{"start":{"line":48,"column":41},"end":{"line":48,"column":73}},"type":"binary-expr","locations":[{"start":{"line":48,"column":41},"end":{"line":48,"column":67}},{"start":{"line":48,"column":71},"end":{"line":48,"column":73}}],"line":48},"1":{"loc":{"start":{"line":55,"column":25},"end":{"line":55,"column":51}},"type":"binary-expr","locations":[{"start":{"line":55,"column":25},"end":{"line":55,"column":45}},{"start":{"line":55,"column":49},"end":{"line":55,"column":51}}],"line":55},"2":{"loc":{"start":{"line":58,"column":4},"end":{"line":61,"column":27}},"type":"binary-expr","locations":[{"start":{"line":58,"column":4},"end":{"line":58,"column":26}},{"start":{"line":59,"column":4},"end":{"line":59,"column":26}},{"start":{"line":60,"column":4},"end":{"line":60,"column":27}},{"start":{"line":61,"column":4},"end":{"line":61,"column":27}}],"line":58}},"s":{"0":1,"1":1,"2":6,"3":3,"4":7,"5":3,"6":3,"7":8,"8":8,"9":80,"10":8,"11":1,"12":1,"13":1,"14":1},"f":{"0":6,"1":3,"2":7,"3":8,"4":1,"5":1},"b":{"0":[6,5],"1":[3,0],"2":[3,2,2,2]},"_coverageSchema":"1a1c01bbd47fc00a2c39e90264f33305004495a9","hash":"237db772d574094671f35424a171cb8ffcf51a9c"}
,"C:\\Users\\Amith Prasad\\Amith's Libraries\\NEW ERP\\tarka_new_erp\\lib\\db.js": {"path":"C:\\Users\\Amith Prasad\\Amith's Libraries\\NEW ERP\\tarka_new_erp\\lib\\db.js","statementMap":{"0":{"start":{"line":18,"column":12},"end":{"line":18,"column":58}},"1":{"start":{"line":19,"column":2},"end":{"line":19,"column":65}},"2":{"start":{"line":19,"column":48},"end":{"line":19,"column":65}},"3":{"start":{"line":21,"column":14},"end":{"line":21,"column":16}},"4":{"start":{"line":22,"column":16},"end":{"line":22,"column":41}},"5":{"start":{"line":23,"column":2},"end":{"line":34,"column":3}},"6":{"start":{"line":24,"column":4},"end":{"line":24,"column":41}},"7":{"start":{"line":26,"column":19},"end":{"line":26,"column":40}},"8":{"start":{"line":27,"column":4},"end":{"line":33,"column":5}},"9":{"start":{"line":28,"column":6},"end":{"line":32,"column":7}},"10":{"start":{"line":29,"column":8},"end":{"line":29,"column":68}},"11":{"start":{"line":29,"column":35},"end":{"line":29,"column":68}},"12":{"start":{"line":36,"column":4},"end":{"line":38,"column":23}},"13":{"start":{"line":39,"column":2},"end":{"line":39,"column":34}},"14":{"start":{"line":40,"column":2},"end":{"line":40,"column":13}},"15":{"start":{"line":43,"column":13},"end":{"line":43,"column":69}},"16":{"start":{"line":46,"column":24},"end":{"line":46,"column":97}},"17":{"start":{"line":49,"column":2},"end":{"line":49,"column":50}},"18":{"start":{"line":57,"column":2},"end":{"line":57,"column":57}},"19":{"start":{"line":57,"column":45},"end":{"line":57,"column":57}},"20":{"start":{"line":58,"column":15},"end":{"line":58,"column":47}},"21":{"start":{"line":59,"column":2},"end":{"line":59,"column":25}},"22":{"start":{"line":59,"column":13},"end":{"line":59,"column":25}},"23":{"start":{"line":60,"column":2},"end":{"line":62,"column":3}},"24":{"start":{"line":61,"column":4},"end":{"line":61,"column":127}},"25":{"start":{"line":63,"column":2},"end":{"line":63,"column":14}},"26":{"start":{"line":67,"column":15},"end":{"line":67,"column":33}},"27":{"start":{"line":68,"column":2},"end":{"line":72,"column":3}},"28":{"start":{"line":69,"column":4},"end":{"line":71,"column":6}},"29":{"start":{"line":73,"column":2},"end":{"line":80,"column":3}},"30":{"start":{"line":74,"column":14},"end":{"line":74,"column":32}},"31":{"start":{"line":75,"column":4},"end":{"line":79,"column":5}},"32":{"start":{"line":76,"column":6},"end":{"line":78,"column":8}},"33":{"start":{"line":81,"column":15},"end":{"line":100,"column":4}},"34":{"start":{"line":102,"column":2},"end":{"line":106,"column":5}},"35":{"start":{"line":103,"column":4},"end":{"line":105,"column":7}},"36":{"start":{"line":104,"column":6},"end":{"line":104,"column":71}},"37":{"start":{"line":104,"column":15},"end":{"line":104,"column":71}},"38":{"start":{"line":107,"column":2},"end":{"line":107,"column":14}},"39":{"start":{"line":117,"column":10},"end":{"line":117,"column":20}},"40":{"start":{"line":120,"column":2},"end":{"line":122,"column":3}},"41":{"start":{"line":121,"column":4},"end":{"line":121,"column":44}},"42":{"start":{"line":123,"column":2},"end":{"line":123,"column":26}},"43":{"start":{"line":126,"column":13},"end":{"line":135,"column":1}},"44":{"start":{"line":130,"column":16},"end":{"line":130,"column":33}},"45":{"start":{"line":131,"column":20},"end":{"line":131,"column":43}},"46":{"start":{"line":132,"column":6},"end":{"line":132,"column":65}},"47":{"start":{"line":139,"column":15},"end":{"line":139,"column":59}},"48":{"start":{"line":140,"column":2},"end":{"line":140,"column":66}},"49":{"start":{"line":140,"column":28},"end":{"line":140,"column":64}}},"fnMap":{"0":{"name":"buildSslOption","decl":{"start":{"line":17,"column":9},"end":{"line":17,"column":23}},"loc":{"start":{"line":17,"column":26},"end":{"line":41,"column":1}},"line":17},"1":{"name":"resolveMysqlHost","decl":{"start":{"line":48,"column":9},"end":{"line":48,"column":25}},"loc":{"start":{"line":48,"column":28},"end":{"line":50,"column":1}},"line":48},"2":{"name":"getLoopbackDbHostError","decl":{"start":{"line":56,"column":16},"end":{"line":56,"column":38}},"loc":{"start":{"line":56,"column":41},"end":{"line":64,"column":1}},"line":56},"3":{"name":"createPoolInstance","decl":{"start":{"line":66,"column":9},"end":{"line":66,"column":27}},"loc":{"start":{"line":66,"column":30},"end":{"line":108,"column":1}},"line":66},"4":{"name":"(anonymous_4)","decl":{"start":{"line":102,"column":24},"end":{"line":102,"column":25}},"loc":{"start":{"line":102,"column":40},"end":{"line":106,"column":3}},"line":102},"5":{"name":"(anonymous_5)","decl":{"start":{"line":103,"column":57},"end":{"line":103,"column":58}},"loc":{"start":{"line":103,"column":66},"end":{"line":105,"column":5}},"line":103},"6":{"name":"getPoolInternal","decl":{"start":{"line":119,"column":9},"end":{"line":119,"column":24}},"loc":{"start":{"line":119,"column":27},"end":{"line":124,"column":1}},"line":119},"7":{"name":"(anonymous_7)","decl":{"start":{"line":129,"column":4},"end":{"line":129,"column":5}},"loc":{"start":{"line":129,"column":34},"end":{"line":133,"column":5}},"line":129},"8":{"name":"getMissingRequiredDbEnvVars","decl":{"start":{"line":138,"column":16},"end":{"line":138,"column":43}},"loc":{"start":{"line":138,"column":46},"end":{"line":141,"column":1}},"line":138},"9":{"name":"(anonymous_9)","decl":{"start":{"line":140,"column":21},"end":{"line":140,"column":22}},"loc":{"start":{"line":140,"column":28},"end":{"line":140,"column":64}},"line":140}},"branchMap":{"0":{"loc":{"start":{"line":18,"column":19},"end":{"line":18,"column":43}},"type":"binary-expr","locations":[{"start":{"line":18,"column":19},"end":{"line":18,"column":37}},{"start":{"line":18,"column":41},"end":{"line":18,"column":43}}],"line":18},"1":{"loc":{"start":{"line":19,"column":2},"end":{"line":19,"column":65}},"type":"if","locations":[{"start":{"line":19,"column":2},"end":{"line":19,"column":65}},{"start":{},"end":{}}],"line":19},"2":{"loc":{"start":{"line":19,"column":6},"end":{"line":19,"column":46}},"type":"binary-expr","locations":[{"start":{"line":19,"column":6},"end":{"line":19,"column":15}},{"start":{"line":19,"column":19},"end":{"line":19,"column":31}},{"start":{"line":19,"column":35},"end":{"line":19,"column":46}}],"line":19},"3":{"loc":{"start":{"line":23,"column":2},"end":{"line":34,"column":3}},"type":"if","locations":[{"start":{"line":23,"column":2},"end":{"line":34,"column":3}},{"start":{"line":25,"column":9},"end":{"line":34,"column":3}}],"line":23},"4":{"loc":{"start":{"line":27,"column":4},"end":{"line":33,"column":5}},"type":"if","locations":[{"start":{"line":27,"column":4},"end":{"line":33,"column":5}},{"start":{},"end":{}}],"line":27},"5":{"loc":{"start":{"line":29,"column":8},"end":{"line":29,"column":68}},"type":"if","locations":[{"start":{"line":29,"column":8},"end":{"line":29,"column":68}},{"start":{},"end":{}}],"line":29},"6":{"loc":{"start":{"line":36,"column":4},"end":{"line":38,"column":23}},"type":"cond-expr","locations":[{"start":{"line":37,"column":8},"end":{"line":37,"column":13}},{"start":{"line":38,"column":8},"end":{"line":38,"column":23}}],"line":36},"7":{"loc":{"start":{"line":43,"column":13},"end":{"line":43,"column":69}},"type":"cond-expr","locations":[{"start":{"line":43,"column":35},"end":{"line":43,"column":62}},{"start":{"line":43,"column":65},"end":{"line":43,"column":69}}],"line":43},"8":{"loc":{"start":{"line":46,"column":51},"end":{"line":46,"column":83}},"type":"binary-expr","locations":[{"start":{"line":46,"column":51},"end":{"line":46,"column":76}},{"start":{"line":46,"column":80},"end":{"line":46,"column":83}}],"line":46},"9":{"loc":{"start":{"line":49,"column":16},"end":{"line":49,"column":41}},"type":"binary-expr","locations":[{"start":{"line":49,"column":16},"end":{"line":49,"column":35}},{"start":{"line":49,"column":39},"end":{"line":49,"column":41}}],"line":49},"10":{"loc":{"start":{"line":57,"column":2},"end":{"line":57,"column":57}},"type":"if","locations":[{"start":{"line":57,"column":2},"end":{"line":57,"column":57}},{"start":{},"end":{}}],"line":57},"11":{"loc":{"start":{"line":59,"column":2},"end":{"line":59,"column":25}},"type":"if","locations":[{"start":{"line":59,"column":2},"end":{"line":59,"column":25}},{"start":{},"end":{}}],"line":59},"12":{"loc":{"start":{"line":60,"column":2},"end":{"line":62,"column":3}},"type":"if","locations":[{"start":{"line":60,"column":2},"end":{"line":62,"column":3}},{"start":{},"end":{}}],"line":60},"13":{"loc":{"start":{"line":60,"column":6},"end":{"line":60,"column":68}},"type":"binary-expr","locations":[{"start":{"line":60,"column":6},"end":{"line":60,"column":26}},{"start":{"line":60,"column":30},"end":{"line":60,"column":50}},{"start":{"line":60,"column":54},"end":{"line":60,"column":68}}],"line":60},"14":{"loc":{"start":{"line":68,"column":2},"end":{"line":72,"column":3}},"type":"if","locations":[{"start":{"line":68,"column":2},"end":{"line":72,"column":3}},{"start":{},"end":{}}],"line":68},"15":{"loc":{"start":{"line":73,"column":2},"end":{"line":80,"column":3}},"type":"if","locations":[{"start":{"line":73,"column":2},"end":{"line":80,"column":3}},{"start":{},"end":{}}],"line":73},"16":{"loc":{"start":{"line":75,"column":4},"end":{"line":79,"column":5}},"type":"if","locations":[{"start":{"line":75,"column":4},"end":{"line":79,"column":5}},{"start":{},"end":{}}],"line":75},"17":{"loc":{"start":{"line":75,"column":8},"end":{"line":75,"column":61}},"type":"binary-expr","locations":[{"start":{"line":75,"column":8},"end":{"line":75,"column":25}},{"start":{"line":75,"column":29},"end":{"line":75,"column":46}},{"start":{"line":75,"column":50},"end":{"line":75,"column":61}}],"line":75},"18":{"loc":{"start":{"line":83,"column":10},"end":{"line":83,"column":45}},"type":"cond-expr","locations":[{"start":{"line":83,"column":34},"end":{"line":83,"column":38}},{"start":{"line":83,"column":41},"end":{"line":83,"column":45}}],"line":83},"19":{"loc":{"start":{"line":104,"column":6},"end":{"line":104,"column":71}},"type":"if","locations":[{"start":{"line":104,"column":6},"end":{"line":104,"column":71}},{"start":{},"end":{}}],"line":104},"20":{"loc":{"start":{"line":120,"column":2},"end":{"line":122,"column":3}},"type":"if","locations":[{"start":{"line":120,"column":2},"end":{"line":122,"column":3}},{"start":{},"end":{}}],"line":120},"21":{"loc":{"start":{"line":132,"column":13},"end":{"line":132,"column":64}},"type":"cond-expr","locations":[{"start":{"line":132,"column":43},"end":{"line":132,"column":56}},{"start":{"line":132,"column":59},"end":{"line":132,"column":64}}],"line":132},"22":{"loc":{"start":{"line":140,"column":36},"end":{"line":140,"column":56}},"type":"binary-expr","locations":[{"start":{"line":140,"column":36},"end":{"line":140,"column":50}},{"start":{"line":140,"column":54},"end":{"line":140,"column":56}}],"line":140}},"s":{"0":10,"1":10,"2":7,"3":3,"4":3,"5":3,"6":1,"7":2,"8":2,"9":2,"10":2,"11":1,"12":3,"13":3,"14":3,"15":16,"16":16,"17":15,"18":3,"19":0,"20":3,"21":3,"22":1,"23":2,"24":1,"25":1,"26":12,"27":12,"28":1,"29":11,"30":1,"31":1,"32":1,"33":10,"34":9,"35":2,"36":2,"37":1,"38":9,"39":16,"40":13,"41":12,"42":10,"43":16,"44":13,"45":10,"46":10,"47":1,"48":1,"49":4},"f":{"0":10,"1":15,"2":3,"3":12,"4":2,"5":2,"6":13,"7":13,"8":1,"9":4},"b":{"0":[10,7],"1":[7,3],"2":[10,9,8],"3":[1,2],"4":[2,0],"5":[1,0],"6":[1,2],"7":[0,16],"8":[16,14],"9":[15,0],"10":[0,3],"11":[1,2],"12":[1,1],"13":[2,1,1],"14":[1,11],"15":[1,10],"16":[1,0],"17":[1,1,0],"18":[10,0],"19":[1,1],"20":[12,1],"21":[9,1],"22":[4,0]},"_coverageSchema":"1a1c01bbd47fc00a2c39e90264f33305004495a9","hash":"0c19c541e95a3f1cfd0c4f6d0032053549bfe530"}
,"C:\\Users\\Amith Prasad\\Amith's Libraries\\NEW ERP\\tarka_new_erp\\lib\\lookupLovAccess.js": {"path":"C:\\Users\\Amith Prasad\\Amith's Libraries\\NEW ERP\\tarka_new_erp\\lib\\lookupLovAccess.js","statementMap":{"0":{"start":{"line":10,"column":2},"end":{"line":10,"column":43}},"1":{"start":{"line":10,"column":30},"end":{"line":10,"column":43}},"2":{"start":{"line":11,"column":2},"end":{"line":13,"column":3}},"3":{"start":{"line":12,"column":4},"end":{"line":12,"column":81}},"4":{"start":{"line":12,"column":69},"end":{"line":12,"column":81}},"5":{"start":{"line":14,"column":2},"end":{"line":14,"column":15}},"6":{"start":{"line":18,"column":2},"end":{"line":18,"column":34}},"7":{"start":{"line":18,"column":21},"end":{"line":18,"column":34}},"8":{"start":{"line":19,"column":2},"end":{"line":19,"column":83}},"9":{"start":{"line":19,"column":71},"end":{"line":19,"column":83}},"10":{"start":{"line":20,"column":2},"end":{"line":22,"column":3}},"11":{"start":{"line":21,"column":4},"end":{"line":21,"column":75}},"12":{"start":{"line":21,"column":63},"end":{"line":21,"column":75}},"13":{"start":{"line":23,"column":2},"end":{"line":23,"column":15}},"14":{"start":{"line":30,"column":2},"end":{"line":30,"column":26}},"15":{"start":{"line":30,"column":13},"end":{"line":30,"column":26}},"16":{"start":{"line":31,"column":2},"end":{"line":31,"column":43}},"17":{"start":{"line":31,"column":31},"end":{"line":31,"column":43}},"18":{"start":{"line":33,"column":2},"end":{"line":44,"column":3}},"19":{"start":{"line":34,"column":4},"end":{"line":34,"column":48}},"20":{"start":{"line":34,"column":39},"end":{"line":34,"column":48}},"21":{"start":{"line":35,"column":14},"end":{"line":35,"column":32}},"22":{"start":{"line":36,"column":4},"end":{"line":36,"column":68}},"23":{"start":{"line":36,"column":59},"end":{"line":36,"column":68}},"24":{"start":{"line":38,"column":22},"end":{"line":42,"column":6}},"25":{"start":{"line":43,"column":4},"end":{"line":43,"column":33}},"26":{"start":{"line":43,"column":21},"end":{"line":43,"column":33}},"27":{"start":{"line":45,"column":2},"end":{"line":45,"column":15}}},"fnMap":{"0":{"name":"fieldListReferencesLookup","decl":{"start":{"line":9,"column":9},"end":{"line":9,"column":34}},"loc":{"start":{"line":9,"column":60},"end":{"line":15,"column":1}},"line":9},"1":{"name":"moduleConfigReferencesLookup","decl":{"start":{"line":17,"column":16},"end":{"line":17,"column":44}},"loc":{"start":{"line":17,"column":76},"end":{"line":24,"column":1}},"line":17},"2":{"name":"canAccessLovViaReferencingModule","decl":{"start":{"line":29,"column":22},"end":{"line":29,"column":54}},"loc":{"start":{"line":29,"column":78},"end":{"line":46,"column":1}},"line":29}},"branchMap":{"0":{"loc":{"start":{"line":10,"column":2},"end":{"line":10,"column":43}},"type":"if","locations":[{"start":{"line":10,"column":2},"end":{"line":10,"column":43}},{"start":{},"end":{}}],"line":10},"1":{"loc":{"start":{"line":12,"column":4},"end":{"line":12,"column":81}},"type":"if","locations":[{"start":{"line":12,"column":4},"end":{"line":12,"column":81}},{"start":{},"end":{}}],"line":12},"2":{"loc":{"start":{"line":12,"column":8},"end":{"line":12,"column":67}},"type":"binary-expr","locations":[{"start":{"line":12,"column":8},"end":{"line":12,"column":27}},{"start":{"line":12,"column":31},"end":{"line":12,"column":67}}],"line":12},"3":{"loc":{"start":{"line":18,"column":2},"end":{"line":18,"column":34}},"type":"if","locations":[{"start":{"line":18,"column":2},"end":{"line":18,"column":34}},{"start":{},"end":{}}],"line":18},"4":{"loc":{"start":{"line":19,"column":2},"end":{"line":19,"column":83}},"type":"if","locations":[{"start":{"line":19,"column":2},"end":{"line":19,"column":83}},{"start":{},"end":{}}],"line":19},"5":{"loc":{"start":{"line":20,"column":19},"end":{"line":20,"column":49}},"type":"binary-expr","locations":[{"start":{"line":20,"column":19},"end":{"line":20,"column":43}},{"start":{"line":20,"column":47},"end":{"line":20,"column":49}}],"line":20},"6":{"loc":{"start":{"line":21,"column":4},"end":{"line":21,"column":75}},"type":"if","locations":[{"start":{"line":21,"column":4},"end":{"line":21,"column":75}},{"start":{},"end":{}}],"line":21},"7":{"loc":{"start":{"line":30,"column":2},"end":{"line":30,"column":26}},"type":"if","locations":[{"start":{"line":30,"column":2},"end":{"line":30,"column":26}},{"start":{},"end":{}}],"line":30},"8":{"loc":{"start":{"line":31,"column":2},"end":{"line":31,"column":43}},"type":"if","locations":[{"start":{"line":31,"column":2},"end":{"line":31,"column":43}},{"start":{},"end":{}}],"line":31},"9":{"loc":{"start":{"line":34,"column":4},"end":{"line":34,"column":48}},"type":"if","locations":[{"start":{"line":34,"column":4},"end":{"line":34,"column":48}},{"start":{},"end":{}}],"line":34},"10":{"loc":{"start":{"line":36,"column":4},"end":{"line":36,"column":68}},"type":"if","locations":[{"start":{"line":36,"column":4},"end":{"line":36,"column":68}},{"start":{},"end":{}}],"line":36},"11":{"loc":{"start":{"line":43,"column":4},"end":{"line":43,"column":33}},"type":"if","locations":[{"start":{"line":43,"column":4},"end":{"line":43,"column":33}},{"start":{},"end":{}}],"line":43},"12":{"loc":{"start":{"line":43,"column":8},"end":{"line":43,"column":19}},"type":"binary-expr","locations":[{"start":{"line":43,"column":8},"end":{"line":43,"column":9}},{"start":{"line":43,"column":13},"end":{"line":43,"column":14}},{"start":{"line":43,"column":18},"end":{"line":43,"column":19}}],"line":43}},"s":{"0":19,"1":1,"2":18,"3":17,"4":8,"5":10,"6":16,"7":1,"8":15,"9":5,"10":10,"11":4,"12":3,"13":7,"14":7,"15":1,"16":6,"17":1,"18":5,"19":16,"20":4,"21":12,"22":12,"23":6,"24":6,"25":5,"26":1,"27":3},"f":{"0":19,"1":16,"2":7},"b":{"0":[1,18],"1":[8,9],"2":[17,10],"3":[1,15],"4":[5,10],"5":[10,6],"6":[3,1],"7":[1,6],"8":[1,5],"9":[4,12],"10":[6,6],"11":[1,4],"12":[5,5,4]},"_coverageSchema":"1a1c01bbd47fc00a2c39e90264f33305004495a9","hash":"a0ac77e89683fd4e9b34a211f9d5c019539fe23d"}
,"C:\\Users\\Amith Prasad\\Amith's Libraries\\NEW ERP\\tarka_new_erp\\lib\\permissionScope.js": {"path":"C:\\Users\\Amith Prasad\\Amith's Libraries\\NEW ERP\\tarka_new_erp\\lib\\permissionScope.js","statementMap":{"0":{"start":{"line":8,"column":12},"end":{"line":8,"column":51}},"1":{"start":{"line":9,"column":2},"end":{"line":9,"column":32}},"2":{"start":{"line":9,"column":19},"end":{"line":9,"column":32}},"3":{"start":{"line":10,"column":2},"end":{"line":10,"column":34}},"4":{"start":{"line":10,"column":20},"end":{"line":10,"column":34}},"5":{"start":{"line":11,"column":2},"end":{"line":11,"column":15}},"6":{"start":{"line":15,"column":12},"end":{"line":15,"column":20}},"7":{"start":{"line":16,"column":2},"end":{"line":16,"column":80}},"8":{"start":{"line":24,"column":2},"end":{"line":26,"column":3}},"9":{"start":{"line":25,"column":4},"end":{"line":25,"column":73}},"10":{"start":{"line":27,"column":2},"end":{"line":31,"column":4}}},"fnMap":{"0":{"name":"normalizeActionScope","decl":{"start":{"line":7,"column":16},"end":{"line":7,"column":36}},"loc":{"start":{"line":7,"column":40},"end":{"line":12,"column":1}},"line":7},"1":{"name":"scopeOrAll","decl":{"start":{"line":14,"column":9},"end":{"line":14,"column":19}},"loc":{"start":{"line":14,"column":28},"end":{"line":17,"column":1}},"line":14},"2":{"name":"actionScopesFromDbRow","decl":{"start":{"line":23,"column":16},"end":{"line":23,"column":37}},"loc":{"start":{"line":23,"column":41},"end":{"line":32,"column":1}},"line":23}},"branchMap":{"0":{"loc":{"start":{"line":8,"column":19},"end":{"line":8,"column":29}},"type":"binary-expr","locations":[{"start":{"line":8,"column":19},"end":{"line":8,"column":20}},{"start":{"line":8,"column":24},"end":{"line":8,"column":29}}],"line":8},"1":{"loc":{"start":{"line":9,"column":2},"end":{"line":9,"column":32}},"type":"if","locations":[{"start":{"line":9,"column":2},"end":{"line":9,"column":32}},{"start":{},"end":{}}],"line":9},"2":{"loc":{"start":{"line":10,"column":2},"end":{"line":10,"column":34}},"type":"if","locations":[{"start":{"line":10,"column":2},"end":{"line":10,"column":34}},{"start":{},"end":{}}],"line":10},"3":{"loc":{"start":{"line":16,"column":9},"end":{"line":16,"column":79}},"type":"cond-expr","locations":[{"start":{"line":16,"column":48},"end":{"line":16,"column":71}},{"start":{"line":16,"column":74},"end":{"line":16,"column":79}}],"line":16},"4":{"loc":{"start":{"line":16,"column":9},"end":{"line":16,"column":45}},"type":"binary-expr","locations":[{"start":{"line":16,"column":9},"end":{"line":16,"column":18}},{"start":{"line":16,"column":22},"end":{"line":16,"column":45}}],"line":16},"5":{"loc":{"start":{"line":24,"column":2},"end":{"line":26,"column":3}},"type":"if","locations":[{"start":{"line":24,"column":2},"end":{"line":26,"column":3}},{"start":{},"end":{}}],"line":24}},"s":{"0":16,"1":16,"2":3,"3":13,"4":3,"5":10,"6":6,"7":6,"8":3,"9":1,"10":2},"f":{"0":16,"1":6,"2":3},"b":{"0":[16,2],"1":[3,13],"2":[3,10],"3":[4,2],"4":[6,5],"5":[1,2]},"_coverageSchema":"1a1c01bbd47fc00a2c39e90264f33305004495a9","hash":"6961b152710ae2f06ec4756d976257d549029037"}
,"C:\\Users\\Amith Prasad\\Amith's Libraries\\NEW ERP\\tarka_new_erp\\lib\\rbac.js": {"path":"C:\\Users\\Amith Prasad\\Amith's Libraries\\NEW ERP\\tarka_new_erp\\lib\\rbac.js","statementMap":{"0":{"start":{"line":26,"column":33},"end":{"line":31,"column":1}},"1":{"start":{"line":34,"column":31},"end":{"line":38,"column":1}},"2":{"start":{"line":51,"column":2},"end":{"line":51,"column":26}},"3":{"start":{"line":51,"column":13},"end":{"line":51,"column":26}},"4":{"start":{"line":54,"column":2},"end":{"line":54,"column":43}},"5":{"start":{"line":54,"column":31},"end":{"line":54,"column":43}},"6":{"start":{"line":56,"column":17},"end":{"line":56,"column":49}},"7":{"start":{"line":57,"column":2},"end":{"line":57,"column":28}},"8":{"start":{"line":57,"column":15},"end":{"line":57,"column":28}},"9":{"start":{"line":59,"column":13},"end":{"line":59,"column":49}},"10":{"start":{"line":61,"column":17},"end":{"line":67,"column":3}},"11":{"start":{"line":69,"column":2},"end":{"line":69,"column":33}},"12":{"start":{"line":69,"column":20},"end":{"line":69,"column":33}},"13":{"start":{"line":70,"column":2},"end":{"line":70,"column":34}},"14":{"start":{"line":80,"column":2},"end":{"line":80,"column":26}},"15":{"start":{"line":80,"column":13},"end":{"line":80,"column":26}},"16":{"start":{"line":81,"column":2},"end":{"line":81,"column":43}},"17":{"start":{"line":81,"column":31},"end":{"line":81,"column":43}},"18":{"start":{"line":83,"column":13},"end":{"line":83,"column":49}},"19":{"start":{"line":84,"column":17},"end":{"line":92,"column":3}},"20":{"start":{"line":94,"column":2},"end":{"line":94,"column":33}},"21":{"start":{"line":94,"column":20},"end":{"line":94,"column":33}},"22":{"start":{"line":95,"column":2},"end":{"line":95,"column":43}},"23":{"start":{"line":107,"column":2},"end":{"line":107,"column":26}},"24":{"start":{"line":107,"column":13},"end":{"line":107,"column":26}},"25":{"start":{"line":108,"column":2},"end":{"line":108,"column":44}},"26":{"start":{"line":108,"column":31},"end":{"line":108,"column":44}},"27":{"start":{"line":110,"column":14},"end":{"line":110,"column":44}},"28":{"start":{"line":111,"column":2},"end":{"line":111,"column":25}},"29":{"start":{"line":111,"column":12},"end":{"line":111,"column":25}},"30":{"start":{"line":113,"column":13},"end":{"line":113,"column":49}},"31":{"start":{"line":114,"column":17},"end":{"line":119,"column":3}},"32":{"start":{"line":120,"column":2},"end":{"line":120,"column":34}},"33":{"start":{"line":120,"column":21},"end":{"line":120,"column":34}},"34":{"start":{"line":121,"column":2},"end":{"line":121,"column":42}}},"fnMap":{"0":{"name":"hasModulePermission","decl":{"start":{"line":50,"column":22},"end":{"line":50,"column":41}},"loc":{"start":{"line":50,"column":68},"end":{"line":71,"column":1}},"line":50},"1":{"name":"hasAnyModuleAccess","decl":{"start":{"line":79,"column":22},"end":{"line":79,"column":40}},"loc":{"start":{"line":79,"column":59},"end":{"line":96,"column":1}},"line":79},"2":{"name":"getScopeForAction","decl":{"start":{"line":106,"column":22},"end":{"line":106,"column":39}},"loc":{"start":{"line":106,"column":66},"end":{"line":122,"column":1}},"line":106}},"branchMap":{"0":{"loc":{"start":{"line":51,"column":2},"end":{"line":51,"column":26}},"type":"if","locations":[{"start":{"line":51,"column":2},"end":{"line":51,"column":26}},{"start":{},"end":{}}],"line":51},"1":{"loc":{"start":{"line":54,"column":2},"end":{"line":54,"column":43}},"type":"if","locations":[{"start":{"line":54,"column":2},"end":{"line":54,"column":43}},{"start":{},"end":{}}],"line":54},"2":{"loc":{"start":{"line":57,"column":2},"end":{"line":57,"column":28}},"type":"if","locations":[{"start":{"line":57,"column":2},"end":{"line":57,"column":28}},{"start":{},"end":{}}],"line":57},"3":{"loc":{"start":{"line":69,"column":2},"end":{"line":69,"column":33}},"type":"if","locations":[{"start":{"line":69,"column":2},"end":{"line":69,"column":33}},{"start":{},"end":{}}],"line":69},"4":{"loc":{"start":{"line":80,"column":2},"end":{"line":80,"column":26}},"type":"if","locations":[{"start":{"line":80,"column":2},"end":{"line":80,"column":26}},{"start":{},"end":{}}],"line":80},"5":{"loc":{"start":{"line":81,"column":2},"end":{"line":81,"column":43}},"type":"if","locations":[{"start":{"line":81,"column":2},"end":{"line":81,"column":43}},{"start":{},"end":{}}],"line":81},"6":{"loc":{"start":{"line":94,"column":2},"end":{"line":94,"column":33}},"type":"if","locations":[{"start":{"line":94,"column":2},"end":{"line":94,"column":33}},{"start":{},"end":{}}],"line":94},"7":{"loc":{"start":{"line":107,"column":2},"end":{"line":107,"column":26}},"type":"if","locations":[{"start":{"line":107,"column":2},"end":{"line":107,"column":26}},{"start":{},"end":{}}],"line":107},"8":{"loc":{"start":{"line":108,"column":2},"end":{"line":108,"column":44}},"type":"if","locations":[{"start":{"line":108,"column":2},"end":{"line":108,"column":44}},{"start":{},"end":{}}],"line":108},"9":{"loc":{"start":{"line":111,"column":2},"end":{"line":111,"column":25}},"type":"if","locations":[{"start":{"line":111,"column":2},"end":{"line":111,"column":25}},{"start":{},"end":{}}],"line":111},"10":{"loc":{"start":{"line":120,"column":2},"end":{"line":120,"column":34}},"type":"if","locations":[{"start":{"line":120,"column":2},"end":{"line":120,"column":34}},{"start":{},"end":{}}],"line":120}},"s":{"0":1,"1":1,"2":14,"3":0,"4":14,"5":4,"6":10,"7":10,"8":1,"9":9,"10":9,"11":8,"12":3,"13":5,"14":5,"15":1,"16":4,"17":1,"18":3,"19":3,"20":2,"21":1,"22":1,"23":9,"24":1,"25":8,"26":1,"27":7,"28":7,"29":1,"30":6,"31":6,"32":5,"33":2,"34":3},"f":{"0":14,"1":5,"2":9},"b":{"0":[0,14],"1":[4,10],"2":[1,9],"3":[3,5],"4":[1,4],"5":[1,3],"6":[1,1],"7":[1,8],"8":[1,7],"9":[1,6],"10":[2,3]},"_coverageSchema":"1a1c01bbd47fc00a2c39e90264f33305004495a9","hash":"897ae3fc27d28d058cc676b34c304f43dcb657c3"}
,"C:\\Users\\Amith Prasad\\Amith's Libraries\\NEW ERP\\tarka_new_erp\\lib\\rowScope.js": {"path":"C:\\Users\\Amith Prasad\\Amith's Libraries\\NEW ERP\\tarka_new_erp\\lib\\rowScope.js","statementMap":{"0":{"start":{"line":50,"column":12},"end":{"line":50,"column":51}},"1":{"start":{"line":51,"column":2},"end":{"line":51,"column":32}},"2":{"start":{"line":51,"column":19},"end":{"line":51,"column":32}},"3":{"start":{"line":52,"column":2},"end":{"line":52,"column":34}},"4":{"start":{"line":52,"column":20},"end":{"line":52,"column":34}},"5":{"start":{"line":53,"column":2},"end":{"line":53,"column":15}},"6":{"start":{"line":58,"column":2},"end":{"line":58,"column":66}},"7":{"start":{"line":58,"column":57},"end":{"line":58,"column":63}},"8":{"start":{"line":76,"column":13},"end":{"line":76,"column":38}},"9":{"start":{"line":77,"column":2},"end":{"line":77,"column":27}},"10":{"start":{"line":77,"column":20},"end":{"line":77,"column":27}},"11":{"start":{"line":78,"column":2},"end":{"line":78,"column":46}},"12":{"start":{"line":78,"column":39},"end":{"line":78,"column":46}},"13":{"start":{"line":80,"column":13},"end":{"line":80,"column":39}},"14":{"start":{"line":81,"column":15},"end":{"line":81,"column":48}},"15":{"start":{"line":82,"column":20},"end":{"line":82,"column":34}},"16":{"start":{"line":83,"column":23},"end":{"line":83,"column":40}},"17":{"start":{"line":85,"column":2},"end":{"line":97,"column":3}},"18":{"start":{"line":86,"column":4},"end":{"line":86,"column":30}},"19":{"start":{"line":86,"column":23},"end":{"line":86,"column":30}},"20":{"start":{"line":88,"column":4},"end":{"line":93,"column":5}},"21":{"start":{"line":89,"column":17},"end":{"line":89,"column":42}},"22":{"start":{"line":90,"column":6},"end":{"line":90,"column":68}},"23":{"start":{"line":91,"column":6},"end":{"line":91,"column":41}},"24":{"start":{"line":92,"column":6},"end":{"line":92,"column":13}},"25":{"start":{"line":94,"column":4},"end":{"line":94,"column":56}},"26":{"start":{"line":95,"column":4},"end":{"line":95,"column":30}},"27":{"start":{"line":96,"column":4},"end":{"line":96,"column":11}},"28":{"start":{"line":99,"column":2},"end":{"line":114,"column":3}},"29":{"start":{"line":100,"column":16},"end":{"line":100,"column":81}},"30":{"start":{"line":101,"column":4},"end":{"line":104,"column":5}},"31":{"start":{"line":102,"column":6},"end":{"line":102,"column":29}},"32":{"start":{"line":103,"column":6},"end":{"line":103,"column":13}},"33":{"start":{"line":105,"column":4},"end":{"line":112,"column":5}},"34":{"start":{"line":106,"column":17},"end":{"line":106,"column":42}},"35":{"start":{"line":107,"column":6},"end":{"line":109,"column":8}},"36":{"start":{"line":110,"column":6},"end":{"line":110,"column":28}},"37":{"start":{"line":111,"column":6},"end":{"line":111,"column":13}},"38":{"start":{"line":113,"column":4},"end":{"line":113,"column":27}},"39":{"start":{"line":124,"column":13},"end":{"line":124,"column":38}},"40":{"start":{"line":125,"column":2},"end":{"line":125,"column":32}},"41":{"start":{"line":125,"column":20},"end":{"line":125,"column":32}},"42":{"start":{"line":126,"column":2},"end":{"line":126,"column":51}},"43":{"start":{"line":126,"column":39},"end":{"line":126,"column":51}},"44":{"start":{"line":128,"column":13},"end":{"line":128,"column":39}},"45":{"start":{"line":129,"column":15},"end":{"line":129,"column":48}},"46":{"start":{"line":130,"column":20},"end":{"line":130,"column":34}},"47":{"start":{"line":131,"column":23},"end":{"line":131,"column":40}},"48":{"start":{"line":133,"column":2},"end":{"line":142,"column":3}},"49":{"start":{"line":134,"column":4},"end":{"line":134,"column":35}},"50":{"start":{"line":134,"column":23},"end":{"line":134,"column":35}},"51":{"start":{"line":135,"column":4},"end":{"line":140,"column":5}},"52":{"start":{"line":136,"column":6},"end":{"line":139,"column":8}},"53":{"start":{"line":141,"column":4},"end":{"line":141,"column":54}},"54":{"start":{"line":144,"column":2},"end":{"line":156,"column":3}},"55":{"start":{"line":145,"column":16},"end":{"line":145,"column":81}},"56":{"start":{"line":146,"column":4},"end":{"line":146,"column":44}},"57":{"start":{"line":146,"column":31},"end":{"line":146,"column":44}},"58":{"start":{"line":147,"column":4},"end":{"line":147,"column":36}},"59":{"start":{"line":147,"column":23},"end":{"line":147,"column":36}},"60":{"start":{"line":148,"column":15},"end":{"line":148,"column":29}},"61":{"start":{"line":149,"column":15},"end":{"line":149,"column":40}},"62":{"start":{"line":150,"column":17},"end":{"line":153,"column":5}},"63":{"start":{"line":154,"column":15},"end":{"line":154,"column":26}},"64":{"start":{"line":155,"column":4},"end":{"line":155,"column":30}},"65":{"start":{"line":158,"column":2},"end":{"line":158,"column":14}},"66":{"start":{"line":170,"column":33},"end":{"line":170,"column":38}},"67":{"start":{"line":171,"column":2},"end":{"line":171,"column":56}},"68":{"start":{"line":171,"column":49},"end":{"line":171,"column":56}},"69":{"start":{"line":173,"column":2},"end":{"line":179,"column":3}},"70":{"start":{"line":174,"column":4},"end":{"line":177,"column":5}},"71":{"start":{"line":175,"column":6},"end":{"line":175,"column":26}},"72":{"start":{"line":176,"column":6},"end":{"line":176,"column":28}},"73":{"start":{"line":178,"column":4},"end":{"line":178,"column":11}},"74":{"start":{"line":181,"column":20},"end":{"line":181,"column":68}},"75":{"start":{"line":182,"column":22},"end":{"line":182,"column":72}},"76":{"start":{"line":183,"column":15},"end":{"line":183,"column":48}},"77":{"start":{"line":184,"column":20},"end":{"line":184,"column":34}},"78":{"start":{"line":185,"column":13},"end":{"line":185,"column":39}},"79":{"start":{"line":186,"column":23},"end":{"line":186,"column":40}},"80":{"start":{"line":188,"column":13},"end":{"line":188,"column":42}},"81":{"start":{"line":189,"column":13},"end":{"line":189,"column":44}},"82":{"start":{"line":190,"column":14},"end":{"line":190,"column":79}},"83":{"start":{"line":192,"column":21},"end":{"line":192,"column":30}},"84":{"start":{"line":193,"column":2},"end":{"line":211,"column":3}},"85":{"start":{"line":194,"column":16},"end":{"line":194,"column":25}},"86":{"start":{"line":195,"column":4},"end":{"line":198,"column":5}},"87":{"start":{"line":196,"column":17},"end":{"line":196,"column":31}},"88":{"start":{"line":197,"column":6},"end":{"line":197,"column":55}},"89":{"start":{"line":197,"column":35},"end":{"line":197,"column":55}},"90":{"start":{"line":199,"column":19},"end":{"line":199,"column":51}},"91":{"start":{"line":200,"column":4},"end":{"line":210,"column":5}},"92":{"start":{"line":201,"column":17},"end":{"line":201,"column":48}},"93":{"start":{"line":201,"column":34},"end":{"line":201,"column":37}},"94":{"start":{"line":202,"column":17},"end":{"line":202,"column":42}},"95":{"start":{"line":203,"column":22},"end":{"line":206,"column":7}},"96":{"start":{"line":207,"column":6},"end":{"line":209,"column":7}},"97":{"start":{"line":208,"column":8},"end":{"line":208,"column":81}},"98":{"start":{"line":217,"column":15},"end":{"line":217,"column":43}},"99":{"start":{"line":218,"column":4},"end":{"line":218,"column":34}},"100":{"start":{"line":218,"column":22},"end":{"line":218,"column":34}},"101":{"start":{"line":219,"column":4},"end":{"line":228,"column":5}},"102":{"start":{"line":220,"column":6},"end":{"line":220,"column":37}},"103":{"start":{"line":220,"column":25},"end":{"line":220,"column":37}},"104":{"start":{"line":221,"column":6},"end":{"line":226,"column":7}},"105":{"start":{"line":222,"column":8},"end":{"line":225,"column":10}},"106":{"start":{"line":227,"column":6},"end":{"line":227,"column":56}},"107":{"start":{"line":229,"column":4},"end":{"line":234,"column":5}},"108":{"start":{"line":230,"column":6},"end":{"line":230,"column":38}},"109":{"start":{"line":230,"column":25},"end":{"line":230,"column":38}},"110":{"start":{"line":231,"column":6},"end":{"line":231,"column":46}},"111":{"start":{"line":231,"column":33},"end":{"line":231,"column":46}},"112":{"start":{"line":232,"column":17},"end":{"line":232,"column":57}},"113":{"start":{"line":233,"column":6},"end":{"line":233,"column":32}},"114":{"start":{"line":235,"column":4},"end":{"line":235,"column":16}},"115":{"start":{"line":238,"column":2},"end":{"line":241,"column":3}},"116":{"start":{"line":239,"column":4},"end":{"line":239,"column":63}},"117":{"start":{"line":240,"column":4},"end":{"line":240,"column":69}},"118":{"start":{"line":251,"column":16},"end":{"line":251,"column":97}},"119":{"start":{"line":252,"column":2},"end":{"line":252,"column":57}}},"fnMap":{"0":{"name":"normalizeDataScope","decl":{"start":{"line":49,"column":16},"end":{"line":49,"column":34}},"loc":{"start":{"line":49,"column":38},"end":{"line":54,"column":1}},"line":49},"1":{"name":"fieldNameSet","decl":{"start":{"line":57,"column":9},"end":{"line":57,"column":21}},"loc":{"start":{"line":57,"column":36},"end":{"line":59,"column":1}},"line":57},"2":{"name":"(anonymous_2)","decl":{"start":{"line":58,"column":50},"end":{"line":58,"column":51}},"loc":{"start":{"line":58,"column":57},"end":{"line":58,"column":63}},"line":58},"3":{"name":"appendRowScopeFilter","decl":{"start":{"line":75,"column":16},"end":{"line":75,"column":36}},"loc":{"start":{"line":75,"column":89},"end":{"line":115,"column":1}},"line":75},"4":{"name":"rowMatchesScope","decl":{"start":{"line":123,"column":22},"end":{"line":123,"column":37}},"loc":{"start":{"line":123,"column":70},"end":{"line":159,"column":1}},"line":123},"5":{"name":"annotateRowsModifyAccess","decl":{"start":{"line":169,"column":22},"end":{"line":169,"column":46}},"loc":{"start":{"line":169,"column":91},"end":{"line":242,"column":1}},"line":169},"6":{"name":"(anonymous_6)","decl":{"start":{"line":201,"column":28},"end":{"line":201,"column":29}},"loc":{"start":{"line":201,"column":34},"end":{"line":201,"column":37}},"line":201},"7":{"name":"matches","decl":{"start":{"line":216,"column":11},"end":{"line":216,"column":18}},"loc":{"start":{"line":216,"column":34},"end":{"line":236,"column":3}},"line":216},"8":{"name":"canUserModifyRow","decl":{"start":{"line":250,"column":22},"end":{"line":250,"column":38}},"loc":{"start":{"line":250,"column":83},"end":{"line":253,"column":1}},"line":250}},"branchMap":{"0":{"loc":{"start":{"line":50,"column":19},"end":{"line":50,"column":29}},"type":"binary-expr","locations":[{"start":{"line":50,"column":19},"end":{"line":50,"column":20}},{"start":{"line":50,"column":24},"end":{"line":50,"column":29}}],"line":50},"1":{"loc":{"start":{"line":51,"column":2},"end":{"line":51,"column":32}},"type":"if","locations":[{"start":{"line":51,"column":2},"end":{"line":51,"column":32}},{"start":{},"end":{}}],"line":51},"2":{"loc":{"start":{"line":52,"column":2},"end":{"line":52,"column":34}},"type":"if","locations":[{"start":{"line":52,"column":2},"end":{"line":52,"column":34}},{"start":{},"end":{}}],"line":52},"3":{"loc":{"start":{"line":58,"column":18},"end":{"line":58,"column":44}},"type":"binary-expr","locations":[{"start":{"line":58,"column":18},"end":{"line":58,"column":38}},{"start":{"line":58,"column":42},"end":{"line":58,"column":44}}],"line":58},"4":{"loc":{"start":{"line":77,"column":2},"end":{"line":77,"column":27}},"type":"if","locations":[{"start":{"line":77,"column":2},"end":{"line":77,"column":27}},{"start":{},"end":{}}],"line":77},"5":{"loc":{"start":{"line":78,"column":2},"end":{"line":78,"column":46}},"type":"if","locations":[{"start":{"line":78,"column":2},"end":{"line":78,"column":46}},{"start":{},"end":{}}],"line":78},"6":{"loc":{"start":{"line":78,"column":6},"end":{"line":78,"column":37}},"type":"binary-expr","locations":[{"start":{"line":78,"column":6},"end":{"line":78,"column":10}},{"start":{"line":78,"column":14},"end":{"line":78,"column":37}}],"line":78},"7":{"loc":{"start":{"line":85,"column":2},"end":{"line":97,"column":3}},"type":"if","locations":[{"start":{"line":85,"column":2},"end":{"line":97,"column":3}},{"start":{},"end":{}}],"line":85},"8":{"loc":{"start":{"line":86,"column":4},"end":{"line":86,"column":30}},"type":"if","locations":[{"start":{"line":86,"column":4},"end":{"line":86,"column":30}},{"start":{},"end":{}}],"line":86},"9":{"loc":{"start":{"line":88,"column":4},"end":{"line":93,"column":5}},"type":"if","locations":[{"start":{"line":88,"column":4},"end":{"line":93,"column":5}},{"start":{},"end":{}}],"line":88},"10":{"loc":{"start":{"line":99,"column":2},"end":{"line":114,"column":3}},"type":"if","locations":[{"start":{"line":99,"column":2},"end":{"line":114,"column":3}},{"start":{},"end":{}}],"line":99},"11":{"loc":{"start":{"line":100,"column":16},"end":{"line":100,"column":81}},"type":"cond-expr","locations":[{"start":{"line":100,"column":57},"end":{"line":100,"column":74}},{"start":{"line":100,"column":77},"end":{"line":100,"column":81}}],"line":100},"12":{"loc":{"start":{"line":100,"column":16},"end":{"line":100,"column":54}},"type":"binary-expr","locations":[{"start":{"line":100,"column":16},"end":{"line":100,"column":34}},{"start":{"line":100,"column":38},"end":{"line":100,"column":54}}],"line":100},"13":{"loc":{"start":{"line":101,"column":4},"end":{"line":104,"column":5}},"type":"if","locations":[{"start":{"line":101,"column":4},"end":{"line":104,"column":5}},{"start":{},"end":{}}],"line":101},"14":{"loc":{"start":{"line":105,"column":4},"end":{"line":112,"column":5}},"type":"if","locations":[{"start":{"line":105,"column":4},"end":{"line":112,"column":5}},{"start":{},"end":{}}],"line":105},"15":{"loc":{"start":{"line":125,"column":2},"end":{"line":125,"column":32}},"type":"if","locations":[{"start":{"line":125,"column":2},"end":{"line":125,"column":32}},{"start":{},"end":{}}],"line":125},"16":{"loc":{"start":{"line":126,"column":2},"end":{"line":126,"column":51}},"type":"if","locations":[{"start":{"line":126,"column":2},"end":{"line":126,"column":51}},{"start":{},"end":{}}],"line":126},"17":{"loc":{"start":{"line":126,"column":6},"end":{"line":126,"column":37}},"type":"binary-expr","locations":[{"start":{"line":126,"column":6},"end":{"line":126,"column":10}},{"start":{"line":126,"column":14},"end":{"line":126,"column":37}}],"line":126},"18":{"loc":{"start":{"line":133,"column":2},"end":{"line":142,"column":3}},"type":"if","locations":[{"start":{"line":133,"column":2},"end":{"line":142,"column":3}},{"start":{},"end":{}}],"line":133},"19":{"loc":{"start":{"line":134,"column":4},"end":{"line":134,"column":35}},"type":"if","locations":[{"start":{"line":134,"column":4},"end":{"line":134,"column":35}},{"start":{},"end":{}}],"line":134},"20":{"loc":{"start":{"line":135,"column":4},"end":{"line":140,"column":5}},"type":"if","locations":[{"start":{"line":135,"column":4},"end":{"line":140,"column":5}},{"start":{},"end":{}}],"line":135},"21":{"loc":{"start":{"line":137,"column":8},"end":{"line":138,"column":50}},"type":"binary-expr","locations":[{"start":{"line":137,"column":8},"end":{"line":137,"column":42}},{"start":{"line":138,"column":8},"end":{"line":138,"column":50}}],"line":137},"22":{"loc":{"start":{"line":144,"column":2},"end":{"line":156,"column":3}},"type":"if","locations":[{"start":{"line":144,"column":2},"end":{"line":156,"column":3}},{"start":{},"end":{}}],"line":144},"23":{"loc":{"start":{"line":145,"column":16},"end":{"line":145,"column":81}},"type":"cond-expr","locations":[{"start":{"line":145,"column":57},"end":{"line":145,"column":74}},{"start":{"line":145,"column":77},"end":{"line":145,"column":81}}],"line":145},"24":{"loc":{"start":{"line":145,"column":16},"end":{"line":145,"column":54}},"type":"binary-expr","lo
[...]
5,"column":4},"end":{"line":55,"column":86}},"17":{"start":{"line":57,"column":2},"end":{"line":59,"column":3}},"18":{"start":{"line":58,"column":4},"end":{"line":58,"column":65}},"19":{"start":{"line":60,"column":2},"end":{"line":60,"column":15}},"20":{"start":{"line":68,"column":2},"end":{"line":68,"column":76}},"21":{"start":{"line":68,"column":63},"end":{"line":68,"column":76}},"22":{"start":{"line":69,"column":20},"end":{"line":69,"column":60}},"23":{"start":{"line":69,"column":44},"end":{"line":69,"column":59}},"24":{"start":{"line":70,"column":2},"end":{"line":70,"column":86}},"25":{"start":{"line":70,"column":73},"end":{"line":70,"column":86}},"26":{"start":{"line":71,"column":13},"end":{"line":71,"column":44}},"27":{"start":{"line":72,"column":2},"end":{"line":72,"column":90}},"28":{"start":{"line":80,"column":12},"end":{"line":80,"column":22}},"29":{"start":{"line":81,"column":16},"end":{"line":81,"column":33}},"30":{"start":{"line":83,"column":2},"end":{"line":88,"column":3}},"31":{"start":{"line":84,"column":4},"end":{"line":86,"column":5}},"32":{"start":{"line":85,"column":6},"end":{"line":85,"column":45}},"33":{"start":{"line":87,"column":4},"end":{"line":87,"column":16}},"34":{"start":{"line":89,"column":2},"end":{"line":94,"column":3}},"35":{"start":{"line":90,"column":4},"end":{"line":92,"column":5}},"36":{"start":{"line":91,"column":6},"end":{"line":91,"column":57}},"37":{"start":{"line":93,"column":4},"end":{"line":93,"column":16}},"38":{"start":{"line":95,"column":2},"end":{"line":100,"column":3}},"39":{"start":{"line":96,"column":4},"end":{"line":98,"column":5}},"40":{"start":{"line":97,"column":6},"end":{"line":97,"column":44}},"41":{"start":{"line":99,"column":4},"end":{"line":99,"column":16}},"42":{"start":{"line":101,"column":2},"end":{"line":106,"column":3}},"43":{"start":{"line":102,"column":4},"end":{"line":104,"column":5}},"44":{"start":{"line":103,"column":6},"end":{"line":103,"column":63}},"45":{"start":{"line":105,"column":4},"end":{"line":105,"column":16}},"46":{"start":{"line":107,"column":2},"end":{"line":114,"column":3}},"47":{"start":{"line":108,"column":17},"end":{"line":108,"column":36}},"48":{"start":{"line":109,"column":15},"end":{"line":109,"column":95}},"49":{"start":{"line":109,"column":32},"end":{"line":109,"column":94}},"50":{"start":{"line":110,"column":4},"end":{"line":112,"column":5}},"51":{"start":{"line":111,"column":6},"end":{"line":111,"column":62}},"52":{"start":{"line":113,"column":4},"end":{"line":113,"column":16}},"53":{"start":{"line":115,"column":2},"end":{"line":120,"column":3}},"54":{"start":{"line":116,"column":4},"end":{"line":118,"column":5}},"55":{"start":{"line":117,"column":6},"end":{"line":117,"column":53}},"56":{"start":{"line":119,"column":4},"end":{"line":119,"column":16}},"57":{"start":{"line":121,"column":2},"end":{"line":121,"column":14}},"58":{"start":{"line":136,"column":17},"end":{"line":136,"column":42}},"59":{"start":{"line":137,"column":17},"end":{"line":137,"column":67}},"60":{"start":{"line":137,"column":54},"end":{"line":137,"column":65}},"61":{"start":{"line":139,"column":2},"end":{"line":161,"column":3}},"62":{"start":{"line":141,"column":4},"end":{"line":147,"column":5}},"63":{"start":{"line":142,"column":6},"end":{"line":142,"column":53}},"64":{"start":{"line":142,"column":44},"end":{"line":142,"column":53}},"65":{"start":{"line":143,"column":16},"end":{"line":143,"column":28}},"66":{"start":{"line":144,"column":6},"end":{"line":146,"column":7}},"67":{"start":{"line":145,"column":8},"end":{"line":145,"column":47}},"68":{"start":{"line":149,"column":4},"end":{"line":159,"column":5}},"69":{"start":{"line":150,"column":16},"end":{"line":150,"column":27}},"70":{"start":{"line":151,"column":6},"end":{"line":151,"column":44}},"71":{"start":{"line":151,"column":35},"end":{"line":151,"column":44}},"72":{"start":{"line":152,"column":16},"end":{"line":152,"column":25}},"73":{"start":{"line":153,"column":6},"end":{"line":156,"column":7}},"74":{"start":{"line":154,"column":8},"end":{"line":154,"column":34}},"75":{"start":{"line":154,"column":25},"end":{"line":154,"column":34}},"76":{"start":{"line":155,"column":8},"end":{"line":155,"column":47}},"77":{"start":{"line":157,"column":18},"end":{"line":157,"column":43}},"78":{"start":{"line":158,"column":6},"end":{"line":158,"column":26}},"79":{"start":{"line":158,"column":15},"end":{"line":158,"column":26}},"80":{"start":{"line":160,"column":4},"end":{"line":160,"column":16}},"81":{"start":{"line":164,"column":2},"end":{"line":176,"column":3}},"82":{"start":{"line":165,"column":14},"end":{"line":165,"column":25}},"83":{"start":{"line":166,"column":4},"end":{"line":166,"column":42}},"84":{"start":{"line":166,"column":33},"end":{"line":166,"column":42}},"85":{"start":{"line":167,"column":14},"end":{"line":167,"column":23}},"86":{"start":{"line":168,"column":4},"end":{"line":173,"column":5}},"87":{"start":{"line":169,"column":6},"end":{"line":171,"column":7}},"88":{"start":{"line":170,"column":8},"end":{"line":170,"column":51}},"89":{"start":{"line":172,"column":6},"end":{"line":172,"column":15}},"90":{"start":{"line":174,"column":16},"end":{"line":174,"column":41}},"91":{"start":{"line":175,"column":4},"end":{"line":175,"column":24}},"92":{"start":{"line":175,"column":13},"end":{"line":175,"column":24}},"93":{"start":{"line":177,"column":2},"end":{"line":177,"column":14}}},"fnMap":{"0":{"name":"fieldLabel","decl":{"start":{"line":27,"column":9},"end":{"line":27,"column":19}},"loc":{"start":{"line":27,"column":27},"end":{"line":29,"column":1}},"line":27},"1":{"name":"isEmptyValue","decl":{"start":{"line":35,"column":9},"end":{"line":35,"column":21}},"loc":{"start":{"line":35,"column":36},"end":{"line":61,"column":1}},"line":35},"2":{"name":"isValidDateString","decl":{"start":{"line":67,"column":9},"end":{"line":67,"column":26}},"loc":{"start":{"line":67,"column":30},"end":{"line":73,"column":1}},"line":67},"3":{"name":"(anonymous_3)","decl":{"start":{"line":69,"column":37},"end":{"line":69,"column":38}},"loc":{"start":{"line":69,"column":44},"end":{"line":69,"column":59}},"line":69},"4":{"name":"validateFieldFormat","decl":{"start":{"line":79,"column":9},"end":{"line":79,"column":28}},"loc":{"start":{"line":79,"column":43},"end":{"line":122,"column":1}},"line":79},"5":{"name":"(anonymous_5)","decl":{"start":{"line":109,"column":25},"end":{"line":109,"column":26}},"loc":{"start":{"line":109,"column":32},"end":{"line":109,"column":94}},"line":109},"6":{"name":"validateCrudPayloadForWrite","decl":{"start":{"line":135,"column":16},"end":{"line":135,"column":43}},"loc":{"start":{"line":135,"column":85},"end":{"line":178,"column":1}},"line":135},"7":{"name":"(anonymous_7)","decl":{"start":{"line":137,"column":47},"end":{"line":137,"column":48}},"loc":{"start":{"line":137,"column":54},"end":{"line":137,"column":65}},"line":137}},"branchMap":{"0":{"loc":{"start":{"line":28,"column":9},"end":{"line":28,"column":34}},"type":"binary-expr","locations":[{"start":{"line":28,"column":9},"end":{"line":28,"column":20}},{"start":{"line":28,"column":24},"end":{"line":28,"column":34}}],"line":28},"1":{"loc":{"start":{"line":36,"column":2},"end":{"line":36,"column":57}},"type":"if","locations":[{"start":{"line":36,"column":2},"end":{"line":36,"column":57}},{"start":{},"end":{}}],"line":36},"2":{"loc":{"start":{"line":36,"column":6},"end":{"line":36,"column":43}},"type":"binary-expr","locations":[{"start":{"line":36,"column":6},"end":{"line":36,"column":25}},{"start":{"line":36,"column":29},"end":{"line":36,"column":43}}],"line":36},"3":{"loc":{"start":{"line":38,"column":2},"end":{"line":44,"column":3}},"type":"if","locations":[{"start":{"line":38,"column":2},"end":{"line":44,"column":3}},{"start":{},"end":{}}],"line":38},"4":{"loc":{"start":{"line":42,"column":4},"end":{"line":42,"column":34}},"type":"if","locations":[{"start":{"line":42,"column":4},"end":{"line":42,"column":34}},{"start":{},"end":{}}],"line":42},"5":{"loc":{"start":{"line":45,"column":2},"end":{"line":50,"column":3}},"type":"if","locations":[{"start":{"line":45,"column":2},"end":{"line":50,"column":3}},{"start":{},"end":{}}],"line":45},"6":{"loc":{"start":{"line":48,"column":4},"end":{"line":48,"column":34}},"type":"if","locations":[{"start":{"line":48,"column":4},"end":{"line":48,"column":34}},{"start":{},"end":{}}],"line":48},"7":{"loc":{"start":{"line":51,"column":2},"end":{"line":53,"column":3}},"type":"if","locations":[{"start":{"line":51,"column":2},"end":{"line":53,"column":3}},{"start":{},"end":{}}],"line":51},"8":{"loc":{"start":{"line":51,"column":6},"end":{"line":51,"column":55}},"type":"binary-expr","locations":[{"start":{"line":51,"column":6},"end":{"line":51,"column":18}},{"start":{"line":51,"column":22},"end":{"line":51,"column":35}},{"start":{"line":51,"column":39},"end":{"line":51,"column":55}}],"line":51},"9":{"loc":{"start":{"line":54,"column":2},"end":{"line":56,"column":3}},"type":"if","locations":[{"start":{"line":54,"column":2},"end":{"line":56,"column":3}},{"start":{},"end":{}}],"line":54},"10":{"loc":{"start":{"line":55,"column":11},"end":{"line":55,"column":85}},"type":"binary-expr","locations":[{"start":{"line":55,"column":11},"end":{"line":55,"column":23}},{"start":{"line":55,"column":28},"end":{"line":55,"column":53}},{"start":{"line":55,"column":57},"end":{"line":55,"column":84}}],"line":55},"11":{"loc":{"start":{"line":57,"column":2},"end":{"line":59,"column":3}},"type":"if","locations":[{"start":{"line":57,"column":2},"end":{"line":59,"column":3}},{"start":{},"end":{}}],"line":57},"12":{"loc":{"start":{"line":58,"column":11},"end":{"line":58,"column":64}},"type":"binary-expr","locations":[{"start":{"line":58,"column":11},"end":{"line":58,"column":23}},{"start":{"line":58,"column":27},"end":{"line":58,"column":41}},{"start":{"line":58,"column":45},"end":{"line":58,"column":64}}],"line":58},"13":{"loc":{"start":{"line":68,"column":2},"end":{"line":68,"column":76}},"type":"if","locations":[{"start":{"line":68,"column":2},"end":{"line":68,"column":76}},{"start":{},"end":{}}],"line":68},"14":{"loc":{"start":{"line":68,"column":6},"end":{"line":68,"column":61}},"type":"binary-expr","locations":[{"start":{"line":68,"column":6},"end":{"line":68,"column":27}},{"start":{"line":68,"column":31},"end":{"line":68,"column":61}}],"line":68},"15":{"loc":{"start":{"line":70,"column":2},"end":{"line":70,"column":86}},"type":"if","locations":[{"start":{"line":70,"column":2},"end":{"line":70,"column":86}},{"start":{},"end":{}}],"line":70},"16":{"loc":{"start":{"line":70,"column":6},"end":{"line":70,"column":71}},"type":"binary-expr","locations":[{"start":{"line":70,"column":6},"end":{"line":70,"column":25}},{"start":{"line":70,"column":29},"end":{"line":70,"column":48}},{"start":{"line":70,"column":52},"end":{"line":70,"column":71}}],"line":70},"17":{"loc":{"start":{"line":72,"column":9},"end":{"line":72,"column":89}},"type":"binary-expr","locations":[{"start":{"line":72,"column":9},"end":{"line":72,"column":34}},{"start":{"line":72,"column":38},"end":{"line":72,"column":64}},{"start":{"line":72,"column":68},"end":{"line":72,"column":89}}],"line":72},"18":{"loc":{"start":{"line":83,"column":2},"end":{"line":88,"column":3}},"type":"if","locations":[{"start":{"line":83,"column":2},"end":{"line":88,"column":3}},{"start":{},"end":{}}],"line":83},"19":{"loc":{"start":{"line":83,"column":6},"end":{"line":83,"column":38}},"type":"binary-expr","locations":[{"start":{"line":83,"column":6},"end":{"line":83,"column":18}},{"start":{"line":83,"column":22},"end":{"line":83,"column":38}}],"line":83},"20":{"loc":{"start":{"line":84,"column":4},"end":{"line":86,"column":5}},"type":"if","locations":[{"start":{"line":84,"column":4},"end":{"line":86,"column":5}},{"start":{},"end":{}}],"line":84},"21":{"loc":{"start":{"line":84,"column":8},"end":{"line":84,"column":51}},"type":"binary-expr","locations":[{"start":{"line":84,"column":8},"end":{"line":84,"column":33}},{"start":{"line":84,"column":37},"end":{"line":84,"column":51}}],"line":84},"22":{"loc":{"start":{"line":89,"column":2},"end":{"line":94,"column":3}},"type":"if","locations":[{"start":{"line":89,"column":2},"end":{"line":94,"column":3}},{"start":{},"end":{}}],"line":89},"23":{"loc":{"start":{"line":90,"column":4},"end":{"line":92,"column":5}},"type":"if","locations":[{"start":{"line":90,"column":4},"end":{"line":92,"column":5}},{"start":{},"end":{}}],"line":90},"24":{"loc":{"start":{"line":90,"column":8},"end":{"line":90,"column":65}},"type":"binary-expr","locations":[{"start":{"line":90,"column":8},"end":{"line":90,"column":33}},{"start":{"line":90,"column":37},"end":{"line":90,"column":65}}],"line":90},"25":{"loc":{"start":{"line":95,"column":2},"end":{"line":100,"column":3}},"type":"if","locations":[{"start":{"line":95,"column":2},"end":{"line":100,"column":3}},{"start":{},"end":{}}],"line":95},"26":{"loc":{"start":{"line":96,"column":4},"end":{"line":98,"column":5}},"type":"if","locations":[{"start":{"line":96,"column":4},"end":{"line":98,"column":5}},{"start":{},"end":{}}],"line":96},"27":{"loc":{"start":{"line":101,"column":2},"end":{"line":106,"column":3}},"type":"if","locations":[{"start":{"line":101,"column":2},"end":{"line":106,"column":3}},{"start":{},"end":{}}],"line":101},"28":{"loc":{"start":{"line":102,"column":4},"end":{"line":104,"column":5}},"type":"if","locations":[{"start":{"line":102,"column":4},"end":{"line":104,"column":5}},{"start":{},"end":{}}],"line":102},"29":{"loc":{"start":{"line":102,"column":8},"end":{"line":102,"column":62}},"type":"binary-expr","locations":[{"start":{"line":102,"column":8},"end":{"line":102,"column":33}},{"start":{"line":102,"column":37},"end":{"line":102,"column":62}}],"line":102},"30":{"loc":{"start":{"line":107,"column":2},"end":{"line":114,"column":3}},"type":"if","locations":[{"start":{"line":107,"column":2},"end":{"line":114,"column":3}},{"start":{},"end":{}}],"line":107},"31":{"loc":{"start":{"line":108,"column":17},"end":{"line":108,"column":36}},"type":"binary-expr","locations":[{"start":{"line":108,"column":17},"end":{"line":108,"column":30}},{"start":{"line":108,"column":34},"end":{"line":108,"column":36}}],"line":108},"32":{"loc":{"start":{"line":109,"column":32},"end":{"line":109,"column":94}},"type":"binary-expr","locations":[{"start":{"line":109,"column":32},"end":{"line":109,"column":57}},{"start":{"line":109,"column":61},"end":{"line":109,"column":94}}],"line":109},"33":{"loc":{"start":{"line":110,"column":4},"end":{"line":112,"column":5}},"type":"if","locations":[{"start":{"line":110,"column":4},"end":{"line":112,"column":5}},{"start":{},"end":{}}],"line":110},"34":{"loc":{"start":{"line":115,"column":2},"end":{"line":120,"column":3}},"type":"if","locations":[{"start":{"line":115,"column":2},"end":{"line":120,"column":3}},{"start":{},"end":{}}],"line":115},"35":{"loc":{"start":{"line":116,"column":4},"end":{"line":118,"column":5}},"type":"if","locations":[{"start":{"line":116,"column":4},"end":{"line":118,"column":5}},{"start":{},"end":{}}],"line":116},"36":{"loc":{"start":{"line":136,"column":17},"end":{"line":136,"column":42}},"type":"binary-expr","locations":[{"start":{"line":136,"column":17},"end":{"line":136,"column":36}},{"start":{"line":136,"column":40},"end":{"line":136,"column":42}}],"line":136},"37":{"loc":{"start":{"line":139,"column":2},"end":{"line":161,"column":3}},"type":"if","locations":[{"start":{"line":139,"column":2},"end":{"line":161,"column":3}},{"start":{},"end":{}}],"line":139},"38":{"loc":{"start":{"line":142,"column":6},"end":{"line":142,"column":53}},"type":"if","locations":[{"start":{"line":142,"column":6},"end":{"line":142,"column":53}},{"start":{},"end":{}}],"line":142},"39":{"loc":{"start":{"line":142,"column":10},"end":{"line":142,"column":42}},"type":"binary-expr","locations":[{"start":{"line":142,"column":10},"end":{"line":142,"column":27}},{"start":{"line":142,"column":31},"end":{"line":142,"column":42}}],"line":142},"40":{"loc":{"start":{"line":144,"column":6},"end":{"line":146,"column":7}},"type":"if","locations":[{"start":{"line":144,"column":6},"end":{"line":146,"column":7}},{"start":{},"end":{}}],"line":144},"41":{"loc":{"start":{"line":144,"column":10},"end":{"line":144,"column":83}},"type":"binary-expr","locations":[{"start":{"line":144,"column":10},"end":{"line":144,"column":61}},{"start":{"line":144,"column":65},"end":{"line":144,"column":83}}],"line":144},"42":{"loc":{"start":{"line":151,"column":6},"end":{"line":151,"column":44}},"type":"if","locations":[{"start":{"line":151,"column":6},"end":{"line":151,"column":44}},{"start":{},"end":{}}],"line":151},"43":{"loc":{"start":{"line":151,"column":10},"end":{"line":151,"column":33}},"type":"binary-expr","locations":[{"start":{"line":151,"column":10},"end":{"line":151,"column":12}},{"start":{"line":151,"column":16},"end":{"line":151,"column":33}}],"line":151},"44":{"loc":{"start":{"line":153,"column":6},"end":{"line":156,"column":7}},"type":"if","locations":[{"start":{"line":153,"column":6},"end":{"line":156,"column":7}},{"start":{},"end":{}}],"line":153},"45":{"loc":{"start":{"line":154,"column":8},"end":{"line":154,"column":34}},"type":"if","locations":[{"start":{"line":154,"column":8},"end":{"line":154,"column":34}},{"start":{},"end":{}}],"line":154},"46":{"loc":{"start":{"line":158,"column":6},"end":{"line":158,"column":26}},"type":"if","locations":[{"start":{"line":158,"column":6},"end":{"line":158,"column":26}},{"start":{},"end":{}}],"line":158},"47":{"loc":{"start":{"line":166,"column":4},"end":{"line":166,"column":42}},"type":"if","locations":[{"start":{"line":166,"column":4},"end":{"line":166,"column":42}},{"start":{},"end":{}}],"line":166},"48":{"loc":{"start":{"line":166,"column":8},"end":{"line":166,"column":31}},"type":"binary-expr","locations":[{"start":{"line":166,"column":8},"end":{"line":166,"column":10}},{"start":{"line":166,"column":14},"end":{"line":166,"column":31}}],"line":166},"49":{"loc":{"start":{"line":168,"column":4},"end":{"line":173,"column":5}},"type":"if","locations":[{"start":{"line":168,"column":4},"end":{"line":173,"column":5}},{"start":{},"end":{}}],"line":168},"50":{"loc":{"start":{"line":169,"column":6},"end":{"line":171,"column":7}},"type":"if","locations":[{"start":{"line":169,"column":6},"end":{"line":171,"column":7}},{"start":{},"end":{}}],"line":169},"51":{"loc":{"start":{"line":175,"column":4},"end":{"line":175,"column":24}},"type":"if","locations":[{"start":{"line":175,"column":4},"end":{"line":175,"column":24}},{"start":{},"end":{}}],"line":175}},"s":{"0":1,"1":44,"2":81,"3":1,"4":80,"5":80,"6":3,"7":1,"8":2,"9":77,"10":30,"11":0,"12":30,"13":47,"14":39,"15":8,"16":4,"17":4,"18":3,"19":1,"20":3,"21":1,"22":2,"23":6,"24":2,"25":0,"26":2,"27":2,"28":39,"29":39,"30":39,"31":15,"32":1,"33":14,"34":24,"35":3,"36":2,"37":1,"38":21,"39":14,"40":0,"41":14,"42":7,"43":3,"44":2,"45":1,"46":4,"47":2,"48":2,"49":4,"50":2,"51":1,"52":1,"53":2,"54":1,"55":0,"56":1,"57":1,"58":23,"59":23,"60":176,"61":23,"62":19,"63":128,"64":92,"65":36,"66":36,"67":4,"68":15,"69":45,"70":45,"71":2,"72":43,"73":43,"74":5,"75":5,"76":0,"77":38,"78":38,"79":5,"80":10,"81":4,"82":4,"83":4,"84":1,"85":3,"86":3,"87":2,"88":1,"89":1,"90":1,"91":1,"92":1,"93":2},"f":{"0":44,"1":81,"2":3,"3":6,"4":39,"5":4,"6":23,"7":176},"b":{"0":[44,0],"1":[1,80],"2":[81,81],"3":[3,77],"4":[1,2],"5":[30,47],"6":[0,30],"7":[39,8],"8":[47,13,8],"9":[4,4],"10":[4,3,3],"11":[3,1],"12":[3,2,2],"13":[1,2],"14":[3,3],"15":[0,2],"16":[2,2,2],"17":[2,2,1],"18":[15,24],"19":[39,24],"20":[1,14],"21":[15,1],"22":[3,21],"23":[2,1],"24":[3,3],"25":[14,7],"26":[0,14],"27":[3,4],"28":[2,1],"29":[3,3],"30":[2,2],"31":[2,0],"32":[4,3],"33":[1,1],"34":[1,1],"35":[0,1],"36":[23,1],"37":[19,4],"38":[92,36],"39":[128,113],"40":[4,32],"41":[36,35],"42":[2,43],"43":[45,44],"44":[5,38],"45":[5,0],"46":[5,33],"47":[1,3],"48":[4,3],"49":[2,1],"50":[1,1],"51":[1,0]},"_coverageSchema":"1a1c01bbd47fc00a2c39e90264f33305004495a9","hash":"9b7c5fe0dfbf44d164305bc5425975a8743c71dd"}
}
