{"C:\\Users\\Amith Prasad\\Amith's Libraries\\NEW ERP\\tarka_new_erp\\app\\api\\auth\\change-password\\route.js": {"path":"C:\\Users\\Amith Prasad\\Amith's Libraries\\NEW ERP\\tarka_new_erp\\app\\api\\auth\\change-password\\route.js","statementMap":{"0":{"start":{"line":21,"column":2},"end":{"line":21,"column":36}},"1":{"start":{"line":36,"column":2},"end":{"line":92,"column":3}},"2":{"start":{"line":38,"column":24},"end":{"line":38,"column":39}},"3":{"start":{"line":39,"column":16},"end":{"line":39,"column":49}},"4":{"start":{"line":40,"column":24},"end":{"line":40,"column":49}},"5":{"start":{"line":41,"column":4},"end":{"line":43,"column":5}},"6":{"start":{"line":42,"column":6},"end":{"line":42,"column":71}},"7":{"start":{"line":45,"column":17},"end":{"line":45,"column":33}},"8":{"start":{"line":46,"column":28},"end":{"line":46,"column":63}},"9":{"start":{"line":47,"column":24},"end":{"line":47,"column":55}},"10":{"start":{"line":48,"column":28},"end":{"line":48,"column":63}},"11":{"start":{"line":50,"column":4},"end":{"line":52,"column":5}},"12":{"start":{"line":51,"column":6},"end":{"line":51,"column":92}},"13":{"start":{"line":54,"column":32},"end":{"line":56,"column":6}},"14":{"start":{"line":57,"column":4},"end":{"line":59,"column":5}},"15":{"start":{"line":58,"column":6},"end":{"line":58,"column":76}},"16":{"start":{"line":61,"column":4},"end":{"line":63,"column":5}},"17":{"start":{"line":62,"column":6},"end":{"line":62,"column":106}},"18":{"start":{"line":64,"column":4},"end":{"line":69,"column":5}},"19":{"start":{"line":65,"column":6},"end":{"line":68,"column":8}},"20":{"start":{"line":71,"column":15},"end":{"line":71,"column":40}},"21":{"start":{"line":72,"column":19},"end":{"line":74,"column":6}},"22":{"start":{"line":75,"column":17},"end":{"line":75,"column":26}},"23":{"start":{"line":76,"column":4},"end":{"line":78,"column":5}},"24":{"start":{"line":77,"column":6},"end":{"line":77,"column":74}},"25":{"start":{"line":81,"column":27},"end":{"line":81,"column":54}},"26":{"start":{"line":82,"column":15},"end":{"line":82,"column":49}},"27":{"start":{"line":83,"column":4},"end":{"line":85,"column":5}},"28":{"start":{"line":84,"column":6},"end":{"line":84,"column":89}},"29":{"start":{"line":87,"column":4},"end":{"line":87,"column":98}},"30":{"start":{"line":89,"column":4},"end":{"line":89,"column":82}},"31":{"start":{"line":91,"column":4},"end":{"line":91,"column":95}}},"fnMap":{"0":{"name":"normalizeText","decl":{"start":{"line":20,"column":9},"end":{"line":20,"column":22}},"loc":{"start":{"line":20,"column":30},"end":{"line":22,"column":1}},"line":20},"1":{"name":"POST","decl":{"start":{"line":35,"column":22},"end":{"line":35,"column":26}},"loc":{"start":{"line":35,"column":32},"end":{"line":93,"column":1}},"line":35}},"branchMap":{"0":{"loc":{"start":{"line":21,"column":16},"end":{"line":21,"column":27}},"type":"binary-expr","locations":[{"start":{"line":21,"column":16},"end":{"line":21,"column":21}},{"start":{"line":21,"column":25},"end":{"line":21,"column":27}}],"line":21},"1":{"loc":{"start":{"line":41,"column":4},"end":{"line":43,"column":5}},"type":"if","locations":[{"start":{"line":41,"column":4},"end":{"line":43,"column":5}},{"start":{},"end":{}}],"line":41},"2":{"loc":{"start":{"line":46,"column":35},"end":{"line":46,"column":62}},"type":"binary-expr","locations":[{"start":{"line":46,"column":35},"end":{"line":46,"column":56}},{"start":{"line":46,"column":60},"end":{"line":46,"column":62}}],"line":46},"3":{"loc":{"start":{"line":47,"column":31},"end":{"line":47,"column":54}},"type":"binary-expr","locations":[{"start":{"line":47,"column":31},"end":{"line":47,"column":48}},{"start":{"line":47,"column":52},"end":{"line":47,"column":54}}],"line":47},"4":{"loc":{"start":{"line":48,"column":35},"end":{"line":48,"column":62}},"type":"binary-expr","locations":[{"start":{"line":48,"column":35},"end":{"line":48,"column":56}},{"start":{"line":48,"column":60},"end":{"line":48,"column":62}}],"line":48},"5":{"loc":{"start":{"line":50,"column":4},"end":{"line":52,"column":5}},"type":"if","locations":[{"start":{"line":50,"column":4},"end":{"line":52,"column":5}},{"start":{},"end":{}}],"line":50},"6":{"loc":{"start":{"line":50,"column":8},"end":{"line":50,"column":60}},"type":"binary-expr","locations":[{"start":{"line":50,"column":8},"end":{"line":50,"column":24}},{"start":{"line":50,"column":28},"end":{"line":50,"column":40}},{"start":{"line":50,"column":44},"end":{"line":50,"column":60}}],"line":50},"7":{"loc":{"start":{"line":57,"column":4},"end":{"line":59,"column":5}},"type":"if","locations":[{"start":{"line":57,"column":4},"end":{"line":59,"column":5}},{"start":{},"end":{}}],"line":57},"8":{"loc":{"start":{"line":61,"column":4},"end":{"line":63,"column":5}},"type":"if","locations":[{"start":{"line":61,"column":4},"end":{"line":63,"column":5}},{"start":{},"end":{}}],"line":61},"9":{"loc":{"start":{"line":64,"column":4},"end":{"line":69,"column":5}},"type":"if","locations":[{"start":{"line":64,"column":4},"end":{"line":69,"column":5}},{"start":{},"end":{}}],"line":64},"10":{"loc":{"start":{"line":76,"column":4},"end":{"line":78,"column":5}},"type":"if","locations":[{"start":{"line":76,"column":4},"end":{"line":78,"column":5}},{"start":{},"end":{}}],"line":76},"11":{"loc":{"start":{"line":81,"column":34},"end":{"line":81,"column":53}},"type":"binary-expr","locations":[{"start":{"line":81,"column":34},"end":{"line":81,"column":47}},{"start":{"line":81,"column":51},"end":{"line":81,"column":53}}],"line":81},"12":{"loc":{"start":{"line":83,"column":4},"end":{"line":85,"column":5}},"type":"if","locations":[{"start":{"line":83,"column":4},"end":{"line":85,"column":5}},{"start":{},"end":{}}],"line":83}},"s":{"0":6,"1":10,"2":10,"3":10,"4":10,"5":10,"6":1,"7":9,"8":9,"9":9,"10":9,"11":9,"12":1,"13":8,"14":8,"15":5,"16":3,"17":1,"18":2,"19":0,"20":2,"21":2,"22":2,"23":2,"24":0,"25":2,"26":2,"27":2,"28":1,"29":1,"30":1,"31":0},"f":{"0":6,"1":10},"b":{"0":[6,0],"1":[1,9],"2":[9,0],"3":[9,0],"4":[9,0],"5":[1,8],"6":[9,8,8],"7":[5,3],"8":[1,2],"9":[0,2],"10":[0,2],"11":[2,0],"12":[1,1]},"_coverageSchema":"1a1c01bbd47fc00a2c39e90264f33305004495a9","hash":"51ad0699c4e31be316a9cdfae6290306671a1379"}
,"C:\\Users\\Amith Prasad\\Amith's Libraries\\NEW ERP\\tarka_new_erp\\lib\\apiErrorResponse.js": {"path":"C:\\Users\\Amith Prasad\\Amith's Libraries\\NEW ERP\\tarka_new_erp\\lib\\apiErrorResponse.js","statementMap":{"0":{"start":{"line":13,"column":2},"end":{"line":13,"column":40}},"1":{"start":{"line":22,"column":16},"end":{"line":22,"column":38}},"2":{"start":{"line":23,"column":2},"end":{"line":25,"column":3}},"3":{"start":{"line":24,"column":4},"end":{"line":24,"column":33}},"4":{"start":{"line":26,"column":2},"end":{"line":26,"column":33}},"5":{"start":{"line":34,"column":15},"end":{"line":34,"column":44}},"6":{"start":{"line":35,"column":2},"end":{"line":41,"column":5}},"7":{"start":{"line":42,"column":2},"end":{"line":48,"column":4}},"8":{"start":{"line":57,"column":51},"end":{"line":57,"column":58}},"9":{"start":{"line":58,"column":2},"end":{"line":62,"column":5}}},"fnMap":{"0":{"name":"isDbOrNetworkError","decl":{"start":{"line":12,"column":16},"end":{"line":12,"column":34}},"loc":{"start":{"line":12,"column":42},"end":{"line":14,"column":1}},"line":12},"1":{"name":"laymanMessageForError","decl":{"start":{"line":21,"column":16},"end":{"line":21,"column":37}},"loc":{"start":{"line":21,"column":54},"end":{"line":27,"column":1}},"line":21},"2":{"name":"jsonApiError","decl":{"start":{"line":33,"column":16},"end":{"line":33,"column":28}},"loc":{"start":{"line":33,"column":93},"end":{"line":49,"column":1}},"line":33},"3":{"name":"jsonApiErrorForAction","decl":{"start":{"line":56,"column":16},"end":{"line":56,"column":37}},"loc":{"start":{"line":56,"column":71},"end":{"line":63,"column":1}},"line":56}},"branchMap":{"0":{"loc":{"start":{"line":23,"column":2},"end":{"line":25,"column":3}},"type":"if","locations":[{"start":{"line":23,"column":2},"end":{"line":25,"column":3}},{"start":{},"end":{}}],"line":23},"1":{"loc":{"start":{"line":23,"column":6},"end":{"line":23,"column":92}},"type":"binary-expr","locations":[{"start":{"line":23,"column":6},"end":{"line":23,"column":31}},{"start":{"line":23,"column":35},"end":{"line":23,"column":92}}],"line":23},"2":{"loc":{"start":{"line":33,"column":53},"end":{"line":33,"column":65}},"type":"default-arg","locations":[{"start":{"line":33,"column":62},"end":{"line":33,"column":65}}],"line":33},"3":{"loc":{"start":{"line":33,"column":67},"end":{"line":33,"column":89}},"type":"default-arg","locations":[{"start":{"line":33,"column":78},"end":{"line":33,"column":89}}],"line":33},"4":{"loc":{"start":{"line":34,"column":15},"end":{"line":34,"column":44}},"type":"binary-expr","locations":[{"start":{"line":34,"column":15},"end":{"line":34,"column":36}},{"start":{"line":34,"column":40},"end":{"line":34,"column":44}}],"line":34},"5":{"loc":{"start":{"line":36,"column":13},"end":{"line":36,"column":44}},"type":"binary-expr","locations":[{"start":{"line":36,"column":13},"end":{"line":36,"column":27}},{"start":{"line":36,"column":31},"end":{"line":36,"column":44}}],"line":36},"6":{"loc":{"start":{"line":45,"column":10},"end":{"line":45,"column":30}},"type":"cond-expr","locations":[{"start":{"line":45,"column":17},"end":{"line":45,"column":25}},{"start":{"line":45,"column":28},"end":{"line":45,"column":30}}],"line":45},"7":{"loc":{"start":{"line":56,"column":57},"end":{"line":56,"column":69}},"type":"default-arg","locations":[{"start":{"line":56,"column":67},"end":{"line":56,"column":69}}],"line":56},"8":{"loc":{"start":{"line":57,"column":10},"end":{"line":57,"column":22}},"type":"default-arg","locations":[{"start":{"line":57,"column":19},"end":{"line":57,"column":22}}],"line":57},"9":{"loc":{"start":{"line":57,"column":24},"end":{"line":57,"column":46}},"type":"default-arg","locations":[{"start":{"line":57,"column":35},"end":{"line":57,"column":46}}],"line":57}},"s":{"0":0,"1":0,"2":0,"3":0,"4":0,"5":0,"6":0,"7":0,"8":0,"9":0},"f":{"0":0,"1":0,"2":0,"3":0},"b":{"0":[0,0],"1":[0,0],"2":[0],"3":[0],"4":[0,0],"5":[0,0],"6":[0,0],"7":[0],"8":[0],"9":[0]},"_coverageSchema":"1a1c01bbd47fc00a2c39e90264f33305004495a9","hash":"aa09d9b8e2b3f025d3baeb989dc4966d8ce4d8f8"}
,"C:\\Users\\Amith Prasad\\Amith's Libraries\\NEW ERP\\tarka_new_erp\\lib\\apiUserMessages.js": {"path":"C:\\Users\\Amith Prasad\\Amith's Libraries\\NEW ERP\\tarka_new_erp\\lib\\apiUserMessages.js","statementMap":{"0":{"start":{"line":6,"column":33},"end":{"line":71,"column":1}},"1":{"start":{"line":75,"column":2},"end":{"line":75,"column":67}}},"fnMap":{"0":{"name":"apiUserMessage","decl":{"start":{"line":74,"column":16},"end":{"line":74,"column":30}},"loc":{"start":{"line":74,"column":36},"end":{"line":76,"column":1}},"line":74}},"branchMap":{"0":{"loc":{"start":{"line":75,"column":9},"end":{"line":75,"column":66}},"type":"binary-expr","locations":[{"start":{"line":75,"column":9},"end":{"line":75,"column":31}},{"start":{"line":75,"column":35},"end":{"line":75,"column":66}}],"line":75}},"s":{"0":1,"1":0},"f":{"0":0},"b":{"0":[0,0]},"_coverageSchema":"1a1c01bbd47fc00a2c39e90264f33305004495a9","hash":"bca8854a323cf4a761de2d0fb3d7bf8bbd8d97d1"}
,"C:\\Users\\Amith Prasad\\Amith's Libraries\\NEW ERP\\tarka_new_erp\\lib\\dbConnectionError.js": {"path":"C:\\Users\\Amith Prasad\\Amith's Libraries\\NEW ERP\\tarka_new_erp\\lib\\dbConnectionError.js","statementMap":{"0":{"start":{"line":12,"column":2},"end":{"line":12,"column":55}},"1":{"start":{"line":12,"column":43},"end":{"line":12,"column":55}},"2":{"start":{"line":14,"column":15},"end":{"line":14,"column":53}},"3":{"start":{"line":15,"column":16},"end":{"line":15,"column":27}},"4":{"start":{"line":16,"column":14},"end":{"line":16,"column":41}},"5":{"start":{"line":17,"column":21},"end":{"line":17,"column":51}},"6":{"start":{"line":20,"column":2},"end":{"line":22,"column":3}},"7":{"start":{"line":21,"column":4},"end":{"line":21,"column":15}},"8":{"start":{"line":24,"column":2},"end":{"line":26,"column":3}},"9":{"start":{"line":25,"column":4},"end":{"line":25,"column":162}},"10":{"start":{"line":27,"column":2},"end":{"line":29,"column":3}},"11":{"start":{"line":28,"column":4},"end":{"line":28,"column":114}},"12":{"start":{"line":30,"column":2},"end":{"line":32,"column":3}},"13":{"start":{"line":31,"column":4},"end":{"line":31,"column":211}},"14":{"start":{"line":33,"column":2},"end":{"line":35,"column":3}},"15":{"start":{"line":34,"column":4},"end":{"line":34,"column":129}},"16":{"start":{"line":36,"column":2},"end":{"line":43,"column":3}},"17":{"start":{"line":42,"column":4},"end":{"line":42,"column":157}},"18":{"start":{"line":44,"column":2},"end":{"line":46,"column":3}},"19":{"start":{"line":45,"column":4},"end":{"line":45,"column":94}},"20":{"start":{"line":47,"column":2},"end":{"line":55,"column":3}},"21":{"start":{"line":48,"column":4},"end":{"line":50,"column":5}},"22":{"start":{"line":49,"column":6},"end":{"line":49,"column":102}},"23":{"start":{"line":51,"column":4},"end":{"line":53,"column":5}},"24":{"start":{"line":52,"column":6},"end":{"line":52,"column":99}},"25":{"start":{"line":54,"column":4},"end":{"line":54,"column":87}},"26":{"start":{"line":57,"column":2},"end":{"line":57,"column":14}}},"fnMap":{"0":{"name":"getDbErrorHint","decl":{"start":{"line":11,"column":16},"end":{"line":11,"column":30}},"loc":{"start":{"line":11,"column":38},"end":{"line":58,"column":1}},"line":11}},"branchMap":{"0":{"loc":{"start":{"line":12,"column":2},"end":{"line":12,"column":55}},"type":"if","locations":[{"start":{"line":12,"column":2},"end":{"line":12,"column":55}},{"start":{},"end":{}}],"line":12},"1":{"loc":{"start":{"line":12,"column":6},"end":{"line":12,"column":41}},"type":"binary-expr","locations":[{"start":{"line":12,"column":6},"end":{"line":12,"column":12}},{"start":{"line":12,"column":16},"end":{"line":12,"column":41}}],"line":12},"2":{"loc":{"start":{"line":14,"column":22},"end":{"line":14,"column":38}},"type":"binary-expr","locations":[{"start":{"line":14,"column":22},"end":{"line":14,"column":32}},{"start":{"line":14,"column":36},"end":{"line":14,"column":38}}],"line":14},"3":{"loc":{"start":{"line":16,"column":21},"end":{"line":16,"column":40}},"type":"binary-expr","locations":[{"start":{"line":16,"column":21},"end":{"line":16,"column":34}},{"start":{"line":16,"column":38},"end":{"line":16,"column":40}}],"line":16},"4":{"loc":{"start":{"line":17,"column":28},"end":{"line":17,"column":50}},"type":"binary-expr","locations":[{"start":{"line":17,"column":28},"end":{"line":17,"column":44}},{"start":{"line":17,"column":48},"end":{"line":17,"column":50}}],"line":17},"5":{"loc":{"start":{"line":20,"column":2},"end":{"line":22,"column":3}},"type":"if","locations":[{"start":{"line":20,"column":2},"end":{"line":22,"column":3}},{"start":{},"end":{}}],"line":20},"6":{"loc":{"start":{"line":20,"column":6},"end":{"line":20,"column":85}},"type":"binary-expr","locations":[{"start":{"line":20,"column":6},"end":{"line":20,"column":38}},{"start":{"line":20,"column":42},"end":{"line":20,"column":85}}],"line":20},"7":{"loc":{"start":{"line":24,"column":2},"end":{"line":26,"column":3}},"type":"if","locations":[{"start":{"line":24,"column":2},"end":{"line":26,"column":3}},{"start":{},"end":{}}],"line":24},"8":{"loc":{"start":{"line":27,"column":2},"end":{"line":29,"column":3}},"type":"if","locations":[{"start":{"line":27,"column":2},"end":{"line":29,"column":3}},{"start":{},"end":{}}],"line":27},"9":{"loc":{"start":{"line":27,"column":6},"end":{"line":27,"column":50}},"type":"binary-expr","locations":[{"start":{"line":27,"column":6},"end":{"line":27,"column":26}},{"start":{"line":27,"column":30},"end":{"line":27,"column":50}}],"line":27},"10":{"loc":{"start":{"line":30,"column":2},"end":{"line":32,"column":3}},"type":"if","locations":[{"start":{"line":30,"column":2},"end":{"line":32,"column":3}},{"start":{},"end":{}}],"line":30},"11":{"loc":{"start":{"line":30,"column":6},"end":{"line":30,"column":90}},"type":"binary-expr","locations":[{"start":{"line":30,"column":6},"end":{"line":30,"column":26}},{"start":{"line":30,"column":30},"end":{"line":30,"column":65}},{"start":{"line":30,"column":69},"end":{"line":30,"column":90}}],"line":30},"12":{"loc":{"start":{"line":33,"column":2},"end":{"line":35,"column":3}},"type":"if","locations":[{"start":{"line":33,"column":2},"end":{"line":35,"column":3}},{"start":{},"end":{}}],"line":33},"13":{"loc":{"start":{"line":33,"column":6},"end":{"line":33,"column":57}},"type":"binary-expr","locations":[{"start":{"line":33,"column":6},"end":{"line":33,"column":39}},{"start":{"line":33,"column":43},"end":{"line":33,"column":57}}],"line":33},"14":{"loc":{"start":{"line":36,"column":2},"end":{"line":43,"column":3}},"type":"if","locations":[{"start":{"line":36,"column":2},"end":{"line":43,"column":3}},{"start":{},"end":{}}],"line":36},"15":{"loc":{"start":{"line":37,"column":4},"end":{"line":40,"column":43}},"type":"binary-expr","locations":[{"start":{"line":37,"column":4},"end":{"line":37,"column":34}},{"start":{"line":38,"column":4},"end":{"line":38,"column":38}},{"start":{"line":39,"column":4},"end":{"line":39,"column":36}},{"start":{"line":40,"column":4},"end":{"line":40,"column":43}}],"line":37},"16":{"loc":{"start":{"line":44,"column":2},"end":{"line":46,"column":3}},"type":"if","locations":[{"start":{"line":44,"column":2},"end":{"line":46,"column":3}},{"start":{},"end":{}}],"line":44},"17":{"loc":{"start":{"line":44,"column":6},"end":{"line":44,"column":50}},"type":"binary-expr","locations":[{"start":{"line":44,"column":6},"end":{"line":44,"column":32}},{"start":{"line":44,"column":36},"end":{"line":44,"column":50}}],"line":44},"18":{"loc":{"start":{"line":47,"column":2},"end":{"line":55,"column":3}},"type":"if","locations":[{"start":{"line":47,"column":2},"end":{"line":55,"column":3}},{"start":{},"end":{}}],"line":47},"19":{"loc":{"start":{"line":47,"column":6},"end":{"line":47,"column":51}},"type":"binary-expr","locations":[{"start":{"line":47,"column":6},"end":{"line":47,"column":33}},{"start":{"line":47,"column":37},"end":{"line":47,"column":51}}],"line":47},"20":{"loc":{"start":{"line":48,"column":4},"end":{"line":50,"column":5}},"type":"if","locations":[{"start":{"line":48,"column":4},"end":{"line":50,"column":5}},{"start":{},"end":{}}],"line":48},"21":{"loc":{"start":{"line":51,"column":4},"end":{"line":53,"column":5}},"type":"if","locations":[{"start":{"line":51,"column":4},"end":{"line":53,"column":5}},{"start":{},"end":{}}],"line":51}},"s":{"0":0,"1":0,"2":0,"3":0,"4":0,"5":0,"6":0,"7":0,"8":0,"9":0,"10":0,"11":0,"12":0,"13":0,"14":0,"15":0,"16":0,"17":0,"18":0,"19":0,"20":0,"21":0,"22":0,"23":0,"24":0,"25":0,"26":0},"f":{"0":0},"b":{"0":[0,0],"1":[0,0],"2":[0,0],"3":[0,0],"4":[0,0],"5":[0,0],"6":[0,0],"7":[0,0],"8":[0,0],"9":[0,0],"10":[0,0],"11":[0,0,0],"12":[0,0],"13":[0,0],"14":[0,0],"15":[0,0,0,0],"16":[0,0],"17":[0,0],"18":[0,0],"19":[0,0],"20":[0,0],"21":[0,0]},"_coverageSchema":"1a1c01bbd47fc00a2c39e90264f33305004495a9","hash":"7307d28671cfeb65af714c055c582e7b242a95a9"}
,"C:\\Users\\Amith Prasad\\Amith's Libraries\\NEW ERP\\tarka_new_erp\\lib\\passwordPolicy.js": {"path":"C:\\Users\\Amith Prasad\\Amith's Libraries\\NEW ERP\\tarka_new_erp\\lib\\passwordPolicy.js","statementMap":{"0":{"start":{"line":3,"column":35},"end":{"line":3,"column":36}},"1":{"start":{"line":5,"column":46},"end":{"line":5,"column":54}},"2":{"start":{"line":8,"column":2},"end":{"line":8,"column":141}},"3":{"start":{"line":10,"column":30},"end":{"line":10,"column":40}},"4":{"start":{"line":11,"column":20},"end":{"line":11,"column":24}},"5":{"start":{"line":19,"column":16},"end":{"line":19,"column":38}},"6":{"start":{"line":21,"column":2},"end":{"line":23,"column":3}},"7":{"start":{"line":22,"column":4},"end":{"line":22,"column":39}},"8":{"start":{"line":24,"column":2},"end":{"line":26,"column":3}},"9":{"start":{"line":25,"column":4},"end":{"line":25,"column":57}},"10":{"start":{"line":27,"column":2},"end":{"line":29,"column":3}},"11":{"start":{"line":28,"column":4},"end":{"line":28,"column":60}},"12":{"start":{"line":30,"column":2},"end":{"line":32,"column":3}},"13":{"start":{"line":31,"column":4},"end":{"line":31,"column":85}},"14":{"start":{"line":33,"column":2},"end":{"line":35,"column":3}},"15":{"start":{"line":34,"column":4},"end":{"line":34,"column":62}},"16":{"start":{"line":37,"column":29},"end":{"line":37,"column":58}},"17":{"start":{"line":38,"column":2},"end":{"line":40,"column":3}},"18":{"start":{"line":39,"column":4},"end":{"line":39,"column":56}},"19":{"start":{"line":42,"column":2},"end":{"line":42,"column":14}}},"fnMap":{"0":{"name":"validateNewPassword","decl":{"start":{"line":18,"column":16},"end":{"line":18,"column":35}},"loc":{"start":{"line":18,"column":70},"end":{"line":43,"column":1}},"line":18}},"branchMap":{"0":{"loc":{"start":{"line":18,"column":46},"end":{"line":18,"column":68}},"type":"default-arg","locations":[{"start":{"line":18,"column":66},"end":{"line":18,"column":68}}],"line":18},"1":{"loc":{"start":{"line":18,"column":48},"end":{"line":18,"column":61}},"type":"default-arg","locations":[{"start":{"line":18,"column":59},"end":{"line":18,"column":61}}],"line":18},"2":{"loc":{"start":{"line":19,"column":23},"end":{"line":19,"column":37}},"type":"binary-expr","locations":[{"start":{"line":19,"column":23},"end":{"line":19,"column":31}},{"start":{"line":19,"column":35},"end":{"line":19,"column":37}}],"line":19},"3":{"loc":{"start":{"line":21,"column":2},"end":{"line":23,"column":3}},"type":"if","locations":[{"start":{"line":21,"column":2},"end":{"line":23,"column":3}},{"start":{},"end":{}}],"line":21},"4":{"loc":{"start":{"line":24,"column":2},"end":{"line":26,"column":3}},"type":"if","locations":[{"start":{"line":24,"column":2},"end":{"line":26,"column":3}},{"start":{},"end":{}}],"line":24},"5":{"loc":{"start":{"line":27,"column":2},"end":{"line":29,"column":3}},"type":"if","locations":[{"start":{"line":27,"column":2},"end":{"line":29,"column":3}},{"start":{},"end":{}}],"line":27},"6":{"loc":{"start":{"line":30,"column":2},"end":{"line":32,"column":3}},"type":"if","locations":[{"start":{"line":30,"column":2},"end":{"line":32,"column":3}},{"start":{},"end":{}}],"line":30},"7":{"loc":{"start":{"line":33,"column":2},"end":{"line":35,"column":3}},"type":"if","locations":[{"start":{"line":33,"column":2},"end":{"line":35,"column":3}},{"start":{},"end":{}}],"line":33},"8":{"loc":{"start":{"line":37,"column":36},"end":{"line":37,"column":50}},"type":"binary-expr","locations":[{"start":{"line":37,"column":36},"end":{"line":37,"column":44}},{"start":{"line":37,"column":48},"end":{"line":37,"column":50}}],"line":37},"9":{"loc":{"start":{"line":38,"column":2},"end":{"line":40,"column":3}},"type":"if","locations":[{"start":{"line":38,"column":2},"end":{"line":40,"column":3}},{"start":{},"end":{}}],"line":38},"10":{"loc":{"start":{"line":38,"column":6},"end":{"line":38,"column":90}},"type":"binary-expr","locations":[{"start":{"line":38,"column":6},"end":{"line":38,"column":24}},{"start":{"line":38,"column":28},"end":{"line":38,"column":90}}],"line":38}},"s":{"0":2,"1":2,"2":2,"3":2,"4":2,"5":17,"6":17,"7":1,"8":16,"9":1,"10":15,"11":2,"12":13,"13":4,"14":9,"15":2,"16":7,"17":7,"18":3,"19":4},"f":{"0":17},"b":{"0":[7],"1":[7],"2":[17,0],"3":[1,16],"4":[1,15],"5":[2,13],"6":[4,9],"7":[2,7],"8":[7,0],"9":[3,4],"10":[7,6]},"_coverageSchema":"1a1c01bbd47fc00a2c39e90264f33305004495a9","hash":"a2313ddd5ff8048f55148b264117b7779f793b27"}
}
