TN:
SF:app\api\auth\change-password\route.js
FN:20,normalizeText
FN:35,POST
FNF:2
FNH:2
FNDA:6,normalizeText
FNDA:10,POST
DA:21,6
DA:36,10
DA:38,10
DA:39,10
DA:40,10
DA:41,10
DA:42,1
DA:45,9
DA:46,9
DA:47,9
DA:48,9
DA:50,9
DA:51,1
DA:54,8
DA:57,8
DA:58,5
DA:61,3
DA:62,1
DA:64,2
DA:65,0
DA:71,2
DA:72,2
DA:75,2
DA:76,2
DA:77,0
DA:81,2
DA:82,2
DA:83,2
DA:84,1
DA:87,1
DA:89,1
DA:91,0
LF:32
LH:29
BRDA:21,0,0,6
BRDA:21,0,1,0
BRDA:41,1,0,1
BRDA:41,1,1,9
BRDA:46,2,0,9
BRDA:46,2,1,0
BRDA:47,3,0,9
BRDA:47,3,1,0
BRDA:48,4,0,9
BRDA:48,4,1,0
BRDA:50,5,0,1
BRDA:50,5,1,8
BRDA:50,6,0,9
BRDA:50,6,1,8
BRDA:50,6,2,8
BRDA:57,7,0,5
BRDA:57,7,1,3
BRDA:61,8,0,1
BRDA:61,8,1,2
BRDA:64,9,0,0
BRDA:64,9,1,2
BRDA:76,10,0,0
BRDA:76,10,1,2
BRDA:81,11,0,2
BRDA:81,11,1,0
BRDA:83,12,0,1
BRDA:83,12,1,1
BRF:27
BRH:20
end_of_record
TN:
SF:app\api\auth\login\route.js
FN:16,POST
FNF:1
FNH:1
FNDA:5,POST
DA:17,5
DA:18,5
DA:19,5
DA:20,1
DA:21,1
DA:29,4
DA:30,4
DA:31,1
DA:32,1
DA:36,3
DA:37,3
DA:39,3
DA:40,2
DA:41,1
DA:47,1
DA:50,1
DA:53,1
DA:54,1
DA:57,1
DA:58,1
DA:65,1
DA:67,0
LF:22
LH:21
BRDA:19,0,0,1
BRDA:19,0,1,4
BRDA:30,1,0,1
BRDA:30,1,1,3
BRDA:39,2,0,2
BRDA:39,2,1,1
BRDA:40,3,0,1
BRDA:40,3,1,1
BRF:8
BRH:8
end_of_record
TN:
SF:app\api\auth\logout\route.js
FN:17,POST
FNF:1
FNH:1
FNDA:2,POST
DA:18,2
DA:20,2
DA:21,2
DA:24,2
DA:27,1
DA:28,1
DA:30,1
DA:31,1
LF:8
LH:8
BRF:0
BRH:0
end_of_record
TN:
SF:app\api\crud\[module]\route.js
FN:59,getRequestUser
FN:76,normalizeListQuery
FN:86,(anonymous_2)
FN:120,GET
FN:157,(anonymous_4)
FN:270,(anonymous_5)
FN:272,(anonymous_6)
FN:283,(anonymous_7)
FN:413,(anonymous_8)
FN:415,(anonymous_9)
FN:426,(anonymous_10)
FN:510,POST
FNF:12
FNH:6
FNDA:8,getRequestUser
FNDA:4,normalizeListQuery
FNDA:8,(anonymous_2)
FNDA:6,GET
FNDA:8,(anonymous_4)
FNDA:0,(anonymous_5)
FNDA:0,(anonymous_6)
FNDA:0,(anonymous_7)
FNDA:0,(anonymous_8)
FNDA:0,(anonymous_9)
FNDA:0,(anonymous_10)
FNDA:2,POST
DA:60,8
DA:61,8
DA:62,8
DA:77,4
DA:80,4
DA:81,4
DA:82,4
DA:83,4
DA:86,8
DA:87,4
DA:88,4
DA:89,4
DA:91,4
DA:92,4
DA:93,4
DA:94,8
DA:95,8
DA:96,8
DA:97,8
DA:98,8
DA:99,8
DA:102,4
DA:104,4
DA:121,6
DA:122,6
DA:123,6
DA:124,1
DA:127,5
DA:128,5
DA:129,0
DA:134,5
DA:135,5
DA:136,1
DA:139,4
DA:140,4
DA:141,4
DA:142,4
DA:144,4
DA:145,4
DA:147,4
DA:148,4
DA:149,4
DA:150,0
DA:152,4
DA:153,0
DA:156,4
DA:157,8
DA:160,4
DA:161,0
DA:176,4
DA:177,4
DA:178,4
DA:181,4
DA:182,1
DA:183,0
DA:184,0
DA:185,0
DA:186,0
DA:187,0
DA:188,0
DA:189,0
DA:191,0
DA:193,1
DA:194,0
DA:195,0
DA:196,0
DA:197,0
DA:198,0
DA:199,0
DA:200,0
DA:202,0
DA:204,1
DA:205,1
DA:206,1
DA:207,1
DA:208,0
DA:209,0
DA:210,1
DA:211,1
DA:213,1
DA:214,1
DA:215,1
DA:217,0
DA:219,0
DA:220,0
DA:221,0
DA:223,0
DA:224,0
DA:227,0
DA:229,0
DA:230,0
DA:234,4
DA:237,4
DA:238,0
DA:239,0
DA:240,0
DA:241,0
DA:242,0
DA:243,0
DA:244,0
DA:247,0
DA:249,0
DA:250,0
DA:251,0
DA:252,0
DA:253,0
DA:257,4
DA:258,2
DA:259,2
DA:260,1
DA:261,1
DA:263,1
DA:264,1
DA:269,2
DA:270,0
DA:271,0
DA:272,0
DA:273,0
DA:283,0
DA:287,2
DA:288,0
DA:289,0
DA:290,0
DA:299,2
DA:300,0
DA:301,0
DA:307,0
DA:308,0
DA:309,0
DA:310,0
DA:311,0
DA:312,0
DA:313,0
DA:320,0
DA:322,0
DA:328,2
DA:334,0
DA:335,0
DA:344,0
DA:345,0
DA:348,2
DA:349,0
DA:352,2
DA:353,0
DA:356,2
DA:357,0
DA:358,0
DA:359,0
DA:367,2
DA:368,0
DA:369,0
DA:370,0
DA:378,2
DA:379,0
DA:380,0
DA:381,0
DA:390,2
DA:391,0
DA:392,0
DA:393,0
DA:394,0
DA:395,0
DA:396,0
DA:403,0
DA:405,0
DA:409,0
DA:412,2
DA:413,0
DA:414,0
DA:415,0
DA:416,0
DA:426,0
DA:428,0
DA:429,0
DA:430,0
DA:431,0
DA:432,0
DA:433,0
DA:440,0
DA:442,0
DA:449,4
DA:450,2
DA:451,2
DA:452,2
DA:455,4
DA:456,4
DA:457,4
DA:458,4
DA:459,4
DA:461,4
DA:462,3
DA:463,3
DA:465,3
DA:467,3
DA:468,0
DA:471,3
DA:472,1
DA:473,1
DA:474,0
DA:475,0
DA:476,0
DA:478,0
DA:483,3
DA:497,1
DA:511,2
DA:512,2
DA:513,2
DA:515,1
DA:516,1
DA:517,1
DA:518,1
DA:520,0
LF:212
LH:106
BRDA:80,0,0,4
BRDA:80,0,1,0
BRDA:81,1,0,4
BRDA:81,1,1,0
BRDA:82,2,0,4
BRDA:82,2,1,4
BRDA:83,3,0,4
BRDA:83,3,1,4
BRDA:86,4,0,4
BRDA:86,4,1,0
BRDA:87,5,0,4
BRDA:87,5,1,0
BRDA:88,6,0,0
BRDA:88,6,1,4
BRDA:91,7,0,4
BRDA:91,7,1,0
BRDA:94,8,0,8
BRDA:94,8,1,7
BRDA:95,9,0,8
BRDA:95,9,1,8
BRDA:96,10,0,8
BRDA:96,10,1,8
BRDA:97,11,0,1
BRDA:97,11,1,7
BRDA:98,12,0,0
BRDA:98,12,1,8
BRDA:99,13,0,0
BRDA:99,13,1,8
BRDA:102,14,0,4
BRDA:102,14,1,4
BRDA:123,15,0,1
BRDA:123,15,1,5
BRDA:128,16,0,0
BRDA:128,16,1,5
BRDA:135,17,0,1
BRDA:135,17,1,4
BRDA:147,18,0,4
BRDA:147,18,1,0
BRDA:147,18,2,0
BRDA:147,18,3,0
BRDA:149,19,0,0
BRDA:149,19,1,4
BRDA:149,20,0,4
BRDA:149,20,1,2
BRDA:152,21,0,0
BRDA:152,21,1,4
BRDA:157,22,0,4
BRDA:157,22,1,0
BRDA:160,23,0,0
BRDA:160,23,1,4
BRDA:160,24,0,4
BRDA:160,24,1,2
BRDA:160,24,2,0
BRDA:160,24,3,0
BRDA:160,24,4,0
BRDA:171,25,0,0
BRDA:171,25,1,0
BRDA:182,26,0,0
BRDA:182,26,1,1
BRDA:185,27,0,0
BRDA:185,27,1,0
BRDA:185,28,0,0
BRDA:185,28,1,0
BRDA:187,29,0,0
BRDA:187,29,1,0
BRDA:193,30,0,0
BRDA:193,30,1,1
BRDA:196,31,0,0
BRDA:196,31,1,0
BRDA:196,32,0,0
BRDA:196,32,1,0
BRDA:198,33,0,0
BRDA:198,33,1,0
BRDA:206,34,0,0
BRDA:206,34,1,1
BRDA:207,35,0,0
BRDA:207,35,1,1
BRDA:207,36,0,1
BRDA:207,36,1,1
BRDA:210,37,0,1
BRDA:210,37,1,0
BRDA:213,38,0,1
BRDA:213,38,1,0
BRDA:213,39,0,1
BRDA:213,39,1,1
BRDA:219,40,0,0
BRDA:219,40,1,0
BRDA:221,41,0,0
BRDA:221,41,1,0
BRDA:237,42,0,0
BRDA:237,42,1,4
BRDA:237,43,0,4
BRDA:237,43,1,0
BRDA:238,44,0,0
BRDA:238,44,1,0
BRDA:239,45,0,0
BRDA:239,45,1,0
BRDA:240,46,0,0
BRDA:240,46,1,0
BRDA:242,47,0,0
BRDA:242,47,1,0
BRDA:249,48,0,0
BRDA:249,48,1,0
BRDA:251,49,0,0
BRDA:251,49,1,0
BRDA:257,50,0,2
BRDA:257,50,1,2
BRDA:258,51,0,2
BRDA:258,51,1,1
BRDA:259,52,0,1
BRDA:259,52,1,1
BRDA:261,53,0,1
BRDA:261,53,1,0
BRDA:269,54,0,0
BRDA:269,54,1,2
BRDA:269,55,0,2
BRDA:269,55,1,0
BRDA:270,56,0,0
BRDA:270,56,1,0
BRDA:270,57,0,0
BRDA:270,57,1,0
BRDA:271,58,0,0
BRDA:271,58,1,0
BRDA:287,59,0,0
BRDA:287,59,1,2
BRDA:287,60,0,2
BRDA:287,60,1,0
BRDA:288,61,0,0
BRDA:288,61,1,0
BRDA:295,62,0,0
BRDA:295,62,1,0
BRDA:295,63,0,0
BRDA:295,63,1,0
BRDA:299,64,0,0
BRDA:299,64,1,2
BRDA:299,65,0,2
BRDA:299,65,1,0
BRDA:309,66,0,0
BRDA:309,66,1,0
BRDA:312,67,0,0
BRDA:312,67,1,0
BRDA:312,68,0,0
BRDA:312,68,1,0
BRDA:328,69,0,0
BRDA:328,69,1,2
BRDA:329,70,0,2
BRDA:329,70,1,0
BRDA:329,70,2,0
BRDA:329,70,3,0
BRDA:348,71,0,0
BRDA:348,71,1,2
BRDA:348,72,0,2
BRDA:348,72,1,0
BRDA:352,73,0,0
BRDA:352,73,1,2
BRDA:352,74,0,2
BRDA:352,74,1,0
BRDA:356,75,0,0
BRDA:356,75,1,2
BRDA:356,76,0,2
BRDA:356,76,1,0
BRDA:357,77,0,0
BRDA:357,77,1,0
BRDA:364,78,0,0
BRDA:364,78,1,0
BRDA:364,79,0,0
BRDA:364,79,1,0
BRDA:367,80,0,0
BRDA:367,80,1,2
BRDA:367,81,0,2
BRDA:367,81,1,0
BRDA:368,82,0,0
BRDA:368,82,1,0
BRDA:375,83,0,0
BRDA:375,83,1,0
BRDA:375,84,0,0
BRDA:375,84,1,0
BRDA:378,85,0,0
BRDA:378,85,1,2
BRDA:378,86,0,2
BRDA:378,86,1,0
BRDA:379,87,0,0
BRDA:379,87,1,0
BRDA:386,88,0,0
BRDA:386,88,1,0
BRDA:386,89,0,0
BRDA:386,89,1,0
BRDA:390,90,0,0
BRDA:390,90,1,2
BRDA:390,91,0,2
BRDA:390,91,1,0
BRDA:392,92,0,0
BRDA:392,92,1,0
BRDA:395,93,0,0
BRDA:395,93,1,0
BRDA:395,94,0,0
BRDA:395,94,1,0
BRDA:412,95,0,0
BRDA:412,95,1,2
BRDA:412,96,0,2
BRDA:412,96,1,0
BRDA:413,97,0,0
BRDA:413,97,1,0
BRDA:413,98,0,0
BRDA:413,98,1,0
BRDA:414,99,0,0
BRDA:414,99,1,0
BRDA:429,100,0,0
BRDA:429,100,1,0
BRDA:432,101,0,0
BRDA:432,101,1,0
BRDA:432,102,0,0
BRDA:432,102,1,0
BRDA:449,103,0,2
BRDA:449,103,1,2
BRDA:450,104,0,2
BRDA:450,104,1,0
BRDA:450,105,0,0
BRDA:450,105,1,0
BRDA:455,106,0,2
BRDA:455,106,1,2
BRDA:462,107,0,3
BRDA:462,107,1,2
BRDA:467,108,0,0
BRDA:467,108,1,3
BRDA:467,109,0,3
BRDA:467,109,1,0
BRDA:471,110,0,1
BRDA:471,110,1,2
BRDA:471,111,0,3
BRDA:471,111,1,1
BRDA:473,112,0,0
BRDA:473,112,1,1
BRDA:473,113,0,1
BRDA:473,113,1,0
BRDA:493,114,0,3
BRDA:493,114,1,3
BRDA:513,115,0,1
BRDA:513,115,1,1
BRF:239
BRH:96
end_of_record
TN:
SF:app\api\crud\[module]\[id]\route.js
FN:33,getRequestUser
FN:43,GET
FN:64,PUT
FN:70,(anonymous_3)
FN:82,DELETE
FNF:5
FNH:5
FNDA:4,getRequestUser
FNDA:2,GET
FNDA:1,PUT
FNDA:1,(anonymous_3)
FNDA:1,DELETE
DA:34,4
DA:35,4
DA:36,4
DA:44,2
DA:45,2
DA:46,2
DA:48,1
DA:49,1
DA:50,1
DA:52,0
DA:65,1
DA:66,1
DA:67,1
DA:69,1
DA:70,1
DA:71,1
DA:73,0
DA:83,1
DA:84,1
DA:85,1
DA:87,1
DA:88,1
DA:89,1
DA:91,0
LF:24
LH:21
BRDA:46,0,0,1
BRDA:46,0,1,1
BRDA:67,1,0,0
BRDA:67,1,1,1
BRDA:85,2,0,0
BRDA:85,2,1,1
BRF:6
BRH:4
end_of_record
TN:
SF:app\api\new-case-inward\branch-copy-pdf\[id]\route.js
FN:24,getRequestUser
FN:40,GET
FNF:2
FNH:2
FNDA:3,getRequestUser
FNDA:3,GET
DA:25,3
DA:26,3
DA:27,3
DA:41,3
DA:42,3
DA:43,3
DA:45,2
DA:46,2
DA:47,2
DA:48,1
DA:51,1
DA:53,1
DA:54,1
DA:56,1
DA:57,1
DA:58,1
DA:59,1
DA:60,1
DA:61,1
DA:62,1
DA:63,1
DA:65,1
DA:66,1
DA:67,1
DA:69,1
DA:88,1
DA:89,1
DA:90,1
DA:91,1
DA:92,1
DA:93,1
DA:94,1
DA:99,1
DA:101,1
DA:105,1
DA:106,1
DA:109,1
DA:113,1
DA:116,1
DA:127,1
DA:129,1
DA:137,0
LF:42
LH:41
BRDA:43,0,0,1
BRDA:43,0,1,2
BRDA:47,1,0,1
BRDA:47,1,1,1
BRDA:67,2,0,1
BRDA:67,2,1,0
BRDA:88,3,0,1
BRDA:88,3,1,0
BRDA:89,4,0,1
BRDA:89,4,1,0
BRDA:90,5,0,1
BRDA:90,5,1,0
BRDA:91,6,0,1
BRDA:91,6,1,0
BRDA:92,7,0,1
BRDA:92,7,1,0
BRDA:93,8,0,1
BRDA:93,8,1,0
BRDA:95,9,0,1
BRDA:95,9,1,0
BRDA:95,9,2,0
BRDA:99,10,0,1
BRDA:99,10,1,0
BRDA:105,11,0,1
BRDA:105,11,1,0
BRDA:105,12,0,1
BRDA:105,12,1,0
BRDA:106,13,0,1
BRDA:106,13,1,0
BRDA:106,14,0,1
BRDA:106,14,1,0
BRDA:113,15,0,1
BRDA:113,15,1,0
BRDA:113,16,0,1
BRDA:113,16,1,1
BRDA:113,17,0,0
BRDA:113,17,1,0
BRDA:113,17,2,0
BRDA:124,18,0,1
BRDA:124,18,1,1
BRDA:124,18,2,0
BRF:41
BRH:22
end_of_record
TN:
SF:app\api\new-case-inward\entry-lookups\route.js
FN:21,sanitizeLookupRows
FN:22,(anonymous_1)
FN:34,GET
FN:53,(anonymous_3)
FNF:4
FNH:4
FNDA:3,sanitizeLookupRows
FNDA:3,(anonymous_1)
FNDA:2,GET
FNDA:3,(anonymous_3)
DA:22,3
DA:35,2
DA:37,2
DA:38,2
DA:39,2
DA:40,2
DA:42,1
DA:43,1
DA:48,1
DA:49,0
DA:52,1
DA:53,3
DA:54,1
DA:57,1
DA:58,3
DA:59,3
DA:60,3
DA:61,0
DA:62,0
DA:64,3
DA:65,3
DA:66,3
DA:67,3
DA:68,0
DA:69,0
DA:72,3
DA:73,3
DA:74,3
DA:75,3
DA:76,3
DA:78,1
DA:79,1
DA:80,1
DA:81,1
DA:82,1
DA:83,1
DA:84,1
DA:85,1
DA:87,0
DA:88,0
DA:89,0
DA:90,0
DA:91,0
DA:98,3
DA:101,3
DA:102,0
DA:103,0
DA:104,0
DA:106,0
DA:108,0
DA:110,3
DA:111,3
DA:112,3
DA:115,1
DA:117,0
LF:55
LH:39
BRDA:22,0,0,3
BRDA:22,0,1,0
BRDA:24,1,0,3
BRDA:24,1,1,0
BRDA:40,2,0,1
BRDA:40,2,1,1
BRDA:48,3,0,0
BRDA:48,3,1,1
BRDA:48,4,0,1
BRDA:48,4,1,0
BRDA:48,4,2,0
BRDA:53,5,0,1
BRDA:53,5,1,0
BRDA:53,6,0,3
BRDA:53,6,1,3
BRDA:58,7,0,3
BRDA:58,7,1,0
BRDA:60,8,0,0
BRDA:60,8,1,3
BRDA:64,9,0,3
BRDA:64,9,1,0
BRDA:67,10,0,0
BRDA:67,10,1,3
BRDA:76,11,0,1
BRDA:76,11,1,2
BRDA:76,12,0,3
BRDA:76,12,1,0
BRDA:78,13,0,1
BRDA:78,13,1,0
BRDA:79,14,0,1
BRDA:79,14,1,1
BRDA:80,15,0,1
BRDA:80,15,1,0
BRDA:82,16,0,1
BRDA:82,16,1,0
BRDA:87,17,0,0
BRDA:87,17,1,0
BRDA:89,18,0,0
BRDA:89,18,1,0
BRDA:98,19,0,3
BRDA:98,19,1,3
BRDA:101,20,0,0
BRDA:101,20,1,3
BRDA:103,21,0,0
BRDA:103,21,1,0
BRF:45
BRH:24
end_of_record
TN:
SF:app\api\new-case-inward\transaction-control\route.js
FN:22,GET
FNF:1
FNH:1
FNDA:3,GET
DA:23,3
DA:25,3
DA:26,3
DA:27,3
DA:28,3
DA:30,2
DA:32,2
DA:33,2
DA:36,2
DA:46,1
DA:48,1
LF:11
LH:11
BRDA:28,0,0,1
BRDA:28,0,1,2
BRDA:32,1,0,0
BRDA:32,1,1,2
BRDA:46,2,0,1
BRDA:46,2,1,0
BRF:6
BRH:4
end_of_record
TN:
SF:app\api\permissions\[module]\route.js
FN:15,GET
FNF:1
FNH:1
FNDA:3,GET
DA:16,3
DA:18,3
DA:19,3
DA:20,3
DA:22,3
DA:23,1
DA:27,2
DA:28,2
DA:29,2
DA:30,1
DA:34,1
DA:41,1
DA:52,0
LF:13
LH:12
BRDA:22,0,0,1
BRDA:22,0,1,2
BRDA:29,1,0,1
BRDA:29,1,1,1
BRDA:48,2,0,1
BRDA:48,2,1,0
BRDA:49,3,0,1
BRDA:49,3,1,0
BRDA:49,4,0,1
BRDA:49,4,1,1
BRF:10
BRH:8
end_of_record
TN:
SF:app\api\recovery-invoice\pdf\[id]\route.js
FN:23,getRequestUser
FN:30,loadBranchChainForRecoveryPdf
FN:71,loadUnitShortCode
FN:78,loadCurrentAccountForPdf
FN:111,GET
FNF:5
FNH:5
FNDA:3,getRequestUser
FNDA:1,loadBranchChainForRecoveryPdf
FNDA:1,loadUnitShortCode
FNDA:1,loadCurrentAccountForPdf
FNDA:3,GET
DA:24,3
DA:25,3
DA:26,3
DA:31,1
DA:32,0
DA:34,1
DA:53,1
DA:54,1
DA:55,1
DA:57,1
DA:58,1
DA:61,1
DA:72,1
DA:73,1
DA:74,1
DA:79,1
DA:80,1
DA:97,1
DA:98,1
DA:99,1
DA:112,3
DA:113,3
DA:114,3
DA:116,2
DA:118,2
DA:119,2
DA:120,1
DA:123,1
DA:124,1
DA:125,1
DA:127,1
DA:128,1
DA:129,1
DA:130,1
DA:131,1
DA:133,1
DA:134,1
DA:135,1
DA:136,1
DA:137,1
DA:140,1
DA:141,1
DA:142,1
DA:143,1
DA:147,1
DA:148,0
DA:159,1
DA:160,1
DA:163,1
DA:174,1
DA:175,1
DA:183,0
LF:52
LH:49
BRDA:31,0,0,0
BRDA:31,0,1,1
BRDA:31,1,0,1
BRDA:31,1,1,1
BRDA:53,2,0,1
BRDA:53,2,1,0
BRDA:54,3,0,1
BRDA:54,3,1,0
BRDA:55,4,0,1
BRDA:55,4,1,0
BRDA:57,5,0,1
BRDA:57,5,1,0
BRDA:57,6,0,1
BRDA:57,6,1,1
BRDA:57,7,0,0
BRDA:57,7,1,0
BRDA:57,7,2,0
BRDA:59,8,0,1
BRDA:59,8,1,0
BRDA:59,8,2,0
BRDA:62,9,0,1
BRDA:62,9,1,0
BRDA:63,10,0,1
BRDA:63,10,1,0
BRDA:66,11,0,1
BRDA:66,11,1,0
BRDA:72,12,0,0
BRDA:72,12,1,1
BRDA:72,13,0,1
BRDA:72,13,1,1
BRDA:74,14,0,1
BRDA:74,14,1,0
BRDA:74,15,0,1
BRDA:74,15,1,0
BRDA:79,16,0,0
BRDA:79,16,1,1
BRDA:79,17,0,1
BRDA:79,17,1,1
BRDA:98,18,0,0
BRDA:98,18,1,1
BRDA:100,19,0,1
BRDA:100,19,1,0
BRDA:101,20,0,1
BRDA:101,20,1,0
BRDA:102,21,0,1
BRDA:102,21,1,0
BRDA:103,22,0,1
BRDA:103,22,1,0
BRDA:104,23,0,1
BRDA:104,23,1,0
BRDA:105,24,0,1
BRDA:105,24,1,0
BRDA:106,25,0,1
BRDA:106,25,1,0
BRDA:114,26,0,1
BRDA:114,26,1,2
BRDA:119,27,0,1
BRDA:119,27,1,1
BRDA:124,28,0,1
BRDA:124,28,1,0
BRDA:125,29,0,1
BRDA:125,29,1,0
BRDA:133,30,0,1
BRDA:133,30,1,0
BRDA:133,31,0,1
BRDA:133,31,1,1
BRDA:135,32,0,1
BRDA:135,32,1,0
BRDA:135,33,0,1
BRDA:135,33,1,1
BRDA:137,34,0,1
BRDA:137,34,1,0
BRDA:147,35,0,0
BRDA:147,35,1,1
BRDA:149,36,0,0
BRDA:149,36,1,0
BRDA:149,37,0,0
BRDA:149,37,1,0
BRDA:149,38,0,0
BRDA:149,38,1,0
BRDA:174,39,0,1
BRDA:174,39,1,0
BRF:82
BRH:44
end_of_record
TN:
SF:app\api\reminder\route.js
FN:19,getRequestUser
FN:25,assertDashboardReminderAccess
FN:32,GET
FN:58,POST
FNF:4
FNH:4
FNDA:6,getRequestUser
FNDA:6,assertDashboardReminderAccess
FNDA:5,GET
FNDA:1,POST
DA:20,6
DA:21,6
DA:22,6
DA:26,6
DA:27,5
DA:28,5
DA:29,4
DA:33,5
DA:34,5
DA:35,5
DA:36,5
DA:38,3
DA:39,3
DA:40,3
DA:41,3
DA:43,3
DA:44,1
DA:45,1
DA:48,2
DA:52,2
DA:54,0
DA:59,1
DA:60,1
DA:61,1
DA:62,1
DA:64,1
DA:65,1
DA:66,1
DA:68,0
LF:29
LH:27
BRDA:26,0,0,1
BRDA:26,0,1,5
BRDA:28,1,0,1
BRDA:28,1,1,4
BRDA:36,2,0,2
BRDA:36,2,1,3
BRDA:43,3,0,1
BRDA:43,3,1,2
BRDA:49,4,0,2
BRDA:49,4,1,1
BRDA:50,5,0,2
BRDA:50,5,1,2
BRDA:52,6,0,2
BRDA:52,6,1,1
BRDA:52,7,0,2
BRDA:52,7,1,2
BRDA:62,8,0,0
BRDA:62,8,1,1
BRF:18
BRH:17
end_of_record
TN:
SF:app\api\reminder\[id]\route.js
FN:18,getRequestUser
FN:24,assertDashboardReminderAccess
FN:31,GET
FN:45,PATCH
FNF:4
FNH:4
FNDA:2,getRequestUser
FNDA:2,assertDashboardReminderAccess
FNDA:1,GET
FNDA:1,PATCH
DA:19,2
DA:20,2
DA:21,2
DA:25,2
DA:26,2
DA:27,2
DA:28,2
DA:32,1
DA:33,1
DA:34,1
DA:35,1
DA:37,1
DA:38,1
DA:39,1
DA:41,0
DA:46,1
DA:47,1
DA:48,1
DA:49,1
DA:51,1
DA:52,1
DA:53,1
DA:54,1
DA:56,0
LF:24
LH:22
BRDA:25,0,0,0
BRDA:25,0,1,2
BRDA:27,1,0,0
BRDA:27,1,1,2
BRDA:35,2,0,0
BRDA:35,2,1,1
BRDA:49,3,0,0
BRDA:49,3,1,1
BRF:8
BRH:4
end_of_record
TN:
SF:app\api\reminder\alerts\route.js
FN:14,getRequestUser
FN:20,GET
FNF:2
FNH:2
FNDA:3,getRequestUser
FNDA:3,GET
DA:15,3
DA:16,3
DA:17,3
DA:21,3
DA:22,3
DA:23,3
DA:25,2
DA:26,2
DA:28,1
DA:29,1
DA:31,0
LF:11
LH:10
BRDA:23,0,0,1
BRDA:23,0,1,2
BRDA:26,1,0,1
BRDA:26,1,1,1
BRF:4
BRH:4
end_of_record
TN:
SF:app\api\return-case\pdf\[id]\route.js
FN:31,getRequestUser
FN:41,loadBranchChainForPdf
FN:80,loadUnitShortCode
FN:87,GET
FNF:4
FNH:4
FNDA:2,getRequestUser
FNDA:1,loadBranchChainForPdf
FNDA:1,loadUnitShortCode
FNDA:2,GET
DA:32,2
DA:33,2
DA:34,2
DA:42,1
DA:43,0
DA:45,1
DA:63,1
DA:64,1
DA:65,1
DA:67,1
DA:68,1
DA:71,1
DA:81,1
DA:82,1
DA:83,1
DA:88,2
DA:89,2
DA:90,2
DA:92,1
DA:95,1
DA:96,1
DA:97,0
DA:100,1
DA:101,1
DA:102,1
DA:103,1
DA:106,1
DA:107,1
DA:108,1
DA:109,1
DA:111,1
DA:112,1
DA:113,1
DA:114,1
DA:115,1
DA:116,1
DA:117,1
DA:118,1
DA:123,1
DA:124,0
DA:137,1
DA:147,1
DA:148,1
DA:156,0
LF:44
LH:40
BRDA:42,0,0,0
BRDA:42,0,1,1
BRDA:42,1,0,1
BRDA:42,1,1,1
BRDA:63,2,0,1
BRDA:63,2,1,0
BRDA:64,3,0,1
BRDA:64,3,1,0
BRDA:65,4,0,1
BRDA:65,4,1,0
BRDA:67,5,0,1
BRDA:67,5,1,0
BRDA:67,6,0,1
BRDA:67,6,1,1
BRDA:67,7,0,0
BRDA:67,7,1,0
BRDA:67,7,2,0
BRDA:69,8,0,1
BRDA:69,8,1,0
BRDA:69,8,2,0
BRDA:72,9,0,1
BRDA:72,9,1,0
BRDA:75,10,0,1
BRDA:75,10,1,0
BRDA:81,11,0,0
BRDA:81,11,1,1
BRDA:81,12,0,1
BRDA:81,12,1,1
BRDA:83,13,0,1
BRDA:83,13,1,0
BRDA:83,14,0,1
BRDA:83,14,1,0
BRDA:90,15,0,1
BRDA:90,15,1,1
BRDA:96,16,0,0
BRDA:96,16,1,1
BRDA:101,17,0,1
BRDA:101,17,1,0
BRDA:102,18,0,1
BRDA:102,18,1,0
BRDA:103,19,0,1
BRDA:103,19,1,0
BRDA:111,20,0,1
BRDA:111,20,1,0
BRDA:111,21,0,1
BRDA:111,21,1,1
BRDA:113,22,0,1
BRDA:113,22,1,0
BRDA:113,23,0,1
BRDA:113,23,1,1
BRDA:123,24,0,0
BRDA:123,24,1,1
BRDA:125,25,0,0
BRDA:125,25,1,0
BRDA:125,26,0,0
BRDA:125,26,1,0
BRDA:125,27,0,0
BRDA:125,27,1,0
BRDA:147,28,0,1
BRDA:147,28,1,0
BRF:60
BRH:31
end_of_record
TN:
SF:app\api\sarfaesi-invoice\pdf\[id]\route.js
FN:22,getRequestUser
FN:29,loadBranchChainForPdf
FN:70,loadUnitShortCode
FN:77,loadCurrentAccountForPdf
FN:110,GET
FNF:5
FNH:5
FNDA:3,getRequestUser
FNDA:1,loadBranchChainForPdf
FNDA:1,loadUnitShortCode
FNDA:1,loadCurrentAccountForPdf
FNDA:3,GET
DA:23,3
DA:24,3
DA:25,3
DA:30,1
DA:31,0
DA:33,1
DA:52,1
DA:53,1
DA:54,1
DA:56,1
DA:57,1
DA:60,1
DA:71,1
DA:72,1
DA:73,1
DA:78,1
DA:79,1
DA:96,1
DA:97,1
DA:98,1
DA:111,3
DA:112,3
DA:113,3
DA:115,2
DA:116,2
DA:117,2
DA:118,1
DA:121,1
DA:122,1
DA:123,1
DA:127,1
DA:128,1
DA:129,1
DA:130,1
DA:132,1
DA:133,1
DA:134,1
DA:135,1
DA:136,1
DA:137,1
DA:138,1
DA:139,1
DA:143,1
DA:144,0
DA:154,1
DA:155,1
DA:158,1
DA:167,1
DA:169,1
DA:177,0
LF:50
LH:47
BRDA:30,0,0,0
BRDA:30,0,1,1
BRDA:30,1,0,1
BRDA:30,1,1,1
BRDA:52,2,0,1
BRDA:52,2,1,0
BRDA:53,3,0,1
BRDA:53,3,1,0
BRDA:54,4,0,1
BRDA:54,4,1,0
BRDA:56,5,0,1
BRDA:56,5,1,0
BRDA:56,6,0,1
BRDA:56,6,1,1
BRDA:56,7,0,0
BRDA:56,7,1,0
BRDA:56,7,2,0
BRDA:58,8,0,1
BRDA:58,8,1,0
BRDA:58,8,2,0
BRDA:61,9,0,1
BRDA:61,9,1,0
BRDA:62,10,0,1
BRDA:62,10,1,0
BRDA:65,11,0,1
BRDA:65,11,1,0
BRDA:71,12,0,0
BRDA:71,12,1,1
BRDA:71,13,0,1
BRDA:71,13,1,1
BRDA:73,14,0,1
BRDA:73,14,1,0
BRDA:73,15,0,1
BRDA:73,15,1,0
BRDA:78,16,0,0
BRDA:78,16,1,1
BRDA:78,17,0,1
BRDA:78,17,1,1
BRDA:97,18,0,0
BRDA:97,18,1,1
BRDA:99,19,0,1
BRDA:99,19,1,0
BRDA:100,20,0,1
BRDA:100,20,1,0
BRDA:101,21,0,1
BRDA:101,21,1,0
BRDA:102,22,0,1
BRDA:102,22,1,0
BRDA:103,23,0,1
BRDA:103,23,1,0
BRDA:104,24,0,1
BRDA:104,24,1,0
BRDA:105,25,0,1
BRDA:105,25,1,0
BRDA:113,26,0,1
BRDA:113,26,1,2
BRDA:117,27,0,1
BRDA:117,27,1,1
BRDA:122,28,0,1
BRDA:122,28,1,0
BRDA:123,29,0,1
BRDA:123,29,1,0
BRDA:132,30,0,1
BRDA:132,30,1,0
BRDA:132,31,0,1
BRDA:132,31,1,1
BRDA:134,32,0,1
BRDA:134,32,1,0
BRDA:134,33,0,1
BRDA:134,33,1,1
BRDA:143,34,0,0
BRDA:143,34,1,1
BRDA:145,35,0,0
BRDA:145,35,1,0
BRDA:145,36,0,0
BRDA:145,36,1,0
BRDA:145,37,0,0
BRDA:145,37,1,0
BRDA:167,38,0,1
BRDA:167,38,1,0
BRF:80
BRH:43
end_of_record
TN:
SF:app\api\task\route.js
FN:20,getRequestUser
FN:26,assertDashboardTaskAccess
FN:33,GET
FN:56,POST
FNF:4
FNH:4
FNDA:5,getRequestUser
FNDA:5,assertDashboardTaskAccess
FNDA:4,GET
FNDA:1,POST
DA:21,5
DA:22,5
DA:23,5
DA:27,5
DA:28,4
DA:29,4
DA:30,3
DA:34,4
DA:35,4
DA:36,4
DA:37,4
DA:39,2
DA:40,2
DA:41,2
DA:42,2
DA:44,2
DA:45,1
DA:46,1
DA:49,1
DA:50,1
DA:52,0
DA:57,1
DA:58,1
DA:59,1
DA:60,1
DA:62,1
DA:63,1
DA:64,1
DA:66,0
LF:29
LH:27
BRDA:27,0,0,1
BRDA:27,0,1,4
BRDA:29,1,0,1
BRDA:29,1,1,3
BRDA:37,2,0,2
BRDA:37,2,1,2
BRDA:44,3,0,1
BRDA:44,3,1,1
BRDA:49,4,0,1
BRDA:49,4,1,0
BRDA:50,5,0,1
BRDA:50,5,1,0
BRDA:60,6,0,0
BRDA:60,6,1,1
BRF:14
BRH:11
end_of_record
TN:
SF:app\api\task\[id]\route.js
FN:18,getRequestUser
FN:24,assertDashboardTaskAccess
FN:31,GET
FN:45,PATCH
FNF:4
FNH:4
FNDA:2,getRequestUser
FNDA:2,assertDashboardTaskAccess
FNDA:1,GET
FNDA:1,PATCH
DA:19,2
DA:20,2
DA:21,2
DA:25,2
DA:26,2
DA:27,2
DA:28,2
DA:32,1
DA:33,1
DA:34,1
DA:35,1
DA:37,1
DA:38,1
DA:39,1
DA:41,0
DA:46,1
DA:47,1
DA:48,1
DA:49,1
DA:51,1
DA:52,1
DA:53,1
DA:54,1
DA:56,0
LF:24
LH:22
BRDA:25,0,0,0
BRDA:25,0,1,2
BRDA:27,1,0,0
BRDA:27,1,1,2
BRDA:35,2,0,0
BRDA:35,2,1,1
BRDA:49,3,0,0
BRDA:49,3,1,1
BRF:8
BRH:4
end_of_record
TN:
SF:app\api\task\alerts\route.js
FN:14,getRequestUser
FN:20,GET
FNF:2
FNH:2
FNDA:3,getRequestUser
FNDA:3,GET
DA:15,3
DA:16,3
DA:17,3
DA:21,3
DA:22,3
DA:23,3
DA:25,2
DA:26,2
DA:28,1
DA:29,1
DA:31,0
LF:11
LH:10
BRDA:23,0,0,1
BRDA:23,0,1,2
BRDA:26,1,0,1
BRDA:26,1,1,1
BRF:4
BRH:4
end_of_record
TN:
SF:config\dashboards.js
FNF:0
FNH:0
DA:14,5
LF:1
LH:1
BRF:0
BRH:0
end_of_record
TN:
SF:config\modules.js
FNF:0
FNH:0
DA:156,28
DA:182,28
DA:186,28
LF:3
LH:3
BRF:0
BRH:0
end_of_record
TN:
SF:config\reportExportTheme.js
FN:89,getReportHtmlCssVars
FNF:1
FNH:1
FNDA:4,getReportHtmlCssVars
DA:9,25
DA:90,4
DA:91,4
DA:92,4
DA:93,4
DA:94,4
LF:6
LH:6
BRDA:89,0,0,0
BRDA:89,1,0,4
BRDA:90,2,0,4
BRDA:90,2,1,0
BRDA:91,3,0,3
BRDA:91,3,1,1
BRDA:92,4,0,4
BRDA:92,4,1,0
BRF:8
BRH:5
end_of_record
TN:
SF:config\reports.js
FNF:0
FNH:0
DA:12,24
LF:1
LH:1
BRF:0
BRH:0
end_of_record
TN:
SF:lib\amountInWords.js
FN:34,wordsBelow1000
FN:49,wordsIndianInteger
FN:75,amountToWordsInr
FNF:3
FNH:3
FNDA:20,wordsBelow1000
FNDA:20,wordsIndianInteger
FNDA:21,amountToWordsInr
DA:8,4
DA:31,4
DA:35,20
DA:36,20
DA:37,0
DA:38,0
DA:39,0
DA:40,0
DA:42,0
DA:43,0
DA:44,0
DA:45,0
DA:50,20
DA:51,20
DA:53,20
DA:55,20
DA:56,20
DA:57,20
DA:58,20
DA:59,20
DA:60,20
DA:61,20
DA:63,20
DA:64,20
DA:65,20
DA:66,20
DA:68,20
DA:76,21
DA:77,21
DA:79,20
DA:80,20
LF:31
LH:23
BRDA:35,0,0,0
BRDA:35,0,1,20
BRDA:36,1,0,20
BRDA:36,1,1,0
BRDA:37,2,0,0
BRDA:37,2,1,0
BRDA:40,3,0,0
BRDA:40,3,1,0
BRDA:45,4,0,0
BRDA:45,4,1,0
BRDA:50,5,0,0
BRDA:50,5,1,20
BRDA:50,6,0,20
BRDA:50,6,1,20
BRDA:51,7,0,0
BRDA:51,7,1,20
BRDA:63,8,0,0
BRDA:63,8,1,20
BRDA:64,9,0,1
BRDA:64,9,1,19
BRDA:65,10,0,19
BRDA:65,10,1,1
BRDA:66,11,0,0
BRDA:66,11,1,20
BRDA:77,12,0,1
BRDA:77,12,1,20
BRDA:77,13,0,21
BRDA:77,13,1,21
BRF:28
BRH:16
end_of_record
TN:
SF:lib\apiErrorResponse.js
FN:12,isDbOrNetworkError
FN:21,laymanMessageForError
FN:33,jsonApiError
FN:56,jsonApiErrorForAction
FNF:4
FNH:4
FNDA:7,isDbOrNetworkError
FNDA:5,laymanMessageForError
FNDA:5,jsonApiError
FNDA:3,jsonApiErrorForAction
DA:13,7
DA:22,5
DA:23,5
DA:24,4
DA:26,1
DA:34,5
DA:35,5
DA:42,5
DA:57,3
DA:58,3
LF:10
LH:10
BRDA:23,0,0,4
BRDA:23,0,1,1
BRDA:23,1,0,5
BRDA:23,1,1,4
BRDA:33,2,0,2
BRDA:33,3,0,2
BRDA:34,4,0,5
BRDA:34,4,1,1
BRDA:36,5,0,5
BRDA:36,5,1,0
BRDA:45,6,0,4
BRDA:45,6,1,1
BRDA:56,7,0,0
BRDA:57,8,0,2
BRDA:57,9,0,0
BRF:15
BRH:12
end_of_record
TN:
SF:lib\apiUserMessages.js
FN:74,apiUserMessage
FNF:1
FNH:1
FNDA:30,apiUserMessage
DA:6,17
DA:75,30
LF:2
LH:2
BRDA:75,0,0,30
BRDA:75,0,1,0
BRF:2
BRH:1
end_of_record
TN:
SF:lib\audit.js
FN:32,auditValuesEquivalent
FN:47,pickAuditUpdateSnapshots
FN:83,writeAuditLog
FNF:3
FNH:3
FNDA:8,auditValuesEquivalent
FNDA:3,pickAuditUpdateSnapshots
FNDA:9,writeAuditLog
DA:33,8
DA:34,2
DA:35,2
DA:36,1
DA:38,1
DA:40,0
DA:48,3
DA:49,0
DA:51,3
DA:52,0
DA:54,3
DA:55,3
DA:56,3
DA:57,3
DA:58,8
DA:59,8
DA:60,8
DA:61,2
DA:62,2
DA:65,3
DA:95,9
DA:103,9
DA:104,9
DA:105,9
DA:106,9
LF:25
LH:22
BRDA:33,0,0,6
BRDA:33,0,1,2
BRDA:34,1,0,0
BRDA:34,1,1,2
BRDA:34,2,0,2
BRDA:34,2,1,1
BRDA:35,3,0,1
BRDA:35,3,1,1
BRDA:35,4,0,2
BRDA:35,4,1,1
BRDA:48,5,0,0
BRDA:48,5,1,3
BRDA:48,6,0,3
BRDA:48,6,1,3
BRDA:49,7,0,0
BRDA:49,7,1,0
BRDA:49,8,0,0
BRDA:49,8,1,0
BRDA:51,9,0,0
BRDA:51,9,1,3
BRDA:51,10,0,3
BRDA:51,10,1,3
BRDA:58,11,0,7
BRDA:58,11,1,1
BRDA:59,12,0,8
BRDA:59,12,1,0
BRDA:60,13,0,2
BRDA:60,13,1,6
BRDA:87,14,0,0
BRDA:88,15,0,8
BRDA:89,16,0,0
BRDA:90,17,0,0
BRDA:95,18,0,1
BRDA:95,18,1,8
BRDA:95,19,0,9
BRDA:95,19,1,1
BRDA:99,20,0,7
BRDA:99,20,1,1
BRDA:99,21,0,8
BRDA:99,21,1,7
BRDA:104,22,0,9
BRDA:104,22,1,1
BRDA:112,23,0,9
BRDA:112,23,1,0
BRDA:113,24,0,9
BRDA:113,24,1,0
BRDA:114,25,0,9
BRDA:114,25,1,0
BRDA:115,26,0,9
BRDA:115,26,1,0
BRDA:116,27,0,6
BRDA:116,27,1,3
BRDA:117,28,0,7
BRDA:117,28,1,1
BRF:54
BRH:39
end_of_record
TN:
SF:lib\auditDisplay.js
FN:6,fieldNameSetForModule
FN:7,(anonymous_1)
FN:17,buildAuditRecordLabel
FN:30,(anonymous_3)
FN:31,(anonymous_4)
FN:32,(anonymous_5)
FN:42,formatAuditModuleLabel
FN:52,resolveAuditFieldLabel
FN:56,(anonymous_8)
FN:65,getAuditFieldLabelKey
FN:67,(anonymous_10)
FN:77,formatAuditLookupCompareValue
FN:80,(anonymous_12)
FNF:13
FNH:9
FNDA:11,fieldNameSetForModule
FNDA:14,(anonymous_1)
FNDA:12,buildAuditRecordLabel
FNDA:11,(anonymous_3)
FNDA:11,(anonymous_4)
FNDA:4,(anonymous_5)
FNDA:2,formatAuditModuleLabel
FNDA:1,resolveAuditFieldLabel
FNDA:2,(anonymous_8)
FNDA:0,getAuditFieldLabelKey
FNDA:0,(anonymous_10)
FNDA:0,formatAuditLookupCompareValue
FNDA:0,(anonymous_12)
DA:7,14
DA:18,12
DA:19,12
DA:20,12
DA:22,11
DA:23,11
DA:24,11
DA:25,11
DA:28,11
DA:29,10
DA:30,11
DA:31,11
DA:32,4
DA:33,10
DA:36,8
DA:43,2
DA:44,2
DA:45,2
DA:53,1
DA:54,1
DA:55,1
DA:56,2
DA:57,1
DA:66,0
DA:67,0
DA:68,0
DA:69,0
DA:78,0
DA:79,0
DA:80,0
DA:81,0
DA:83,0
DA:84,0
DA:86,0
DA:87,0
DA:88,0
DA:91,0
DA:92,0
DA:93,0
DA:94,0
DA:100,0
DA:101,0
DA:105,0
LF:43
LH:23
BRDA:7,0,0,11
BRDA:7,0,1,0
BRDA:17,1,0,1
BRDA:19,2,0,11
BRDA:19,2,1,1
BRDA:19,3,0,12
BRDA:19,3,1,11
BRDA:20,4,0,1
BRDA:20,4,1,11
BRDA:20,5,0,0
BRDA:20,5,1,1
BRDA:23,6,0,11
BRDA:23,6,1,1
BRDA:25,7,0,0
BRDA:25,7,1,11
BRDA:25,8,0,11
BRDA:25,8,1,1
BRDA:25,8,2,0
BRDA:28,9,0,10
BRDA:28,9,1,1
BRDA:28,10,0,11
BRDA:28,10,1,11
BRDA:28,10,2,11
BRDA:31,11,0,11
BRDA:31,11,1,4
BRDA:33,12,0,3
BRDA:33,12,1,7
BRDA:36,13,0,8
BRDA:36,13,1,0
BRDA:43,14,0,2
BRDA:43,14,1,0
BRDA:44,15,0,0
BRDA:44,15,1,2
BRDA:45,16,0,2
BRDA:45,16,1,1
BRDA:53,17,0,1
BRDA:53,17,1,0
BRDA:54,18,0,0
BRDA:54,18,1,1
BRDA:56,19,0,1
BRDA:56,19,1,0
BRDA:57,20,0,1
BRDA:57,20,1,0
BRDA:67,21,0,0
BRDA:67,21,1,0
BRDA:68,22,0,0
BRDA:68,22,1,0
BRDA:68,23,0,0
BRDA:68,23,1,0
BRDA:79,24,0,0
BRDA:79,24,1,0
BRDA:80,25,0,0
BRDA:80,25,1,0
BRDA:81,26,0,0
BRDA:81,26,1,0
BRDA:81,27,0,0
BRDA:81,27,1,0
BRDA:84,28,0,0
BRDA:84,28,1,0
BRDA:86,29,0,0
BRDA:86,29,1,0
BRDA:86,30,0,0
BRDA:86,30,1,0
BRDA:88,31,0,0
BRDA:88,31,1,0
BRDA:88,32,0,0
BRDA:88,32,1,0
BRDA:91,33,0,0
BRDA:91,33,1,0
BRDA:91,34,0,0
BRDA:91,34,1,0
BRDA:91,34,2,0
BRDA:94,35,0,0
BRDA:94,35,1,0
BRDA:95,36,0,0
BRDA:95,36,1,0
BRDA:95,36,2,0
BRDA:95,36,3,0
BRDA:101,37,0,0
BRDA:101,37,1,0
BRDA:101,38,0,0
BRDA:101,38,1,0
BRF:82
BRH:32
end_of_record
TN:
SF:lib\auth.js
FN:24,isUserLoginActive
FN:39,authenticateLogin
FNF:2
FNH:2
FNDA:3,isUserLoginActive
FNDA:11,authenticateLogin
DA:25,3
DA:26,3
DA:27,3
DA:40,11
DA:41,11
DA:42,11
DA:43,10
DA:44,10
DA:45,9
DA:46,6
DA:48,6
DA:49,5
DA:51,5
DA:53,3
DA:54,2
LF:15
LH:15
BRDA:25,0,0,0
BRDA:25,0,1,3
BRDA:25,1,0,3
BRDA:25,1,1,3
BRDA:26,2,0,3
BRDA:26,2,1,0
BRDA:40,3,0,11
BRDA:40,3,1,1
BRDA:41,4,0,11
BRDA:41,4,1,1
BRDA:42,5,0,1
BRDA:42,5,1,10
BRDA:45,6,0,3
BRDA:45,6,1,6
BRDA:48,7,0,6
BRDA:48,7,1,0
BRDA:51,8,0,2
BRDA:51,8,1,3
BRDA:53,9,0,1
BRDA:53,9,1,2
BRF:20
BRH:17
end_of_record
TN:
SF:lib\childTablesLoad.js
FN:12,assertChildTableAllowed
FN:14,(anonymous_1)
FN:19,formatChildFieldForClient
FN:41,loadChildTableRowsForParent
FN:52,(anonymous_4)
FN:53,(anonymous_5)
FN:60,(anonymous_6)
FNF:7
FNH:0
FNDA:0,assertChildTableAllowed
FNDA:0,(anonymous_1)
FNDA:0,formatChildFieldForClient
FNDA:0,loadChildTableRowsForParent
FNDA:0,(anonymous_4)
FNDA:0,(anonymous_5)
FNDA:0,(anonymous_6)
DA:13,0
DA:14,0
DA:15,0
DA:20,0
DA:21,0
DA:22,0
DA:23,0
DA:24,0
DA:25,0
DA:26,0
DA:28,0
DA:29,0
DA:31,0
DA:32,0
DA:33,0
DA:35,0
DA:42,0
DA:43,0
DA:44,0
DA:47,0
DA:48,0
DA:49,0
DA:50,0
DA:51,0
DA:52,0
DA:53,0
DA:54,0
DA:60,0
DA:61,0
DA:62,0
DA:63,0
DA:65,0
DA:68,0
LF:33
LH:0
BRDA:13,0,0,0
BRDA:13,0,1,0
BRDA:14,1,0,0
BRDA:14,1,1,0
BRDA:15,2,0,0
BRDA:15,2,1,0
BRDA:20,3,0,0
BRDA:20,3,1,0
BRDA:20,4,0,0
BRDA:20,4,1,0
BRDA:20,5,0,0
BRDA:20,5,1,0
BRDA:21,6,0,0
BRDA:21,6,1,0
BRDA:22,7,0,0
BRDA:22,7,1,0
BRDA:22,8,0,0
BRDA:22,8,1,0
BRDA:29,9,0,0
BRDA:29,9,1,0
BRDA:31,10,0,0
BRDA:31,10,1,0
BRDA:33,11,0,0
BRDA:33,11,1,0
BRDA:44,12,0,0
BRDA:44,12,1,0
BRDA:47,13,0,0
BRDA:47,13,1,0
BRDA:49,14,0,0
BRDA:49,14,1,0
BRDA:50,15,0,0
BRDA:50,15,1,0
BRDA:51,16,0,0
BRDA:51,16,1,0
BRDA:60,17,0,0
BRDA:60,17,1,0
BRF:36
BRH:0
end_of_record
TN:
SF:lib\childTablesSync.js
FN:12,assertChildTableAllowed
FN:14,(anonymous_1)
FN:20,normalizeSyncMode
FN:33,validateChildTableRow
FN:63,coerceChildValue
FN:64,(anonymous_5)
FN:86,rowHasPersistedId
FN:91,insertChildRow
FN:94,(anonymous_8)
FN:95,(anonymous_9)
FN:96,(anonymous_10)
FN:109,syncChildTablesInTransaction
FN:129,(anonymous_12)
FN:129,(anonymous_13)
FN:177,deleteChildTablesForParent
FNF:15
FNH:15
FNDA:17,assertChildTableAllowed
FNDA:17,(anonymous_1)
FNDA:13,normalizeSyncMode
FNDA:10,validateChildTableRow
FNDA:18,coerceChildValue
FNDA:30,(anonymous_5)
FNDA:2,rowHasPersistedId
FNDA:8,insertChildRow
FNDA:26,(anonymous_8)
FNDA:26,(anonymous_9)
FNDA:18,(anonymous_10)
FNDA:15,syncChildTablesInTransaction
FNDA:24,(anonymous_12)
FNDA:24,(anonymous_13)
FNDA:6,deleteChildTablesForParent
DA:13,17
DA:14,17
DA:15,17
DA:16,2
DA:21,13
DA:22,13
DA:23,12
DA:24,11
DA:34,10
DA:35,10
DA:36,21
DA:37,21
DA:38,21
DA:39,21
DA:40,1
DA:42,20
DA:43,5
DA:44,5
DA:45,1
DA:48,19
DA:49,1
DA:50,1
DA:51,0
DA:55,8
DA:64,30
DA:65,18
DA:66,18
DA:67,2
DA:68,1
DA:69,1
DA:70,0
DA:71,0
DA:72,0
DA:73,0
DA:75,16
DA:76,13
DA:77,4
DA:78,4
DA:80,9
DA:81,3
DA:83,6
DA:87,2
DA:88,2
DA:92,8
DA:93,8
DA:94,26
DA:95,26
DA:96,18
DA:97,8
DA:110,15
DA:111,15
DA:112,15
DA:114,15
DA:115,15
DA:116,15
DA:117,15
DA:118,14
DA:119,1
DA:122,13
DA:123,13
DA:125,12
DA:126,11
DA:127,11
DA:128,11
DA:129,24
DA:131,11
DA:132,10
DA:134,10
DA:135,10
DA:136,10
DA:137,1
DA:139,9
DA:140,9
DA:141,2
DA:143,7
DA:145,6
DA:148,1
DA:149,1
DA:150,1
DA:151,2
DA:152,2
DA:153,0
DA:155,2
DA:156,1
DA:157,1
DA:158,1
DA:159,1
DA:160,0
DA:162,1
DA:163,1
DA:178,6
DA:179,6
DA:181,5
DA:182,5
DA:183,4
DA:184,4
DA:185,4
DA:186,4
LF:98
LH:91
BRDA:13,0,0,17
BRDA:13,0,1,2
BRDA:14,1,0,17
BRDA:14,1,1,0
BRDA:15,2,0,2
BRDA:15,2,1,15
BRDA:21,3,0,13
BRDA:21,3,1,11
BRDA:22,4,0,1
BRDA:22,4,1,12
BRDA:23,5,0,1
BRDA:23,5,1,11
BRDA:23,6,0,12
BRDA:23,6,1,11
BRDA:34,7,0,10
BRDA:34,7,1,4
BRDA:34,7,2,0
BRDA:34,7,3,0
BRDA:35,8,0,10
BRDA:35,8,1,0
BRDA:36,9,0,0
BRDA:36,9,1,21
BRDA:38,10,0,21
BRDA:38,10,1,18
BRDA:38,10,2,16
BRDA:39,11,0,1
BRDA:39,11,1,20
BRDA:39,12,0,21
BRDA:39,12,1,14
BRDA:40,13,0,1
BRDA:40,13,1,0
BRDA:42,14,0,5
BRDA:42,14,1,15
BRDA:42,15,0,20
BRDA:42,15,1,16
BRDA:44,16,0,1
BRDA:44,16,1,4
BRDA:45,17,0,1
BRDA:45,17,1,0
BRDA:48,18,0,1
BRDA:48,18,1,18
BRDA:48,19,0,19
BRDA:48,19,1,15
BRDA:49,20,0,1
BRDA:49,20,1,0
BRDA:49,21,0,0
BRDA:49,21,1,0
BRDA:50,22,0,0
BRDA:50,22,1,1
BRDA:50,23,0,1
BRDA:50,23,1,1
BRDA:51,24,0,0
BRDA:51,24,1,0
BRDA:64,25,0,18
BRDA:64,25,1,0
BRDA:66,26,0,2
BRDA:66,26,1,16
BRDA:67,27,0,1
BRDA:67,27,1,1
BRDA:68,28,0,0
BRDA:68,28,1,1
BRDA:69,29,0,1
BRDA:69,29,1,0
BRDA:69,30,0,1
BRDA:69,30,1,1
BRDA:69,30,2,0
BRDA:71,31,0,0
BRDA:71,31,1,0
BRDA:72,32,0,0
BRDA:72,32,1,0
BRDA:75,33,0,3
BRDA:75,33,1,13
BRDA:75,34,0,16
BRDA:75,34,1,14
BRDA:76,35,0,4
BRDA:76,35,1,9
BRDA:78,36,0,4
BRDA:78,36,1,0
BRDA:80,37,0,3
BRDA:80,37,1,6
BRDA:81,38,0,0
BRDA:81,38,1,3
BRDA:88,39,0,2
BRDA:88,39,1,1
BRDA:88,39,2,1
BRDA:88,39,3,1
BRDA:111,40,0,0
BRDA:111,40,1,15
BRDA:112,41,0,0
BRDA:112,41,1,15
BRDA:112,42,0,15
BRDA:112,42,1,15
BRDA:115,43,0,15
BRDA:115,43,1,0
BRDA:117,44,0,1
BRDA:117,44,1,14
BRDA:118,45,0,1
BRDA:118,45,1,13
BRDA:123,46,0,1
BRDA:123,46,1,12
BRDA:126,47,0,11
BRDA:126,47,1,0
BRDA:129,48,0,11
BRDA:129,48,1,0
BRDA:131,49,0,10
BRDA:131,49,1,1
BRDA:136,50,0,1
BRDA:136,50,1,9
BRDA:136,51,0,10
BRDA:136,51,1,9
BRDA:140,52,0,2
BRDA:140,52,1,7
BRDA:148,53,0,1
BRDA:148,53,1,0
BRDA:152,54,0,0
BRDA:152,54,1,2
BRDA:152,55,0,2
BRDA:152,55,1,2
BRDA:155,56,0,1
BRDA:155,56,1,1
BRDA:156,57,0,1
BRDA:156,57,1,0
BRDA:157,58,0,0
BRDA:157,58,1,1
BRDA:157,59,0,1
BRDA:157,59,1,1
BRDA:159,60,0,0
BRDA:159,60,1,1
BRDA:179,61,0,1
BRDA:179,61,1,5
BRDA:183,62,0,4
BRDA:183,62,1,0
BRF:132
BRH:98
end_of_record
TN:
SF:lib\crudListSearch.js
FN:36,appendGlobalSearchClause
FN:50,(anonymous_1)
FN:70,appendLookupFkFilter
FN:95,(anonymous_3)
FNF:4
FNH:4
FNDA:5,appendGlobalSearchClause
FNDA:2,(anonymous_1)
FNDA:7,appendLookupFkFilter
FNDA:2,(anonymous_3)
DA:37,5
DA:38,5
DA:39,4
DA:41,4
DA:42,4
DA:45,3
DA:46,2
DA:47,2
DA:48,2
DA:50,2
DA:51,1
DA:52,2
DA:71,7
DA:75,7
DA:76,6
DA:77,6
DA:78,5
DA:79,5
DA:81,4
DA:82,4
DA:84,4
DA:85,4
DA:86,4
DA:87,4
DA:89,4
DA:90,3
DA:91,3
DA:92,3
DA:93,3
DA:95,2
DA:96,1
DA:97,2
LF:32
LH:32
BRDA:37,0,0,5
BRDA:37,0,1,0
BRDA:38,1,0,1
BRDA:38,1,1,4
BRDA:42,2,0,1
BRDA:42,2,1,3
BRDA:45,3,0,2
BRDA:45,3,1,1
BRDA:71,4,0,7
BRDA:71,4,1,0
BRDA:75,5,0,1
BRDA:75,5,1,6
BRDA:77,6,0,1
BRDA:77,6,1,5
BRDA:79,7,0,1
BRDA:79,7,1,4
BRDA:82,8,0,0
BRDA:82,8,1,4
BRDA:89,9,0,3
BRDA:89,9,1,1
BRF:20
BRH:17
end_of_record
TN:
SF:lib\crudNormalize.js
FN:12,normalizeCrudPayload
FNF:1
FNH:1
FNDA:11,normalizeCrudPayload
DA:13,11
DA:15,11
DA:16,69
DA:18,12
DA:19,12
DA:20,6
DA:21,6
DA:22,3
DA:24,3
DA:26,6
DA:28,57
DA:30,21
DA:31,21
DA:32,7
DA:33,7
DA:34,3
DA:35,3
DA:37,4
DA:38,2
DA:41,11
LF:20
LH:20
BRDA:15,0,0,11
BRDA:15,0,1,0
BRDA:16,1,0,12
BRDA:16,1,1,57
BRDA:16,2,0,69
BRDA:16,2,1,22
BRDA:19,3,0,6
BRDA:19,3,1,6
BRDA:21,4,0,3
BRDA:21,4,1,3
BRDA:21,5,0,6
BRDA:21,5,1,5
BRDA:21,5,2,4
BRDA:28,6,0,36
BRDA:28,6,1,21
BRDA:31,7,0,14
BRDA:31,7,1,7
BRDA:33,8,0,3
BRDA:33,8,1,4
BRDA:33,9,0,7
BRDA:33,9,1,6
BRDA:33,9,2,5
BRDA:37,10,0,2
BRDA:37,10,1,2
BRDA:37,11,0,4
BRDA:37,11,1,4
BRF:26
BRH:25
end_of_record
TN:
SF:lib\crudNumberFilter.js
FN:13,shouldUseExactNumberColumnFilter
FN:28,appendNumberColumnFilter
FNF:2
FNH:2
FNDA:4,shouldUseExactNumberColumnFilter
FNDA:3,appendNumberColumnFilter
DA:14,4
DA:15,4
DA:16,3
DA:17,3
DA:18,2
DA:19,2
DA:20,2
DA:29,3
DA:32,3
DA:34,3
DA:36,3
DA:37,1
DA:38,1
DA:40,1
DA:41,1
DA:42,1
DA:45,2
DA:48,2
DA:49,2
DA:50,2
LF:20
LH:20
BRDA:14,0,0,0
BRDA:14,0,1,4
BRDA:14,1,0,4
BRDA:14,1,1,4
BRDA:15,2,0,1
BRDA:15,2,1,3
BRDA:16,3,0,3
BRDA:16,3,1,0
BRDA:17,4,0,1
BRDA:17,4,1,2
BRDA:17,5,0,3
BRDA:17,5,1,2
BRDA:17,5,2,2
BRDA:18,6,0,0
BRDA:18,6,1,2
BRDA:19,7,0,0
BRDA:19,7,1,2
BRDA:19,8,0,2
BRDA:19,8,1,2
BRDA:29,9,0,3
BRDA:29,9,1,0
BRDA:32,10,0,0
BRDA:32,10,1,3
BRDA:36,11,0,1
BRDA:36,11,1,2
BRDA:38,12,0,0
BRDA:38,12,1,1
BRDA:41,13,0,0
BRDA:41,13,1,1
BRDA:45,14,0,0
BRDA:45,14,1,2
BRF:31
BRH:22
end_of_record
TN:
SF:lib\crudRecordAudit.js
FN:50,getAuditColumnNames
FN:57,moduleHasRowAuditFields
FN:58,(anonymous_2)
FN:71,stripClientAuditFields
FN:86,applyCreateAudit
FN:100,applyUpdateAudit
FNF:6
FNH:6
FNDA:6,getAuditColumnNames
FNDA:3,moduleHasRowAuditFields
FNDA:7,(anonymous_2)
FNDA:8,stripClientAuditFields
FNDA:1,applyCreateAudit
FNDA:1,applyUpdateAudit
DA:26,23
DA:34,23
DA:51,6
DA:58,7
DA:59,3
DA:60,3
DA:72,8
DA:74,8
DA:75,80
DA:77,8
DA:87,1
DA:88,1
DA:101,1
DA:102,1
LF:14
LH:14
BRDA:51,0,0,6
BRDA:51,0,1,5
BRDA:58,1,0,3
BRDA:58,1,1,0
BRDA:61,2,0,3
BRDA:61,2,1,2
BRDA:61,2,2,2
BRDA:61,2,3,2
BRF:8
BRH:7
end_of_record
TN:
SF:lib\dashboardConfig.js
FN:12,(anonymous_0)
FN:28,isDashboardKey
FN:37,isDashboardPermissionKey
FN:46,getDashboardConfig
FN:52,getDashboardKeys
FNF:5
FNH:4
FNDA:30,(anonymous_0)
FNDA:18,isDashboardKey
FNDA:4,isDashboardPermissionKey
FNDA:10,getDashboardConfig
FNDA:0,getDashboardKeys
DA:11,5
DA:12,30
DA:16,5
DA:18,5
DA:19,30
DA:20,30
DA:29,18
DA:38,4
DA:47,10
DA:48,10
DA:53,0
LF:11
LH:10
BRDA:12,0,0,30
BRDA:12,0,1,0
BRDA:12,0,2,0
BRDA:19,1,0,30
BRDA:19,1,1,0
BRDA:20,2,0,30
BRDA:20,2,1,0
BRDA:29,3,0,18
BRDA:29,3,1,18
BRDA:38,4,0,4
BRDA:38,4,1,4
BRDA:47,5,0,0
BRDA:47,5,1,10
BRDA:48,6,0,10
BRDA:48,6,1,0
BRF:15
BRH:9
end_of_record
TN:
SF:lib\db.js
FN:20,buildSslOption
FN:52,trimEnvValue
FN:63,resolveMysqlHost
FN:68,getResolvedDbHostForDiagnostics
FN:76,getLoopbackDbHostError
FN:86,createPoolInstance
FN:125,(anonymous_6)
FN:126,(anonymous_7)
FN:142,getPoolInternal
FN:153,(anonymous_9)
FN:165,queryWithRetry
FN:178,getMissingRequiredDbEnvVars
FN:180,(anonymous_12)
FNF:13
FNH:11
FNDA:10,buildSslOption
FNDA:19,trimEnvValue
FNDA:15,resolveMysqlHost
FNDA:0,getResolvedDbHostForDiagnostics
FNDA:3,getLoopbackDbHostError
FNDA:12,createPoolInstance
FNDA:2,(anonymous_6)
FNDA:2,(anonymous_7)
FNDA:13,getPoolInternal
FNDA:13,(anonymous_9)
FNDA:0,queryWithRetry
FNDA:1,getMissingRequiredDbEnvVars
FNDA:4,(anonymous_12)
DA:21,10
DA:22,10
DA:24,3
DA:25,3
DA:26,3
DA:27,1
DA:29,2
DA:30,2
DA:31,2
DA:32,2
DA:39,3
DA:42,3
DA:43,3
DA:46,33
DA:49,33
DA:53,19
DA:54,19
DA:58,0
DA:60,19
DA:64,15
DA:69,0
DA:77,3
DA:78,3
DA:79,3
DA:80,2
DA:81,1
DA:83,1
DA:87,12
DA:88,12
DA:89,1
DA:94,11
DA:95,1
DA:96,1
DA:97,1
DA:102,10
DA:125,9
DA:126,2
DA:127,2
DA:130,9
DA:140,33
DA:144,13
DA:145,12
DA:147,10
DA:150,33
DA:154,13
DA:155,10
DA:156,10
DA:166,0
DA:167,0
DA:169,0
DA:170,0
DA:171,0
DA:173,0
DA:179,1
DA:180,4
LF:55
LH:47
BRDA:21,0,0,10
BRDA:21,0,1,7
BRDA:22,1,0,7
BRDA:22,1,1,3
BRDA:22,2,0,10
BRDA:22,2,1,9
BRDA:22,2,2,8
BRDA:26,3,0,1
BRDA:26,3,1,2
BRDA:30,4,0,2
BRDA:30,4,1,0
BRDA:32,5,0,1
BRDA:32,5,1,0
BRDA:39,6,0,1
BRDA:39,6,1,2
BRDA:46,7,0,0
BRDA:46,7,1,33
BRDA:49,8,0,33
BRDA:49,8,1,31
BRDA:53,9,0,19
BRDA:53,9,1,0
BRDA:54,10,0,0
BRDA:54,10,1,19
BRDA:55,11,0,19
BRDA:55,11,1,0
BRDA:55,11,2,19
BRDA:55,11,3,0
BRDA:69,12,0,0
BRDA:69,12,1,0
BRDA:77,13,0,0
BRDA:77,13,1,3
BRDA:79,14,0,1
BRDA:79,14,1,2
BRDA:80,15,0,1
BRDA:80,15,1,1
BRDA:80,16,0,2
BRDA:80,16,1,1
BRDA:80,16,2,1
BRDA:88,17,0,1
BRDA:88,17,1,11
BRDA:94,18,0,1
BRDA:94,18,1,10
BRDA:96,19,0,1
BRDA:96,19,1,0
BRDA:96,20,0,1
BRDA:96,20,1,1
BRDA:96,20,2,0
BRDA:104,21,0,10
BRDA:104,21,1,0
BRDA:127,22,0,1
BRDA:127,22,1,1
BRDA:144,23,0,12
BRDA:144,23,1,1
BRDA:156,24,0,9
BRDA:156,24,1,1
BRDA:165,25,0,0
BRDA:169,26,0,0
BRDA:169,26,1,0
BRDA:170,27,0,0
BRDA:170,27,1,0
BRDA:170,28,0,0
BRDA:170,28,1,0
BRF:62
BRH:42
end_of_record
TN:
SF:lib\dbConnectionError.js
FN:11,getDbErrorHint
FNF:1
FNH:1
FNDA:12,getDbErrorHint
DA:12,12
DA:14,12
DA:15,12
DA:16,12
DA:17,12
DA:20,12
DA:21,0
DA:24,12
DA:25,9
DA:27,3
DA:28,0
DA:30,3
DA:31,0
DA:33,3
DA:34,0
DA:36,3
DA:42,0
DA:44,3
DA:45,0
DA:47,3
DA:48,0
DA:49,0
DA:51,0
DA:52,0
DA:54,0
DA:57,3
LF:26
LH:15
BRDA:12,0,0,0
BRDA:12,0,1,12
BRDA:12,1,0,12
BRDA:12,1,1,12
BRDA:14,2,0,12
BRDA:14,2,1,3
BRDA:16,3,0,12
BRDA:16,3,1,0
BRDA:17,4,0,12
BRDA:17,4,1,12
BRDA:20,5,0,0
BRDA:20,5,1,12
BRDA:20,6,0,12
BRDA:20,6,1,12
BRDA:24,7,0,9
BRDA:24,7,1,3
BRDA:27,8,0,0
BRDA:27,8,1,3
BRDA:27,9,0,3
BRDA:27,9,1,3
BRDA:30,10,0,0
BRDA:30,10,1,3
BRDA:30,11,0,3
BRDA:30,11,1,3
BRDA:30,11,2,3
BRDA:33,12,0,0
BRDA:33,12,1,3
BRDA:33,13,0,3
BRDA:33,13,1,3
BRDA:36,14,0,0
BRDA:36,14,1,3
BRDA:37,15,0,3
BRDA:37,15,1,3
BRDA:37,15,2,3
BRDA:37,15,3,3
BRDA:44,16,0,0
BRDA:44,16,1,3
BRDA:44,17,0,3
BRDA:44,17,1,3
BRDA:47,18,0,0
BRDA:47,18,1,3
BRDA:47,19,0,3
BRDA:47,19,1,3
BRDA:48,20,0,0
BRDA:48,20,1,0
BRDA:51,21,0,0
BRDA:51,21,1,0
BRF:47
BRH:34
end_of_record
TN:
SF:lib\fetchClientError.js
FN:11,isNetworkFetchError
FN:24,isUnauthorizedMessage
FN:34,formatApiErrorPayload
FN:44,formatUserFacingError
FN:61,readJsonResponse
FN:76,readApiErrorMessage
FN:89,fetchApiJson
FN:103,downloadBlobResponse
FNF:8
FNH:5
FNDA:4,isNetworkFetchError
FNDA:3,isUnauthorizedMessage
FNDA:2,formatApiErrorPayload
FNDA:3,formatUserFacingError
FNDA:2,readJsonResponse
FNDA:0,readApiErrorMessage
FNDA:0,fetchApiJson
FNDA:0,downloadBlobResponse
DA:12,4
DA:13,4
DA:14,4
DA:15,4
DA:16,2
DA:17,2
DA:18,2
DA:25,3
DA:35,2
DA:36,2
DA:37,2
DA:45,3
DA:46,3
DA:47,1
DA:49,2
DA:50,2
DA:51,2
DA:52,1
DA:54,1
DA:62,2
DA:63,2
DA:64,1
DA:65,1
DA:67,0
DA:77,0
DA:78,0
DA:79,0
DA:81,0
DA:90,0
DA:91,0
DA:92,0
DA:94,0
DA:104,0
DA:105,0
DA:107,0
DA:108,0
DA:109,0
DA:110,0
DA:111,0
DA:112,0
DA:113,0
DA:114,0
DA:115,0
DA:116,0
LF:44
LH:23
BRDA:12,0,0,0
BRDA:12,0,1,4
BRDA:12,1,0,4
BRDA:12,1,1,4
BRDA:13,2,0,4
BRDA:13,2,1,0
BRDA:14,3,0,4
BRDA:14,3,1,0
BRDA:15,4,0,2
BRDA:15,4,1,2
BRDA:15,5,0,4
BRDA:15,5,1,2
BRDA:16,6,0,0
BRDA:16,6,1,2
BRDA:16,7,0,2
BRDA:16,7,1,2
BRDA:17,8,0,0
BRDA:17,8,1,2
BRDA:25,9,0,3
BRDA:25,9,1,0
BRDA:34,10,0,0
BRDA:35,11,0,2
BRDA:35,11,1,0
BRDA:35,12,0,2
BRDA:35,12,1,1
BRDA:36,13,0,1
BRDA:36,13,1,1
BRDA:37,14,0,1
BRDA:37,14,1,1
BRDA:44,15,0,2
BRDA:45,16,0,3
BRDA:45,16,1,2
BRDA:46,17,0,1
BRDA:46,17,1,2
BRDA:49,18,0,2
BRDA:49,18,1,0
BRDA:49,19,0,2
BRDA:49,19,1,0
BRDA:49,20,0,0
BRDA:49,20,1,0
BRDA:50,21,0,0
BRDA:50,21,1,2
BRDA:51,22,0,1
BRDA:51,22,1,1
BRDA:63,23,0,1
BRDA:63,23,1,1
BRDA:78,24,0,0
BRDA:78,24,1,0
BRDA:78,25,0,0
BRDA:78,25,1,0
BRDA:78,25,2,0
BRDA:91,26,0,0
BRDA:91,26,1,0
BRDA:103,27,0,0
BRDA:104,28,0,0
BRDA:104,28,1,0
BRDA:108,29,0,0
BRDA:108,29,1,0
BRDA:110,30,0,0
BRDA:110,30,1,0
BRF:60
BRH:33
end_of_record
TN:
SF:lib\formatDashboardUpdatedAt.js
FN:10,formatDashboardUpdatedAt
FN:22,(anonymous_1)
FNF:2
FNH:2
FNDA:1,formatDashboardUpdatedAt
FNDA:1,(anonymous_1)
DA:3,1
DA:11,1
DA:12,1
DA:13,1
DA:15,1
DA:22,1
DA:23,1
LF:7
LH:7
BRDA:11,0,0,0
BRDA:11,0,1,1
BRDA:12,1,0,1
BRDA:12,1,1,0
BRDA:13,2,0,0
BRDA:13,2,1,1
BRF:6
BRH:3
end_of_record
TN:
SF:lib\formatInrNumber.js
FN:5,parseNumericCellValue
FN:17,formatInrNumberForDisplay
FN:41,formatReportAmountForDisplay
FN:46,formatDashboardInrAmount
FN:52,formatDashboardInrAmountShort
FNF:5
FNH:3
FNDA:25,parseNumericCellValue
FNDA:15,formatInrNumberForDisplay
FNDA:7,formatReportAmountForDisplay
FNDA:0,formatDashboardInrAmount
FNDA:0,formatDashboardInrAmountShort
DA:6,25
DA:7,24
DA:8,24
DA:18,15
DA:19,15
DA:21,14
DA:22,3
DA:27,11
DA:28,8
DA:34,3
DA:42,7
DA:47,0
DA:48,0
DA:53,0
DA:54,0
DA:55,0
DA:56,0
DA:57,0
DA:59,0
DA:60,0
DA:62,0
LF:21
LH:11
BRDA:6,0,0,1
BRDA:6,0,1,24
BRDA:6,1,0,25
BRDA:6,1,1,25
BRDA:8,2,0,23
BRDA:8,2,1,1
BRDA:17,3,0,2
BRDA:17,4,0,11
BRDA:17,5,0,6
BRDA:19,6,0,1
BRDA:19,6,1,14
BRDA:21,7,0,3
BRDA:21,7,1,11
BRDA:27,8,0,8
BRDA:27,8,1,3
BRDA:27,9,0,11
BRDA:27,9,1,8
BRDA:48,10,0,0
BRDA:48,10,1,0
BRDA:54,11,0,0
BRDA:54,11,1,0
BRDA:56,12,0,0
BRDA:56,12,1,0
BRDA:59,13,0,0
BRDA:59,13,1,0
BRF:25
BRH:17
end_of_record
TN:
SF:lib\formatReportCellValue.js
FN:19,formatReportCellValue
FNF:1
FNH:1
FNDA:3,formatReportCellValue
DA:20,3
DA:21,3
DA:22,0
DA:23,0
DA:24,0
DA:25,0
DA:26,0
DA:28,0
DA:30,3
DA:31,2
DA:32,2
DA:33,0
DA:35,1
DA:36,1
DA:37,1
DA:38,0
DA:40,0
LF:17
LH:8
BRDA:20,0,0,0
BRDA:20,0,1,3
BRDA:20,1,0,3
BRDA:20,1,1,3
BRDA:21,2,0,0
BRDA:21,2,1,3
BRDA:23,3,0,0
BRDA:23,3,1,0
BRDA:25,4,0,0
BRDA:25,4,1,0
BRDA:30,5,0,2
BRDA:30,5,1,1
BRDA:32,6,0,2
BRDA:32,6,1,0
BRDA:33,7,0,0
BRDA:33,7,1,0
BRDA:35,8,0,1
BRDA:35,8,1,0
BRDA:37,9,0,1
BRDA:37,9,1,0
BRDA:38,10,0,0
BRDA:38,10,1,0
BRF:22
BRH:9
end_of_record
TN:
SF:lib\formatReportGeneratedAt.js
FN:7,formatReportGeneratedAtDisplay
FNF:1
FNH:1
FNDA:3,formatReportGeneratedAtDisplay
DA:8,3
DA:9,3
DA:10,3
DA:11,1
LF:4
LH:4
BRDA:8,0,0,3
BRDA:8,0,1,0
BRDA:10,1,0,2
BRDA:10,1,1,1
BRF:4
BRH:3
end_of_record
TN:
SF:lib\formatViewCellValue.js
FN:18,formatViewCellValue
FNF:1
FNH:1
FNDA:3,formatViewCellValue
DA:19,3
DA:20,3
DA:22,1
DA:23,1
DA:24,1
DA:25,1
DA:27,0
DA:29,2
DA:30,2
DA:31,2
DA:32,0
DA:34,0
LF:12
LH:9
BRDA:19,0,0,0
BRDA:19,0,1,3
BRDA:19,1,0,3
BRDA:19,1,1,3
BRDA:20,2,0,1
BRDA:20,2,1,2
BRDA:23,3,0,1
BRDA:23,3,1,0
BRDA:29,4,0,2
BRDA:29,4,1,0
BRDA:31,5,0,2
BRDA:31,5,1,0
BRDA:32,6,0,0
BRDA:32,6,1,0
BRF:14
BRH:8
end_of_record
TN:
SF:lib\gridRowValue.js
FN:15,rowValueForField
FNF:1
FNH:1
FNDA:332,rowValueForField
DA:16,332
DA:17,332
DA:18,332
DA:20,8
DA:21,8
DA:22,8
LF:6
LH:6
BRDA:16,0,0,0
BRDA:16,0,1,332
BRDA:16,1,0,332
BRDA:16,1,1,332
BRDA:18,2,0,324
BRDA:18,2,1,8
BRDA:21,3,0,0
BRDA:21,3,1,8
BRF:8
BRH:6
end_of_record
TN:
SF:lib\istDateTime.js
FN:12,partsByType
FN:22,formatInstantAsMysqlDatetimeIST
FN:44,getYmdISTFromInstant
FN:61,subtractCalendarDaysFromYmd
FNF:4
FNH:2
FNDA:27,partsByType
FNDA:0,formatInstantAsMysqlDatetimeIST
FNDA:27,getYmdISTFromInstant
FNDA:0,subtractCalendarDaysFromYmd
DA:9,28
DA:14,27
DA:15,27
DA:16,135
DA:18,27
DA:23,0
DA:35,0
DA:36,0
DA:37,0
DA:45,27
DA:53,27
DA:54,27
DA:55,27
DA:56,27
DA:57,27
DA:62,0
DA:63,0
DA:64,0
DA:66,0
DA:67,0
DA:68,0
DA:69,0
DA:70,0
DA:71,0
LF:24
LH:11
BRDA:16,0,0,81
BRDA:16,0,1,54
BRDA:22,1,0,0
BRDA:36,2,0,0
BRDA:36,2,1,0
BRDA:36,3,0,0
BRDA:36,3,1,0
BRDA:36,3,2,0
BRDA:36,3,3,0
BRDA:36,3,4,0
BRDA:36,3,5,0
BRDA:56,4,0,0
BRDA:56,4,1,27
BRDA:56,5,0,27
BRDA:56,5,1,27
BRDA:56,5,2,27
BRDA:62,6,0,0
BRDA:62,6,1,0
BRDA:63,7,0,0
BRDA:63,7,1,0
BRDA:64,8,0,0
BRDA:64,8,1,0
BRF:22
BRH:6
end_of_record
TN:
SF:lib\lookupLabelField.js
FN:19,parseLookupDisplayFieldSpec
FN:23,(anonymous_1)
FN:25,(anonymous_2)
FN:28,fieldNameSetForModule
FN:30,(anonymous_4)
FN:38,resolveLookupDisplayParts
FN:63,resolveLookupLabelFieldName
FN:71,formatLookupRowLabel
FN:75,(anonymous_8)
FN:76,(anonymous_9)
FN:77,(anonymous_10)
FN:87,getRefLookupSearchColumns
FN:99,(anonymous_12)
FN:99,(anonymous_13)
FN:107,getModuleGlobalSearchColumns
FN:111,(anonymous_15)
FN:111,(anonymous_16)
FN:120,getLookupRowLabelKey
FNF:18
FNH:10
FNDA:16,parseLookupDisplayFieldSpec
FNDA:18,(anonymous_1)
FNDA:18,(anonymous_2)
FNDA:6,fieldNameSetForModule
FNDA:90,(anonymous_4)
FNDA:4,resolveLookupDisplayParts
FNDA:2,resolveLookupLabelFieldName
FNDA:0,formatLookupRowLabel
FNDA:0,(anonymous_8)
FNDA:0,(anonymous_9)
FNDA:0,(anonymous_10)
FNDA:0,getRefLookupSearchColumns
FNDA:0,(anonymous_12)
FNDA:0,(anonymous_13)
FNDA:2,getModuleGlobalSearchColumns
FNDA:2,(anonymous_15)
FNDA:2,(anonymous_16)
FNDA:0,getLookupRowLabelKey
DA:20,16
DA:21,15
DA:23,18
DA:25,18
DA:30,90
DA:39,4
DA:40,4
DA:41,4
DA:42,4
DA:44,4
DA:45,4
DA:46,0
DA:47,0
DA:48,0
DA:49,0
DA:52,4
DA:53,4
DA:54,4
DA:55,4
DA:56,0
DA:57,0
DA:64,2
DA:65,2
DA:72,0
DA:73,0
DA:74,0
DA:75,0
DA:76,0
DA:77,0
DA:78,0
DA:88,0
DA:89,0
DA:90,0
DA:91,0
DA:92,0
DA:93,0
DA:94,0
DA:95,0
DA:97,0
DA:98,0
DA:99,0
DA:101,0
DA:108,2
DA:109,2
DA:110,2
DA:111,2
DA:113,1
DA:121,0
DA:122,0
DA:123,0
DA:124,0
LF:51
LH:22
BRDA:20,0,0,1
BRDA:20,0,1,15
BRDA:20,1,0,16
BRDA:20,1,1,15
BRDA:30,2,0,6
BRDA:30,2,1,0
BRDA:39,3,0,0
BRDA:39,3,1,4
BRDA:39,4,0,4
BRDA:39,4,1,4
BRDA:40,5,0,4
BRDA:40,5,1,0
BRDA:41,6,0,4
BRDA:41,6,1,0
BRDA:44,7,0,4
BRDA:44,7,1,4
BRDA:45,8,0,0
BRDA:45,8,1,4
BRDA:47,9,0,0
BRDA:47,9,1,0
BRDA:48,10,0,0
BRDA:48,10,1,0
BRDA:52,11,0,0
BRDA:52,11,1,4
BRDA:53,12,0,4
BRDA:53,12,1,0
BRDA:55,13,0,4
BRDA:55,13,1,0
BRDA:56,14,0,0
BRDA:56,14,1,0
BRDA:56,15,0,0
BRDA:56,15,1,0
BRDA:65,16,0,2
BRDA:65,16,1,0
BRDA:73,17,0,0
BRDA:73,17,1,0
BRDA:76,18,0,0
BRDA:76,18,1,0
BRDA:88,19,0,0
BRDA:88,19,1,0
BRDA:90,20,0,0
BRDA:90,20,1,0
BRDA:91,21,0,0
BRDA:91,21,1,0
BRDA:93,22,0,0
BRDA:93,22,1,0
BRDA:94,23,0,0
BRDA:94,23,1,0
BRDA:98,24,0,0
BRDA:98,24,1,0
BRDA:98,25,0,0
BRDA:98,25,1,0
BRDA:99,26,0,0
BRDA:99,26,1,0
BRDA:99,27,0,0
BRDA:99,27,1,0
BRDA:101,28,0,0
BRDA:101,28,1,0
BRDA:110,29,0,1
BRDA:110,29,1,1
BRDA:110,30,0,2
BRDA:110,30,1,1
BRDA:111,31,0,2
BRDA:111,31,1,0
BRDA:111,32,0,2
BRDA:111,32,1,2
BRDA:113,33,0,1
BRDA:113,33,1,0
BRDA:121,34,0,0
BRDA:121,34,1,0
BRDA:121,35,0,0
BRDA:121,35,1,0
BRDA:122,36,0,0
BRDA:122,36,1,0
BRDA:123,37,0,0
BRDA:123,37,1,0
BRF:76
BRH:25
end_of_record
TN:
SF:lib\lookupLovAccess.js
FN:14,fieldListReferencesLookup
FN:22,moduleConfigReferencesLookup
FN:34,canAccessLovViaReferencingModule
FNF:3
FNH:3
FNDA:76,fieldListReferencesLookup
FNDA:73,moduleConfigReferencesLookup
FNDA:7,canAccessLovViaReferencingModule
DA:15,76
DA:16,75
DA:17,444
DA:19,51
DA:23,73
DA:24,72
DA:25,51
DA:26,4
DA:28,48
DA:35,7
DA:36,6
DA:39,5
DA:40,16
DA:41,12
DA:42,12
DA:44,6
DA:49,5
DA:52,3
DA:53,57
DA:54,57
DA:55,57
DA:56,16
DA:57,16
DA:60,3
LF:24
LH:24
BRDA:15,0,0,1
BRDA:15,0,1,75
BRDA:17,1,0,24
BRDA:17,1,1,420
BRDA:17,2,0,444
BRDA:17,2,1,286
BRDA:23,3,0,1
BRDA:23,3,1,72
BRDA:24,4,0,21
BRDA:24,4,1,51
BRDA:25,5,0,51
BRDA:25,5,1,47
BRDA:26,6,0,3
BRDA:26,6,1,1
BRDA:35,7,0,1
BRDA:35,7,1,6
BRDA:36,8,0,1
BRDA:36,8,1,5
BRDA:40,9,0,4
BRDA:40,9,1,12
BRDA:42,10,0,6
BRDA:42,10,1,6
BRDA:49,11,0,1
BRDA:49,11,1,4
BRDA:49,12,0,5
BRDA:49,12,1,5
BRDA:49,12,2,4
BRDA:53,13,0,0
BRDA:53,13,1,57
BRDA:55,14,0,41
BRDA:55,14,1,16
BRDA:57,15,0,0
BRDA:57,15,1,16
BRF:33
BRH:31
end_of_record
TN:
SF:lib\lookupLovCache.js
FN:14,fetchLookupLovCached
FN:22,(anonymous_1)
FN:28,(anonymous_2)
FN:37,clearLookupLovCache
FN:52,buildLookupLovCacheKey
FN:54,(anonymous_5)
FN:55,(anonymous_6)
FN:56,(anonymous_7)
FNF:8
FNH:6
FNDA:4,fetchLookupLovCached
FNDA:2,(anonymous_1)
FNDA:0,(anonymous_2)
FNDA:2,clearLookupLovCache
FNDA:2,buildLookupLovCacheKey
FNDA:1,(anonymous_5)
FNDA:1,(anonymous_6)
FNDA:0,(anonymous_7)
DA:4,1
DA:7,1
DA:15,4
DA:16,1
DA:18,3
DA:19,1
DA:21,2
DA:23,2
DA:24,2
DA:25,2
DA:26,2
DA:29,0
DA:30,0
DA:32,2
DA:33,2
DA:38,2
DA:39,0
DA:40,0
DA:41,0
DA:43,2
DA:44,2
DA:53,2
DA:54,1
DA:55,1
DA:56,0
DA:57,2
LF:26
LH:20
BRDA:15,0,0,1
BRDA:15,0,1,3
BRDA:18,1,0,1
BRDA:18,1,1,2
BRDA:23,2,0,2
BRDA:23,2,1,0
BRDA:38,3,0,0
BRDA:38,3,1,2
BRDA:53,4,0,2
BRDA:53,4,1,1
BRDA:54,5,0,1
BRDA:54,5,1,0
BRDA:54,6,0,0
BRDA:54,6,1,1
BRDA:55,7,0,1
BRDA:55,7,1,1
BRDA:58,8,0,2
BRDA:58,8,1,0
BRDA:59,9,0,2
BRDA:59,9,1,2
BRDA:60,10,0,2
BRDA:60,10,1,2
BRDA:61,11,0,2
BRDA:61,11,1,0
BRF:24
BRH:18
end_of_record
TN:
SF:lib\lookupUi.js
FN:15,normalizeLookupUi
FN:32,getPickerColumns
FN:37,(anonymous_2)
FN:47,(anonymous_3)
FN:52,resolvePickerSearchColumnLabel
FN:53,(anonymous_5)
FN:55,(anonymous_6)
FN:66,getLookupPickerSearchPlaceholder
FN:77,(anonymous_8)
FNF:9
FNH:6
FNDA:0,normalizeLookupUi
FNDA:2,getPickerColumns
FNDA:3,(anonymous_2)
FNDA:0,(anonymous_3)
FNDA:3,resolvePickerSearchColumnLabel
FNDA:4,(anonymous_5)
FNDA:0,(anonymous_6)
FNDA:3,getLookupPickerSearchPlaceholder
FNDA:3,(anonymous_8)
DA:16,0
DA:18,0
DA:19,0
DA:21,0
DA:22,0
DA:24,0
DA:33,2
DA:34,2
DA:35,2
DA:36,2
DA:37,2
DA:38,3
DA:40,3
DA:43,3
DA:46,0
DA:47,0
DA:49,0
DA:53,4
DA:54,3
DA:55,0
DA:56,0
DA:57,0
DA:67,3
DA:68,3
DA:70,2
DA:71,2
DA:72,2
DA:74,2
DA:75,2
DA:76,2
DA:77,3
DA:80,2
DA:81,2
DA:82,1
DA:84,0
DA:85,0
DA:86,0
LF:37
LH:22
BRDA:16,0,0,0
BRDA:16,0,1,0
BRDA:18,1,0,0
BRDA:18,1,1,0
BRDA:18,2,0,0
BRDA:18,2,1,0
BRDA:18,2,2,0
BRDA:18,2,3,0
BRDA:18,2,4,0
BRDA:21,3,0,0
BRDA:21,3,1,0
BRDA:21,4,0,0
BRDA:21,4,1,0
BRDA:21,4,2,0
BRDA:21,4,3,0
BRDA:34,5,0,2
BRDA:34,5,1,0
BRDA:34,5,2,0
BRDA:34,6,0,0
BRDA:34,6,1,0
BRDA:36,7,0,2
BRDA:36,7,1,0
BRDA:36,8,0,2
BRDA:36,8,1,2
BRDA:38,9,0,3
BRDA:38,9,1,0
BRDA:40,10,0,3
BRDA:40,10,1,0
BRDA:40,11,0,3
BRDA:40,11,1,3
BRDA:42,12,0,0
BRDA:42,12,1,0
BRDA:43,13,0,3
BRDA:43,13,1,0
BRDA:46,14,0,0
BRDA:46,14,1,0
BRDA:53,15,0,3
BRDA:53,15,1,0
BRDA:54,16,0,3
BRDA:54,16,1,0
BRDA:54,17,0,3
BRDA:54,17,1,3
BRDA:55,18,0,0
BRDA:55,18,1,0
BRDA:56,19,0,0
BRDA:56,19,1,0
BRDA:56,20,0,0
BRDA:56,20,1,0
BRDA:67,21,0,3
BRDA:67,21,1,2
BRDA:68,22,0,1
BRDA:68,22,1,2
BRDA:70,23,0,2
BRDA:70,23,1,0
BRDA:71,24,0,2
BRDA:71,24,1,0
BRDA:72,25,0,0
BRDA:72,25,1,2
BRDA:80,26,0,0
BRDA:80,26,1,2
BRDA:81,27,0,1
BRDA:81,27,1,1
BRDA:82,28,0,1
BRDA:82,28,1,0
BRF:64
BRH:24
end_of_record
TN:
SF:lib\passwordPolicy.js
FN:18,validateNewPassword
FNF:1
FNH:1
FNDA:17,validateNewPassword
DA:3,2
DA:5,2
DA:8,2
DA:10,2
DA:11,2
DA:19,17
DA:21,17
DA:22,1
DA:24,16
DA:25,1
DA:27,15
DA:28,2
DA:30,13
DA:31,4
DA:33,9
DA:34,2
DA:37,7
DA:38,7
DA:39,3
DA:42,4
LF:20
LH:20
BRDA:18,0,0,7
BRDA:18,1,0,7
BRDA:19,2,0,17
BRDA:19,2,1,0
BRDA:21,3,0,1
BRDA:21,3,1,16
BRDA:24,4,0,1
BRDA:24,4,1,15
BRDA:27,5,0,2
BRDA:27,5,1,13
BRDA:30,6,0,4
BRDA:30,6,1,9
BRDA:33,7,0,2
BRDA:33,7,1,7
BRDA:37,8,0,7
BRDA:37,8,1,0
BRDA:38,9,0,3
BRDA:38,9,1,4
BRDA:38,10,0,7
BRDA:38,10,1,6
BRF:20
BRH:18
end_of_record
TN:
SF:lib\permissionScope.js
FN:10,normalizeActionScope
FN:18,scopeOrAll
FN:27,actionScopesFromDbRow
FNF:3
FNH:3
FNDA:16,normalizeActionScope
FNDA:6,scopeOrAll
FNDA:3,actionScopesFromDbRow
DA:11,16
DA:12,16
DA:13,13
DA:14,10
DA:19,6
DA:20,6
DA:28,3
DA:29,1
DA:31,2
LF:9
LH:9
BRDA:11,0,0,16
BRDA:11,0,1,2
BRDA:12,1,0,3
BRDA:12,1,1,13
BRDA:13,2,0,3
BRDA:13,2,1,10
BRDA:20,3,0,4
BRDA:20,3,1,2
BRDA:20,4,0,6
BRDA:20,4,1,5
BRDA:28,5,0,1
BRDA:28,5,1,2
BRF:12
BRH:12
end_of_record
TN:
SF:lib\rbac.js
FN:53,hasModulePermission
FN:83,hasAnyModuleAccess
FN:110,getScopeForAction
FNF:3
FNH:3
FNDA:14,hasModulePermission
FNDA:5,hasAnyModuleAccess
FNDA:13,getScopeForAction
DA:29,21
DA:37,21
DA:54,14
DA:57,14
DA:59,10
DA:60,10
DA:62,9
DA:64,9
DA:72,8
DA:74,5
DA:84,5
DA:85,4
DA:87,3
DA:88,3
DA:98,2
DA:99,1
DA:111,13
DA:112,12
DA:114,7
DA:115,7
DA:117,6
DA:118,6
DA:124,5
DA:125,3
LF:24
LH:24
BRDA:54,0,0,0
BRDA:54,0,1,14
BRDA:57,1,0,4
BRDA:57,1,1,10
BRDA:60,2,0,1
BRDA:60,2,1,9
BRDA:72,3,0,3
BRDA:72,3,1,5
BRDA:84,4,0,1
BRDA:84,4,1,4
BRDA:85,5,0,1
BRDA:85,5,1,3
BRDA:98,6,0,1
BRDA:98,6,1,1
BRDA:111,7,0,1
BRDA:111,7,1,12
BRDA:112,8,0,5
BRDA:112,8,1,7
BRDA:115,9,0,1
BRDA:115,9,1,6
BRDA:124,10,0,2
BRDA:124,10,1,3
BRF:22
BRH:21
end_of_record
TN:
SF:lib\rbacMatrixDashboards.js
FN:14,getRbacMatrixDashboardEntries
FN:16,(anonymous_1)
FN:22,(anonymous_2)
FN:23,(anonymous_3)
FN:27,getRbacMatrixDashboardKeySet
FN:28,(anonymous_5)
FNF:6
FNH:4
FNDA:5,getRbacMatrixDashboardEntries
FNDA:30,(anonymous_1)
FNDA:30,(anonymous_2)
FNDA:50,(anonymous_3)
FNDA:0,getRbacMatrixDashboardKeySet
FNDA:0,(anonymous_5)
DA:15,5
DA:16,30
DA:22,30
DA:23,50
DA:28,0
LF:5
LH:4
BRDA:17,0,0,30
BRDA:17,0,1,0
BRDA:17,0,2,0
BRDA:18,1,0,30
BRDA:18,1,1,0
BRDA:18,1,2,0
BRF:6
BRH:2
end_of_record
TN:
SF:lib\rbacMatrixModules.js
FN:18,getRbacMatrixModuleEntries
FN:20,(anonymous_1)
FN:27,(anonymous_2)
FN:31,(anonymous_3)
FN:38,getRbacMatrixModuleKeySet
FN:39,(anonymous_5)
FNF:6
FNH:4
FNDA:1,getRbacMatrixModuleEntries
FNDA:36,(anonymous_1)
FNDA:19,(anonymous_2)
FNDA:279,(anonymous_3)
FNDA:0,getRbacMatrixModuleKeySet
FNDA:0,(anonymous_5)
DA:19,1
DA:20,36
DA:27,19
DA:28,1
DA:29,1
DA:32,279
DA:33,279
DA:34,92
DA:39,0
LF:9
LH:8
BRDA:22,0,0,36
BRDA:22,0,1,0
BRDA:23,1,0,36
BRDA:23,1,1,0
BRDA:33,2,0,187
BRDA:33,2,1,92
BRF:6
BRH:4
end_of_record
TN:
SF:lib\rbacMatrixReports.js
FN:13,getRbacMatrixReportEntries
FN:15,(anonymous_1)
FN:21,(anonymous_2)
FN:28,getRbacMatrixReportKeySet
FN:29,(anonymous_4)
FNF:5
FNH:3
FNDA:1,getRbacMatrixReportEntries
FNDA:19,(anonymous_1)
FNDA:61,(anonymous_2)
FNDA:0,getRbacMatrixReportKeySet
FNDA:0,(anonymous_4)
DA:14,1
DA:15,19
DA:22,61
DA:23,61
DA:24,33
DA:29,0
LF:6
LH:5
BRDA:17,0,0,19
BRDA:17,0,1,0
BRDA:18,1,0,19
BRDA:18,1,1,0
BRDA:23,2,0,28
BRDA:23,2,1,33
BRF:6
BRH:4
end_of_record
TN:
SF:lib\reportConfig.js
FN:18,isReportKey
FN:26,getReportConfig
FN:35,getReportKeys
FNF:3
FNH:2
FNDA:121,isReportKey
FNDA:61,getReportConfig
FNDA:0,getReportKeys
DA:12,22
DA:19,121
DA:27,61
DA:28,61
DA:29,20
DA:31,61
DA:36,0
LF:7
LH:6
BRDA:19,0,0,121
BRDA:19,0,1,121
BRDA:27,1,0,0
BRDA:27,1,1,61
BRDA:28,2,0,20
BRDA:28,2,1,41
BRF:6
BRH:5
end_of_record
TN:
SF:lib\rowScope.js
FN:52,normalizeDataScope
FN:60,fieldNameSet
FN:61,(anonymous_2)
FN:65,ownScopeAlsoMatchFields
FN:69,(anonymous_4)
FN:69,(anonymous_5)
FN:72,appendOwnScopeSql
FN:101,rowMatchesOwnScope
FN:136,appendRowScopeFilter
FN:176,rowMatchesScope
FN:216,annotateRowsModifyAccess
FN:249,(anonymous_11)
FN:264,matches
FN:292,canUserModifyRow
FNF:14
FNH:14
FNDA:54,normalizeDataScope
FNDA:45,fieldNameSet
FNDA:98,(anonymous_2)
FNDA:18,ownScopeAlsoMatchFields
FNDA:3,(anonymous_4)
FNDA:3,(anonymous_5)
FNDA:3,appendOwnScopeSql
FNDA:15,rowMatchesOwnScope
FNDA:8,appendRowScopeFilter
FNDA:17,rowMatchesScope
FNDA:5,annotateRowsModifyAccess
FNDA:4,(anonymous_11)
FNDA:12,matches
FNDA:2,canUserModifyRow
DA:53,54
DA:54,54
DA:55,31
DA:56,17
DA:61,98
DA:66,18
DA:67,18
DA:68,3
DA:69,3
DA:73,3
DA:74,3
DA:75,3
DA:76,3
DA:77,3
DA:79,3
DA:80,1
DA:81,1
DA:82,1
DA:83,1
DA:86,2
DA:87,2
DA:88,2
DA:89,2
DA:90,2
DA:92,2
DA:93,1
DA:94,1
DA:96,2
DA:97,2
DA:98,2
DA:102,15
DA:103,15
DA:104,15
DA:105,15
DA:106,15
DA:108,15
DA:109,6
DA:115,9
DA:116,6
DA:117,2
DA:119,5
DA:137,8
DA:138,8
DA:139,7
DA:141,6
DA:142,6
DA:143,6
DA:144,6
DA:146,6
DA:147,3
DA:148,3
DA:149,3
DA:152,3
DA:153,3
DA:154,3
DA:155,1
DA:156,1
DA:158,2
DA:159,1
DA:160,1
DA:163,1
DA:164,1
DA:166,1
DA:177,17
DA:178,17
DA:179,15
DA:181,14
DA:182,14
DA:183,14
DA:184,14
DA:186,14
DA:187,9
DA:188,9
DA:191,5
DA:192,5
DA:193,5
DA:194,3
DA:195,3
DA:196,3
DA:197,3
DA:201,2
DA:202,2
DA:205,0
DA:217,5
DA:218,5
DA:220,5
DA:221,1
DA:222,2
DA:223,2
DA:225,1
DA:228,4
DA:229,4
DA:230,4
DA:231,4
DA:232,4
DA:233,4
DA:235,4
DA:236,4
DA:237,4
DA:239,4
DA:240,4
DA:242,2
DA:243,2
DA:244,4
DA:245,4
DA:247,2
DA:248,2
DA:249,4
DA:250,2
DA:251,2
DA:255,1
DA:256,3
DA:265,12
DA:266,12
DA:267,9
DA:268,6
DA:269,6
DA:271,3
DA:272,3
DA:273,3
DA:274,3
DA:275,3
DA:277,0
DA:280,3
DA:281,7
DA:282,7
DA:293,2
DA:294,2
LF:128
LH:126
BRDA:53,0,0,54
BRDA:53,0,1,1
BRDA:54,1,0,23
BRDA:54,1,1,31
BRDA:55,2,0,14
BRDA:55,2,1,17
BRDA:61,3,0,45
BRDA:61,3,1,0
BRDA:67,4,0,15
BRDA:67,4,1,3
BRDA:69,5,0,3
BRDA:69,5,1,0
BRDA:69,6,0,3
BRDA:69,6,1,3
BRDA:79,7,0,1
BRDA:79,7,1,2
BRDA:79,8,0,3
BRDA:79,8,1,1
BRDA:88,9,0,2
BRDA:88,9,1,0
BRDA:96,10,0,0
BRDA:96,10,1,2
BRDA:97,11,0,1
BRDA:97,11,1,1
BRDA:108,12,0,6
BRDA:108,12,1,9
BRDA:108,13,0,15
BRDA:108,13,1,6
BRDA:110,14,0,6
BRDA:110,14,1,4
BRDA:115,15,0,3
BRDA:115,15,1,6
BRDA:115,16,0,9
BRDA:115,16,1,9
BRDA:117,17,0,1
BRDA:117,17,1,1
BRDA:119,18,0,5
BRDA:119,18,1,0
BRDA:138,19,0,1
BRDA:138,19,1,7
BRDA:139,20,0,1
BRDA:139,20,1,6
BRDA:139,21,0,7
BRDA:139,21,1,7
BRDA:146,22,0,3
BRDA:146,22,1,3
BRDA:147,23,0,0
BRDA:147,23,1,3
BRDA:147,24,0,3
BRDA:147,24,1,0
BRDA:152,25,0,3
BRDA:152,25,1,0
BRDA:153,26,0,2
BRDA:153,26,1,1
BRDA:153,27,0,3
BRDA:153,27,1,3
BRDA:154,28,0,1
BRDA:154,28,1,2
BRDA:158,29,0,1
BRDA:158,29,1,1
BRDA:178,30,0,2
BRDA:178,30,1,15
BRDA:179,31,0,1
BRDA:179,31,1,14
BRDA:179,32,0,15
BRDA:179,32,1,14
BRDA:186,33,0,9
BRDA:186,33,1,5
BRDA:187,34,0,0
BRDA:187,34,1,9
BRDA:187,35,0,9
BRDA:187,35,1,0
BRDA:191,36,0,5
BRDA:191,36,1,0
BRDA:192,37,0,3
BRDA:192,37,1,2
BRDA:192,38,0,5
BRDA:192,38,1,4
BRDA:193,39,0,2
BRDA:193,39,1,3
BRDA:194,40,0,0
BRDA:194,40,1,3
BRDA:218,41,0,0
BRDA:218,41,1,5
BRDA:218,42,0,5
BRDA:218,42,1,5
BRDA:220,43,0,1
BRDA:220,43,1,4
BRDA:220,44,0,5
BRDA:220,44,1,5
BRDA:237,45,0,4
BRDA:237,45,1,0
BRDA:237,46,0,4
BRDA:237,46,1,4
BRDA:240,47,0,2
BRDA:240,47,1,2
BRDA:240,48,0,4
BRDA:240,48,1,4
BRDA:240,48,2,3
BRDA:240,48,3,2
BRDA:240,48,4,0
BRDA:245,49,0,4
BRDA:245,49,1,0
BRDA:245,50,0,4
BRDA:245,50,1,4
BRDA:248,51,0,2
BRDA:248,51,1,0
BRDA:255,52,0,1
BRDA:255,52,1,0
BRDA:256,53,0,3
BRDA:256,53,1,0
BRDA:266,54,0,3
BRDA:266,54,1,9
BRDA:267,55,0,6
BRDA:267,55,1,3
BRDA:268,56,0,0
BRDA:268,56,1,6
BRDA:268,57,0,6
BRDA:268,57,1,0
BRDA:271,58,0,3
BRDA:271,58,1,0
BRDA:272,59,0,0
BRDA:272,59,1,3
BRDA:273,60,0,0
BRDA:273,60,1,3
BRDA:281,61,0,7
BRDA:281,61,1,6
BRDA:282,62,0,7
BRDA:282,62,1,6
BRDA:293,63,0,1
BRDA:293,63,1,1
BRF:131
BRH:107
end_of_record
TN:
SF:lib\session.js
FN:35,createSession
FN:51,refreshSessionExpiry
FN:65,getSession
FN:79,deleteSession
FN:93,getSessionUser
FNF:5
FNH:5
FNDA:2,createSession
FNDA:8,refreshSessionExpiry
FNDA:8,getSession
FNDA:4,deleteSession
FNDA:16,getSessionUser
DA:26,2
DA:36,2
DA:37,2
DA:38,2
DA:42,1
DA:52,8
DA:54,5
DA:55,5
DA:66,8
DA:68,5
DA:69,5
DA:73,4
DA:80,4
DA:82,2
DA:83,2
DA:94,16
DA:96,12
DA:97,12
DA:98,12
DA:107,10
DA:108,10
DA:110,3
DA:112,9
LF:23
LH:23
BRDA:52,0,0,3
BRDA:52,0,1,5
BRDA:66,1,0,3
BRDA:66,1,1,5
BRDA:80,2,0,2
BRDA:80,2,1,2
BRDA:94,3,0,4
BRDA:94,3,1,12
BRDA:107,4,0,10
BRDA:107,4,1,7
BRDA:108,5,0,3
BRDA:108,5,1,7
BRF:12
BRH:12
end_of_record
TN:
SF:lib\sessionIdleMinutes.js
FN:13,resolveSessionIdleMinutes
FNF:1
FNH:1
FNDA:2,resolveSessionIdleMinutes
DA:8,2
DA:14,2
DA:16,2
LF:3
LH:3
BRDA:14,0,0,2
BRDA:14,0,1,2
BRF:2
BRH:2
end_of_record
TN:
SF:lib\sqlDateFieldValue.js
FN:24,toYyyyMmDdForSqlDateField
FNF:1
FNH:1
FNDA:97,toYyyyMmDdForSqlDateField
DA:16,27
DA:18,27
DA:25,97
DA:26,97
DA:27,97
DA:28,97
DA:29,0
DA:30,0
DA:32,0
DA:34,0
DA:35,0
DA:37,0
DA:39,0
DA:40,0
DA:42,0
DA:43,0
DA:44,0
DA:45,0
DA:47,0
LF:19
LH:6
BRDA:25,0,0,0
BRDA:25,0,1,97
BRDA:25,1,0,97
BRDA:25,1,1,97
BRDA:26,2,0,97
BRDA:26,2,1,0
BRDA:28,3,0,97
BRDA:28,3,1,0
BRDA:30,4,0,0
BRDA:30,4,1,0
BRDA:30,5,0,0
BRDA:30,5,1,0
BRDA:35,6,0,0
BRDA:35,6,1,0
BRDA:40,7,0,0
BRDA:40,7,1,0
BRDA:42,8,0,0
BRDA:42,8,1,0
BRDA:44,9,0,0
BRDA:44,9,1,0
BRF:20
BRH:5
end_of_record
TN:
SF:lib\sqlLikeEscape.js
FN:10,escapeSqlLikePattern
FNF:1
FNH:1
FNDA:17,escapeSqlLikePattern
DA:12,17
LF:1
LH:1
BRDA:12,0,0,17
BRDA:12,0,1,2
BRF:2
BRH:2
end_of_record
TN:
SF:lib\sqlModuleTable.js
FN:21,(anonymous_0)
FN:22,(anonymous_1)
FN:42,assertAllowedTableName
FN:52,escapeSqlTableId
FN:59,tableNameFromModuleKey
FN:67,escapeSqlTableIdForModuleKey
FN:74,tableNameFromModuleConfig
FN:81,escapeSqlTableIdForModuleConfig
FNF:8
FNH:8
FNDA:619,(anonymous_0)
FNDA:619,(anonymous_1)
FNDA:84,assertAllowedTableName
FNDA:60,escapeSqlTableId
FNDA:4,tableNameFromModuleKey
FNDA:1,escapeSqlTableIdForModuleKey
FNDA:15,tableNameFromModuleConfig
FNDA:12,escapeSqlTableIdForModuleConfig
DA:17,19
DA:19,19
DA:21,619
DA:22,619
DA:26,19
DA:27,19
DA:28,619
DA:29,619
DA:30,154
DA:31,188
DA:32,188
DA:36,19
DA:43,84
DA:45,84
DA:46,7
DA:48,77
DA:53,60
DA:60,4
DA:61,4
DA:62,1
DA:64,3
DA:68,1
DA:75,15
DA:76,2
DA:78,13
DA:82,12
LF:26
LH:26
BRDA:22,0,0,619
BRDA:22,0,1,619
BRDA:29,1,0,465
BRDA:29,1,1,154
BRDA:32,2,0,188
BRDA:32,2,1,0
BRDA:32,3,0,188
BRDA:32,3,1,188
BRDA:43,4,0,84
BRDA:43,4,1,2
BRDA:45,5,0,7
BRDA:45,5,1,77
BRDA:45,6,0,84
BRDA:45,6,1,80
BRDA:46,7,0,7
BRDA:46,7,1,4
BRDA:61,8,0,1
BRDA:61,8,1,3
BRDA:62,9,0,1
BRDA:62,9,1,0
BRDA:75,10,0,2
BRDA:75,10,1,13
BRF:22
BRH:20
end_of_record
TN:
SF:lib\dashboards\dashboard.service.js
FN:19,loadDashboardForUser
FNF:1
FNH:1
FNDA:4,loadDashboardForUser
DA:21,4
DA:22,1
DA:25,3
DA:26,0
DA:30,3
DA:31,3
DA:32,2
DA:35,1
DA:36,1
DA:37,0
DA:40,1
DA:41,1
DA:42,0
DA:49,1
LF:14
LH:11
BRDA:21,0,0,1
BRDA:21,0,1,3
BRDA:25,1,0,0
BRDA:25,1,1,3
BRDA:31,2,0,2
BRDA:31,2,1,1
BRDA:36,3,0,0
BRDA:36,3,1,1
BRDA:41,4,0,0
BRDA:41,4,1,1
BRDA:43,5,0,0
BRDA:43,5,1,0
BRDA:44,6,0,0
BRDA:44,6,1,0
BRF:14
BRH:7
end_of_record
TN:
SF:lib\dashboards\dashboardAccess.js
FN:23,canAccessDashboard
FN:45,canAccessDashboardByPermissionKey
FN:50,(anonymous_2)
FNF:3
FNH:1
FNDA:6,canAccessDashboard
FNDA:0,canAccessDashboardByPermissionKey
FNDA:0,(anonymous_2)
DA:24,6
DA:25,6
DA:27,6
DA:28,6
DA:30,6
DA:32,6
DA:33,2
DA:36,4
DA:46,0
DA:47,0
DA:49,0
DA:50,0
DA:52,0
DA:53,0
LF:14
LH:8
BRDA:24,0,0,0
BRDA:24,0,1,6
BRDA:25,1,0,0
BRDA:25,1,1,6
BRDA:28,2,0,0
BRDA:28,2,1,6
BRDA:30,3,0,6
BRDA:30,3,1,0
BRDA:30,3,2,0
BRDA:32,4,0,2
BRDA:32,4,1,4
BRDA:32,5,0,6
BRDA:32,5,1,6
BRDA:46,6,0,0
BRDA:46,6,1,0
BRDA:47,7,0,0
BRDA:47,7,1,0
BRDA:50,8,0,0
BRDA:50,8,1,0
BRDA:50,8,2,0
BRDA:52,9,0,0
BRDA:52,9,1,0
BRF:22
BRH:8
end_of_record
TN:
SF:lib\dashboards\dashboardRegistry.js
FN:30,getDashboardRunner
FNF:1
FNH:1
FNDA:5,getDashboardRunner
DA:16,4
DA:31,5
LF:2
LH:2
BRDA:31,0,0,5
BRDA:31,0,1,0
BRF:2
BRH:1
end_of_record
TN:
SF:lib\dashboards\loadActiveFinancialYear.js
FN:16,loadActiveFinancialYear
FNF:1
FNH:1
FNDA:8,loadActiveFinancialYear
DA:17,8
DA:20,8
DA:30,8
DA:31,8
DA:33,3
DA:40,3
DA:43,8
DA:45,6
LF:8
LH:8
BRDA:31,0,0,3
BRDA:31,0,1,5
BRDA:43,1,0,2
BRDA:43,1,1,6
BRDA:47,2,0,6
BRDA:47,2,1,0
BRF:6
BRH:5
end_of_record
TN:
SF:lib\dashboards\invoice_collections\aggregateInvoiceCollections.js
FN:16,sqlTableIds
FN:29,unitInClause
FN:37,fyBounds
FN:49,computeCollectedPct
FN:62,loadBilledByType
FN:94,loadReceivedByType
FN:126,loadReceivedTotals
FN:130,(anonymous_7)
FN:165,loadPendingInvoices
FN:206,loadBilledByBank
FN:210,(anonymous_10)
FN:246,(anonymous_11)
FN:258,loadBilledInvoiceCount
FN:262,(anonymous_13)
FN:289,loadReceivedLineCount
FN:293,(anonymous_15)
FN:320,loadMonthWiseReceived
FN:324,(anonymous_17)
FN:351,(anonymous_18)
FN:363,aggregateInvoiceCollections
FN:384,(anonymous_20)
FN:385,(anonymous_21)
FN:392,(anonymous_22)
FNF:23
FNH:23
FNDA:16,sqlTableIds
FNDA:16,unitInClause
FNDA:16,fyBounds
FNDA:4,computeCollectedPct
FNDA:2,loadBilledByType
FNDA:2,loadReceivedByType
FNDA:2,loadReceivedTotals
FNDA:6,(anonymous_7)
FNDA:2,loadPendingInvoices
FNDA:2,loadBilledByBank
FNDA:6,(anonymous_10)
FNDA:2,(anonymous_11)
FNDA:2,loadBilledInvoiceCount
FNDA:6,(anonymous_13)
FNDA:2,loadReceivedLineCount
FNDA:6,(anonymous_15)
FNDA:2,loadMonthWiseReceived
FNDA:6,(anonymous_17)
FNDA:1,(anonymous_18)
FNDA:2,aggregateInvoiceCollections
FNDA:6,(anonymous_20)
FNDA:6,(anonymous_21)
FNDA:6,(anonymous_22)
DA:17,16
DA:30,16
DA:38,16
DA:50,4
DA:51,4
DA:52,4
DA:53,2
DA:54,2
DA:63,2
DA:64,2
DA:65,2
DA:66,2
DA:68,2
DA:69,6
DA:70,6
DA:78,6
DA:79,6
DA:86,2
DA:95,2
DA:96,2
DA:97,2
DA:98,2
DA:100,2
DA:101,6
DA:102,6
DA:110,6
DA:111,6
DA:118,2
DA:127,2
DA:128,2
DA:129,2
DA:130,2
DA:131,6
DA:132,6
DA:142,2
DA:143,2
DA:144,6
DA:147,2
DA:153,2
DA:154,2
DA:166,2
DA:167,2
DA:168,2
DA:169,2
DA:170,2
DA:172,2
DA:173,6
DA:174,6
DA:179,6
DA:187,6
DA:190,2
DA:194,2
DA:195,2
DA:207,2
DA:208,2
DA:209,2
DA:210,2
DA:211,6
DA:212,6
DA:230,2
DA:231,2
DA:232,6
DA:235,2
DA:245,2
DA:246,2
DA:259,2
DA:260,2
DA:261,2
DA:262,2
DA:263,6
DA:264,6
DA:274,2
DA:275,2
DA:276,6
DA:279,2
DA:280,2
DA:281,2
DA:290,2
DA:291,2
DA:292,2
DA:293,2
DA:294,6
DA:295,6
DA:305,2
DA:306,2
DA:307,6
DA:310,2
DA:311,2
DA:312,2
DA:321,2
DA:322,2
DA:323,2
DA:324,2
DA:325,6
DA:326,6
DA:336,2
DA:337,2
DA:338,6
DA:341,2
DA:350,2
DA:351,2
DA:373,2
DA:384,6
DA:385,6
DA:392,6
DA:393,2
DA:394,2
DA:396,2
LF:108
LH:108
BRDA:30,0,0,16
BRDA:30,0,1,0
BRDA:52,1,0,2
BRDA:52,1,1,2
BRDA:52,2,0,4
BRDA:52,2,1,4
BRDA:53,3,0,0
BRDA:53,3,1,2
BRDA:53,4,0,2
BRDA:53,4,1,2
BRDA:82,5,0,6
BRDA:82,5,1,3
BRDA:114,6,0,6
BRDA:114,6,1,3
BRDA:155,7,0,2
BRDA:155,7,1,1
BRDA:156,8,0,2
BRDA:156,8,1,1
BRDA:196,9,0,2
BRDA:196,9,1,1
BRDA:197,10,0,2
BRDA:197,10,1,1
BRDA:246,11,0,2
BRDA:246,11,1,0
BRDA:247,12,0,2
BRDA:247,12,1,0
BRDA:248,13,0,2
BRDA:248,13,1,0
BRDA:249,14,0,2
BRDA:249,14,1,0
BRDA:281,15,0,2
BRDA:281,15,1,1
BRDA:312,16,0,2
BRDA:312,16,1,1
BRDA:351,17,0,2
BRDA:351,17,1,0
BRDA:352,18,0,1
BRDA:352,18,1,0
BRDA:353,19,0,1
BRDA:353,19,1,0
BRDA:354,20,0,1
BRDA:354,20,1,0
BRDA:389,21,0,6
BRDA:389,21,1,0
BRDA:398,22,0,2
BRDA:398,22,1,0
BRDA:399,23,0,2
BRDA:399,23,1,0
BRF:48
BRH:35
end_of_record
TN:
SF:lib\dashboards\invoice_collections\invoiceSources.js
FN:30,(anonymous_0)
FNF:1
FNH:1
FNDA:12,(anonymous_0)
DA:8,4
DA:30,12
LF:2
LH:2
BRF:0
BRH:0
end_of_record
TN:
SF:lib\dashboards\invoice_collections\resolveUnitScope.js
FN:13,sqlTableIds
FN:24,resolveUnitScope
FN:32,(anonymous_2)
FNF:3
FNH:2
FNDA:2,sqlTableIds
FNDA:2,resolveUnitScope
FNDA:0,(anonymous_2)
DA:14,2
DA:25,2
DA:28,2
DA:29,0
DA:32,0
DA:33,0
DA:36,2
DA:37,2
DA:38,2
DA:44,0
DA:48,0
DA:49,0
DA:55,0
LF:13
LH:6
BRDA:28,0,0,0
BRDA:28,0,1,2
BRDA:28,1,0,2
BRDA:28,1,1,2
BRDA:32,2,0,0
BRDA:32,2,1,0
BRDA:36,3,0,0
BRDA:36,3,1,2
BRDA:36,4,0,2
BRDA:36,4,1,0
BRDA:37,5,0,2
BRDA:37,5,1,0
BRDA:48,6,0,0
BRDA:48,6,1,0
BRF:14
BRH:6
end_of_record
TN:
SF:lib\dashboards\invoice_collections\run.js
FN:19,loadDashboard
FNF:1
FNH:1
FNDA:2,loadDashboard
DA:20,2
DA:21,0
DA:24,2
DA:25,2
DA:26,1
DA:29,1
DA:31,1
DA:32,1
DA:47,0
DA:48,0
LF:10
LH:7
BRDA:20,0,0,0
BRDA:20,0,1,2
BRDA:25,1,0,1
BRDA:25,1,1,1
BRDA:31,2,0,1
BRDA:31,2,1,0
BRDA:42,3,0,1
BRDA:42,3,1,0
BRF:8
BRH:5
end_of_record
TN:
SF:lib\dashboards\my_reminders\run.js
FN:16,loadDashboard
FNF:1
FNH:0
FNDA:0,loadDashboard
DA:17,0
DA:18,0
DA:20,0
DA:21,0
DA:22,0
DA:23,0
DA:32,0
DA:33,0
LF:8
LH:0
BRDA:17,0,0,0
BRDA:17,0,1,0
BRF:2
BRH:0
end_of_record
TN:
SF:lib\dashboards\my_tasks\run.js
FN:16,loadDashboard
FNF:1
FNH:0
FNDA:0,loadDashboard
DA:17,0
DA:18,0
DA:20,0
DA:21,0
DA:22,0
DA:30,0
DA:31,0
LF:7
LH:0
BRDA:17,0,0,0
BRDA:17,0,1,0
BRF:2
BRH:0
end_of_record
TN:
SF:lib\dashboards\regional_performance\aggregateRegionalPerformance.js
FN:21,sqlTableIds
FN:32,unitInClause
FN:40,fyBounds
FN:52,buildSettledCasesSubquery
FN:95,loadTotals
FN:116,loadByLoanType
FN:130,(anonymous_6)
FN:144,loadByRegion
FN:158,(anonymous_8)
FN:172,loadMonthWiseSettled
FN:183,(anonymous_10)
FN:195,aggregateRegionalPerformance
FNF:12
FNH:12
FNDA:8,sqlTableIds
FNDA:8,unitInClause
FNDA:8,fyBounds
FNDA:8,buildSettledCasesSubquery
FNDA:2,loadTotals
FNDA:2,loadByLoanType
FNDA:1,(anonymous_6)
FNDA:2,loadByRegion
FNDA:1,(anonymous_8)
FNDA:2,loadMonthWiseSettled
FNDA:1,(anonymous_10)
FNDA:2,aggregateRegionalPerformance
DA:22,8
DA:33,8
DA:41,8
DA:53,8
DA:54,8
DA:55,8
DA:57,8
DA:59,8
DA:83,8
DA:96,2
DA:97,2
DA:103,2
DA:104,2
DA:117,2
DA:118,2
DA:129,2
DA:130,2
DA:145,2
DA:146,2
DA:157,2
DA:158,2
DA:173,2
DA:174,2
DA:182,2
DA:183,2
DA:196,2
DA:203,2
LF:27
LH:27
BRDA:33,0,0,8
BRDA:33,0,1,0
BRDA:105,1,0,2
BRDA:105,1,1,1
BRDA:106,2,0,2
BRDA:106,2,1,1
BRDA:107,3,0,2
BRDA:107,3,1,1
BRDA:130,4,0,2
BRDA:130,4,1,0
BRDA:131,5,0,1
BRDA:131,5,1,0
BRDA:132,6,0,1
BRDA:132,6,1,0
BRDA:133,7,0,1
BRDA:133,7,1,0
BRDA:134,8,0,1
BRDA:134,8,1,0
BRDA:135,9,0,1
BRDA:135,9,1,0
BRDA:158,10,0,2
BRDA:158,10,1,0
BRDA:159,11,0,1
BRDA:159,11,1,0
BRDA:160,12,0,1
BRDA:160,12,1,0
BRDA:161,13,0,1
BRDA:161,13,1,0
BRDA:162,14,0,1
BRDA:162,14,1,0
BRDA:163,15,0,1
BRDA:163,15,1,0
BRDA:183,16,0,2
BRDA:183,16,1,0
BRDA:184,17,0,1
BRDA:184,17,1,0
BRDA:185,18,0,1
BRDA:185,18,1,0
BRDA:186,19,0,1
BRDA:186,19,1,0
BRDA:205,20,0,2
BRDA:205,20,1,0
BRDA:206,21,0,2
BRDA:206,21,1,0
BRF:44
BRH:25
end_of_record
TN:
SF:lib\dashboards\regional_performance\run.js
FN:19,loadDashboard
FNF:1
FNH:1
FNDA:3,loadDashboard
DA:20,3
DA:21,1
DA:24,2
DA:25,2
DA:26,1
DA:29,1
DA:31,1
DA:32,1
DA:45,0
DA:46,0
LF:10
LH:8
BRDA:20,0,0,1
BRDA:20,0,1,2
BRDA:25,1,0,1
BRDA:25,1,1,1
BRDA:31,2,0,1
BRDA:31,2,1,0
BRDA:40,3,0,1
BRDA:40,3,1,0
BRF:8
BRH:6
end_of_record
TN:
SF:lib\dashboards\search_bank_branch\run.js
FN:13,loadDashboard
FNF:1
FNH:1
FNDA:2,loadDashboard
DA:14,2
DA:15,1
DA:17,1
LF:3
LH:3
BRDA:14,0,0,1
BRDA:14,0,1,1
BRF:2
BRH:2
end_of_record
TN:
SF:lib\dashboards\search_bank_branch\searchBranches.js
FN:9,sqlTableIds
FN:19,buildSelectSql
FN:42,searchBranches
FN:63,(anonymous_3)
FNF:4
FNH:4
FNDA:2,sqlTableIds
FNDA:2,buildSelectSql
FNDA:3,searchBranches
FNDA:51,(anonymous_3)
DA:6,1
DA:7,1
DA:10,2
DA:20,2
DA:21,2
DA:43,3
DA:44,3
DA:45,1
DA:52,2
DA:53,2
DA:61,2
DA:63,51
DA:73,2
LF:13
LH:13
BRDA:43,0,0,3
BRDA:43,0,1,0
BRDA:44,1,0,1
BRDA:44,1,1,2
BRDA:63,2,0,2
BRDA:63,2,1,0
BRDA:64,3,0,51
BRDA:64,3,1,0
BRDA:65,4,0,51
BRDA:65,4,1,0
BRDA:66,5,0,51
BRDA:66,5,1,0
BRDA:67,6,0,51
BRDA:67,6,1,0
BRDA:68,7,0,51
BRDA:68,7,1,0
BRDA:69,8,0,51
BRDA:69,8,1,0
BRDA:70,9,0,51
BRDA:70,9,1,0
BRF:20
BRH:11
end_of_record
TN:
SF:lib\dashboards\unit_wise_recovery_target\run.js
FN:18,sqlTableIds
FN:37,computeAchievedPct
FN:46,unitInClause
FN:55,resolveUnitScope
FN:62,(anonymous_4)
FN:89,buildUnitRecoveryTargetSql
FN:101,buildBankWiseRecoveryAggregationSql
FN:127,buildRecoveredCaseCountSql
FN:141,buildPartRecoveredCaseCountSql
FN:157,partRecoveredCaseCountBindValues
FN:163,buildMonthWiseRecoverySql
FN:182,buildPendingCaseStatusCountSql
FN:202,pendingCaseStatusCountBindValues
FN:208,buildCaseStatusCountSql
FN:213,buildRecoveryAggregationSql
FN:218,emptyDashboardPayload
FN:235,loadDashboard
FN:279,(anonymous_17)
FN:289,(anonymous_18)
FN:302,(anonymous_19)
FN:305,(anonymous_20)
FN:308,(anonymous_21)
FNF:22
FNH:20
FNDA:30,sqlTableIds
FNDA:7,computeAchievedPct
FNDA:26,unitInClause
FNDA:4,resolveUnitScope
FNDA:2,(anonymous_4)
FNDA:4,buildUnitRecoveryTargetSql
FNDA:5,buildBankWiseRecoveryAggregationSql
FNDA:4,buildRecoveredCaseCountSql
FNDA:4,buildPartRecoveredCaseCountSql
FNDA:3,partRecoveredCaseCountBindValues
FNDA:4,buildMonthWiseRecoverySql
FNDA:5,buildPendingCaseStatusCountSql
FNDA:4,pendingCaseStatusCountBindValues
FNDA:0,buildCaseStatusCountSql
FNDA:0,buildRecoveryAggregationSql
FNDA:1,emptyDashboardPayload
FNDA:5,loadDashboard
FNDA:4,(anonymous_17)
FNDA:4,(anonymous_18)
FNDA:2,(anonymous_19)
FNDA:2,(anonymous_20)
FNDA:3,(anonymous_21)
DA:19,30
DA:38,7
DA:39,7
DA:40,7
DA:41,7
DA:42,7
DA:47,26
DA:56,4
DA:58,4
DA:59,1
DA:62,2
DA:63,1
DA:66,3
DA:67,3
DA:68,1
DA:74,2
DA:78,2
DA:79,0
DA:85,2
DA:90,4
DA:91,4
DA:92,4
DA:102,5
DA:103,5
DA:104,5
DA:128,4
DA:129,4
DA:130,4
DA:142,4
DA:143,4
DA:144,4
DA:145,4
DA:146,4
DA:158,3
DA:159,3
DA:164,4
DA:165,4
DA:166,4
DA:183,5
DA:184,5
DA:185,5
DA:186,5
DA:203,4
DA:204,4
DA:209,0
DA:214,0
DA:219,1
DA:236,5
DA:237,5
DA:238,1
DA:241,4
DA:242,4
DA:243,4
DA:244,0
DA:247,4
DA:248,4
DA:249,1
DA:255,3
DA:256,3
DA:257,3
DA:266,3
DA:277,3
DA:279,3
DA:280,4
DA:281,4
DA:289,4
DA:290,3
DA:291,3
DA:298,3
DA:302,2
DA:305,2
DA:308,3
DA:314,3
LF:73
LH:69
BRDA:40,0,0,0
BRDA:40,0,1,7
BRDA:40,1,0,7
BRDA:40,1,1,7
BRDA:41,2,0,0
BRDA:41,2,1,7
BRDA:41,3,0,7
BRDA:41,3,1,7
BRDA:47,4,0,26
BRDA:47,4,1,0
BRDA:58,5,0,1
BRDA:58,5,1,3
BRDA:58,6,0,4
BRDA:58,6,1,4
BRDA:62,7,0,1
BRDA:62,7,1,0
BRDA:66,8,0,2
BRDA:66,8,1,1
BRDA:66,9,0,3
BRDA:66,9,1,2
BRDA:67,10,0,1
BRDA:67,10,1,2
BRDA:78,11,0,0
BRDA:78,11,1,2
BRDA:237,12,0,1
BRDA:237,12,1,4
BRDA:243,13,0,0
BRDA:243,13,1,4
BRDA:243,14,0,4
BRDA:243,14,1,4
BRDA:248,15,0,1
BRDA:248,15,1,3
BRDA:251,16,0,1
BRDA:251,16,1,0
BRDA:277,17,0,3
BRDA:277,17,1,0
BRDA:279,18,0,3
BRDA:279,18,1,0
BRDA:280,19,0,4
BRDA:280,19,1,0
BRDA:283,20,0,4
BRDA:283,20,1,0
BRDA:300,21,0,3
BRDA:300,21,1,0
BRDA:301,22,0,3
BRDA:301,22,1,1
BRDA:302,23,0,3
BRDA:302,23,1,0
BRDA:303,24,0,2
BRDA:303,24,1,0
BRDA:304,25,0,2
BRDA:304,25,1,0
BRDA:308,26,0,3
BRDA:308,26,1,0
BRDA:309,27,0,3
BRDA:309,27,1,0
BRDA:310,28,0,3
BRDA:310,28,1,0
BRDA:311,29,0,3
BRDA:311,29,1,0
BRDA:322,30,0,3
BRDA:322,30,1,0
BRF:62
BRH:42
end_of_record
TN:
SF:lib\modules\accountsAssetsInvestments.js
FN:39,throwAccountsAssetsInvestmentsValidation
FN:43,assertAccountsAssetsInvestmentsDateNotInFrozenFy
FN:47,(anonymous_2)
FN:51,asPositiveInt
FN:56,normalizePaymentMode
FN:64,assertAccountsAssetsInvestmentsPaymentMode
FN:78,assertAccountsAssetsInvestmentsNpaCurrentAcRule
FN:102,assertAccountsAssetsInvestmentsChequeFields
FN:120,assertAccountsAssetsInvestmentsRole2UnitAndCurrentAc
FN:148,resolveYearCodeByDate
FN:170,assignAccountsAssetsInvestmentsVoucherNo
FN:217,validateAccountsAssetsInvestmentsBeforeWrite
FN:230,applyAccountsAssetsInvestmentsBeforeWrite
FNF:13
FNH:4
FNDA:1,throwAccountsAssetsInvestmentsValidation
FNDA:1,assertAccountsAssetsInvestmentsDateNotInFrozenFy
FNDA:1,(anonymous_2)
FNDA:0,asPositiveInt
FNDA:0,normalizePaymentMode
FNDA:0,assertAccountsAssetsInvestmentsPaymentMode
FNDA:0,assertAccountsAssetsInvestmentsNpaCurrentAcRule
FNDA:0,assertAccountsAssetsInvestmentsChequeFields
FNDA:0,assertAccountsAssetsInvestmentsRole2UnitAndCurrentAc
FNDA:0,resolveYearCodeByDate
FNDA:0,assignAccountsAssetsInvestmentsVoucherNo
FNDA:1,validateAccountsAssetsInvestmentsBeforeWrite
FNDA:0,applyAccountsAssetsInvestmentsBeforeWrite
DA:21,19
DA:24,19
DA:31,19
DA:40,1
DA:45,1
DA:46,1
DA:47,1
DA:52,0
DA:53,0
DA:57,0
DA:62,19
DA:66,0
DA:67,0
DA:68,0
DA:70,0
DA:71,0
DA:79,0
DA:80,0
DA:83,0
DA:84,0
DA:85,0
DA:89,0
DA:92,0
DA:93,0
DA:103,0
DA:104,0
DA:106,0
DA:107,0
DA:108,0
DA:110,0
DA:111,0
DA:112,0
DA:122,0
DA:123,0
DA:125,0
DA:126,0
DA:128,0
DA:129,0
DA:130,0
DA:133,0
DA:134,0
DA:136,0
DA:137,0
DA:141,0
DA:142,0
DA:150,0
DA:151,0
DA:152,0
DA:154,0
DA:155,0
DA:159,0
DA:160,0
DA:161,0
DA:163,0
DA:172,0
DA:173,0
DA:174,0
DA:176,0
DA:177,0
DA:179,0
DA:180,0
DA:181,0
DA:184,0
DA:185,0
DA:188,0
DA:194,0
DA:198,0
DA:199,0
DA:202,0
DA:203,0
DA:204,0
DA:206,0
DA:211,0
DA:219,1
DA:220,0
DA:221,0
DA:222,0
DA:223,0
DA:232,0
DA:233,0
DA:234,0
DA:236,0
DA:237,0
DA:238,0
DA:241,0
DA:243,0
DA:244,0
DA:245,0
DA:246,0
LF:89
LH:9
BRDA:45,0,0,0
BRDA:45,0,1,1
BRDA:53,1,0,0
BRDA:53,1,1,0
BRDA:53,2,0,0
BRDA:53,2,1,0
BRDA:57,3,0,0
BRDA:57,3,1,0
BRDA:67,4,0,0
BRDA:67,4,1,0
BRDA:70,5,0,0
BRDA:70,5,1,0
BRDA:83,6,0,0
BRDA:83,6,1,0
BRDA:84,7,0,0
BRDA:84,7,1,0
BRDA:92,8,0,0
BRDA:92,8,1,0
BRDA:104,9,0,0
BRDA:104,9,1,0
BRDA:106,10,0,0
BRDA:106,10,1,0
BRDA:107,11,0,0
BRDA:107,11,1,0
BRDA:111,12,0,0
BRDA:111,12,1,0
BRDA:123,13,0,0
BRDA:123,13,1,0
BRDA:123,14,0,0
BRDA:123,14,1,0
BRDA:126,15,0,0
BRDA:126,15,1,0
BRDA:129,16,0,0
BRDA:129,16,1,0
BRDA:134,17,0,0
BRDA:134,17,1,0
BRDA:141,18,0,0
BRDA:141,18,1,0
BRDA:151,19,0,0
BRDA:151,19,1,0
BRDA:159,20,0,0
BRDA:159,20,1,0
BRDA:159,21,0,0
BRDA:159,21,1,0
BRDA:160,22,0,0
BRDA:160,22,1,0
BRDA:173,23,0,0
BRDA:173,23,1,0
BRDA:180,24,0,0
BRDA:180,24,1,0
BRDA:198,25,0,0
BRDA:198,25,1,0
BRDA:203,26,0,0
BRDA:203,26,1,0
BRDA:230,27,0,0
BRDA:232,28,0,0
BRDA:232,28,1,0
BRDA:233,29,0,0
BRDA:233,29,1,0
BRDA:237,30,0,0
BRDA:237,30,1,0
BRDA:237,31,0,0
BRDA:237,31,1,0
BRDA:243,32,0,0
BRDA:243,32,1,0
BRDA:243,33,0,0
BRDA:243,33,1,0
BRDA:243,33,2,0
BRDA:243,33,3,0
BRDA:243,33,4,0
BRF:70
BRH:1
end_of_record
TN:
SF:lib\modules\accountsCashDepositWithdraw.js
FN:26,throwValidation
FN:30,assertAccountsCashDepositWithdrawDateNotInFrozenFy
FN:34,(anonymous_2)
FN:38,asPositiveInt
FN:43,normalizePaymentMode
FN:50,normalizeTransactionType
FN:57,assertAccountsCashDepositWithdrawNpaCurrentAcRule
FN:67,assertAccountsCashDepositWithdrawChequeFields
FN:81,assertAccountsCashDepositWithdrawTransactionType
FN:89,assertAccountsCashDepositWithdrawPaymentMode
FN:102,assertAccountsCashDepositWithdrawRole2UnitAndCurrentAc
FN:128,resolveYearCodeByDate
FN:145,voucherLeadForTransactionType
FN:156,assignAccountsCashDepositWithdrawVoucherNo
FN:211,validateAccountsCashDepositWithdrawBeforeWrite
FN:221,applyAccountsCashDepositWithdrawBeforeWrite
FNF:16
FNH:4
FNDA:1,throwValidation
FNDA:1,assertAccountsCashDepositWithdrawDateNotInFrozenFy
FNDA:1,(anonymous_2)
FNDA:0,asPositiveInt
FNDA:0,normalizePaymentMode
FNDA:0,normalizeTransactionType
FNDA:0,assertAccountsCashDepositWithdrawNpaCurrentAcRule
FNDA:0,assertAccountsCashDepositWithdrawChequeFields
FNDA:0,assertAccountsCashDepositWithdrawTransactionType
FNDA:0,assertAccountsCashDepositWithdrawPaymentMode
FNDA:0,assertAccountsCashDepositWithdrawRole2UnitAndCurrentAc
FNDA:0,resolveYearCodeByDate
FNDA:0,voucherLeadForTransactionType
FNDA:0,assignAccountsCashDepositWithdrawVoucherNo
FNDA:1,validateAccountsCashDepositWithdrawBeforeWrite
FNDA:0,applyAccountsCashDepositWithdrawBeforeWrite
DA:21,19
DA:24,19
DA:27,1
DA:32,1
DA:33,1
DA:34,1
DA:39,0
DA:40,0
DA:44,0
DA:51,0
DA:52,0
DA:53,0
DA:58,0
DA:59,0
DA:60,0
DA:68,0
DA:69,0
DA:71,0
DA:72,0
DA:73,0
DA:75,0
DA:76,0
DA:77,0
DA:82,0
DA:83,0
DA:87,19
DA:90,0
DA:91,0
DA:92,0
DA:94,0
DA:95,0
DA:104,0
DA:105,0
DA:107,0
DA:108,0
DA:110,0
DA:111,0
DA:112,0
DA:115,0
DA:116,0
DA:118,0
DA:119,0
DA:123,0
DA:124,0
DA:129,0
DA:130,0
DA:131,0
DA:133,0
DA:134,0
DA:138,0
DA:139,0
DA:140,0
DA:142,0
DA:147,0
DA:148,0
DA:149,0
DA:158,0
DA:159,0
DA:160,0
DA:162,0
DA:163,0
DA:165,0
DA:166,0
DA:167,0
DA:170,0
DA:171,0
DA:172,0
DA:174,0
DA:175,0
DA:176,0
DA:179,0
DA:180,0
DA:182,0
DA:188,0
DA:192,0
DA:193,0
DA:196,0
DA:197,0
DA:198,0
DA:200,0
DA:205,0
DA:213,1
DA:214,0
DA:215,0
DA:216,0
DA:217,0
DA:218,0
DA:222,0
DA:223,0
LF:89
LH:8
BRDA:32,0,0,0
BRDA:32,0,1,1
BRDA:40,1,0,0
BRDA:40,1,1,0
BRDA:40,2,0,0
BRDA:40,2,1,0
BRDA:44,3,0,0
BRDA:44,3,1,0
BRDA:51,4,0,0
BRDA:51,4,1,0
BRDA:52,5,0,0
BRDA:52,5,1,0
BRDA:52,6,0,0
BRDA:52,6,1,0
BRDA:59,7,0,0
BRDA:59,7,1,0
BRDA:69,8,0,0
BRDA:69,8,1,0
BRDA:71,9,0,0
BRDA:71,9,1,0
BRDA:72,10,0,0
BRDA:72,10,1,0
BRDA:76,11,0,0
BRDA:76,11,1,0
BRDA:82,12,0,0
BRDA:82,12,1,0
BRDA:91,13,0,0
BRDA:91,13,1,0
BRDA:94,14,0,0
BRDA:94,14,1,0
BRDA:105,15,0,0
BRDA:105,15,1,0
BRDA:105,16,0,0
BRDA:105,16,1,0
BRDA:108,17,0,0
BRDA:108,17,1,0
BRDA:111,18,0,0
BRDA:111,18,1,0
BRDA:116,19,0,0
BRDA:116,19,1,0
BRDA:123,20,0,0
BRDA:123,20,1,0
BRDA:130,21,0,0
BRDA:130,21,1,0
BRDA:138,22,0,0
BRDA:138,22,1,0
BRDA:138,23,0,0
BRDA:138,23,1,0
BRDA:139,24,0,0
BRDA:139,24,1,0
BRDA:147,25,0,0
BRDA:147,25,1,0
BRDA:148,26,0,0
BRDA:148,26,1,0
BRDA:159,27,0,0
BRDA:159,27,1,0
BRDA:166,28,0,0
BRDA:166,28,1,0
BRDA:171,29,0,0
BRDA:171,29,1,0
BRDA:175,30,0,0
BRDA:175,30,1,0
BRDA:192,31,0,0
BRDA:192,31,1,0
BRDA:197,32,0,0
BRDA:197,32,1,0
BRDA:222,33,0,0
BRDA:222,33,1,0
BRF:68
BRH:1
end_of_record
TN:
SF:lib\modules\accountsCurrentAcTransfer.js
FN:22,throwValidation
FN:26,assertAccountsCurrentAcTransferDateNotInFrozenFy
FN:30,(anonymous_2)
FN:34,asPositiveInt
FN:39,assertAccountsCurrentAcTransferFromToDifferent
FN:49,resolveYearCodeByDate
FN:69,assignAccountsCurrentAcTransferVoucherNo
FN:115,validateAccountsCurrentAcTransferBeforeWrite
FN:121,applyAccountsCurrentAcTransferBeforeWrite
FNF:9
FNH:6
FNDA:1,throwValidation
FNDA:2,assertAccountsCurrentAcTransferDateNotInFrozenFy
FNDA:1,(anonymous_2)
FNDA:2,asPositiveInt
FNDA:1,assertAccountsCurrentAcTransferFromToDifferent
FNDA:0,resolveYearCodeByDate
FNDA:0,assignAccountsCurrentAcTransferVoucherNo
FNDA:2,validateAccountsCurrentAcTransferBeforeWrite
FNDA:0,applyAccountsCurrentAcTransferBeforeWrite
DA:20,2
DA:23,1
DA:28,2
DA:29,1
DA:30,1
DA:35,2
DA:36,2
DA:41,1
DA:42,1
DA:43,1
DA:44,1
DA:45,0
DA:50,0
DA:51,0
DA:52,0
DA:54,0
DA:55,0
DA:59,0
DA:60,0
DA:61,0
DA:63,0
DA:71,0
DA:72,0
DA:73,0
DA:75,0
DA:76,0
DA:78,0
DA:79,0
DA:80,0
DA:83,0
DA:84,0
DA:86,0
DA:92,0
DA:96,0
DA:97,0
DA:100,0
DA:101,0
DA:102,0
DA:104,0
DA:109,0
DA:117,2
DA:118,1
DA:122,0
DA:123,0
LF:44
LH:13
BRDA:28,0,0,1
BRDA:28,0,1,1
BRDA:36,1,0,2
BRDA:36,1,1,0
BRDA:36,2,0,2
BRDA:36,2,1,2
BRDA:43,3,0,0
BRDA:43,3,1,1
BRDA:43,4,0,1
BRDA:43,4,1,1
BRDA:44,5,0,0
BRDA:44,5,1,1
BRDA:51,6,0,0
BRDA:51,6,1,0
BRDA:59,7,0,0
BRDA:59,7,1,0
BRDA:59,8,0,0
BRDA:59,8,1,0
BRDA:60,9,0,0
BRDA:60,9,1,0
BRDA:72,10,0,0
BRDA:72,10,1,0
BRDA:79,11,0,0
BRDA:79,11,1,0
BRDA:96,12,0,0
BRDA:96,12,1,0
BRDA:101,13,0,0
BRDA:101,13,1,0
BRDA:122,14,0,0
BRDA:122,14,1,0
BRF:30
BRH:9
end_of_record
TN:
[...]
FN:169,appendNciRowScope
FN:194,mapSummaryRows
FN:195,(anonymous_6)
FN:209,runReport
FNF:8
FNH:0
FNDA:0,sqlTableIds
FNDA:0,buildMonthWiseAggregatedSql
FNDA:0,buildSummaryAggregatedSql
FNDA:0,buildFilterParts
FNDA:0,appendNciRowScope
FNDA:0,mapSummaryRows
FNDA:0,(anonymous_6)
FNDA:0,runReport
DA:23,17
DA:26,0
DA:39,0
DA:40,0
DA:87,0
DA:88,0
DA:135,0
DA:136,0
DA:138,0
DA:139,0
DA:140,0
DA:142,0
DA:143,0
DA:144,0
DA:146,0
DA:147,0
DA:148,0
DA:150,0
DA:151,0
DA:152,0
DA:154,0
DA:155,0
DA:156,0
DA:158,0
DA:159,0
DA:160,0
DA:163,0
DA:165,0
DA:170,0
DA:171,0
DA:172,0
DA:174,0
DA:175,0
DA:176,0
DA:177,0
DA:180,0
DA:181,0
DA:182,0
DA:183,0
DA:184,0
DA:186,0
DA:187,0
DA:190,0
DA:195,0
DA:210,0
DA:212,0
DA:213,0
DA:214,0
DA:215,0
DA:218,0
DA:219,0
DA:221,0
DA:223,0
DA:224,0
DA:225,0
DA:226,0
DA:227,0
DA:229,0
DA:241,0
DA:242,0
DA:243,0
DA:249,0
LF:62
LH:1
BRDA:142,0,0,0
BRDA:142,0,1,0
BRDA:142,1,0,0
BRDA:142,1,1,0
BRDA:146,2,0,0
BRDA:146,2,1,0
BRDA:146,3,0,0
BRDA:146,3,1,0
BRDA:150,4,0,0
BRDA:150,4,1,0
BRDA:150,5,0,0
BRDA:150,5,1,0
BRDA:154,6,0,0
BRDA:154,6,1,0
BRDA:154,7,0,0
BRDA:154,7,1,0
BRDA:158,8,0,0
BRDA:158,8,1,0
BRDA:158,9,0,0
BRDA:158,9,1,0
BRDA:171,10,0,0
BRDA:171,10,1,0
BRDA:172,11,0,0
BRDA:172,11,1,0
BRDA:172,12,0,0
BRDA:172,12,1,0
BRDA:174,13,0,0
BRDA:174,13,1,0
BRDA:180,14,0,0
BRDA:180,14,1,0
BRDA:181,15,0,0
BRDA:181,15,1,0
BRDA:181,16,0,0
BRDA:181,16,1,0
BRDA:182,17,0,0
BRDA:182,17,1,0
BRDA:195,18,0,0
BRDA:195,18,1,0
BRDA:197,19,0,0
BRDA:197,19,1,0
BRDA:198,20,0,0
BRDA:198,20,1,0
BRDA:199,21,0,0
BRDA:199,21,1,0
BRDA:200,22,0,0
BRDA:200,22,1,0
BRDA:209,23,0,0
BRDA:212,24,0,0
BRDA:212,24,1,0
BRDA:214,25,0,0
BRDA:214,25,1,0
BRDA:223,26,0,0
BRDA:223,26,1,0
BRF:53
BRH:0
end_of_record
TN:
SF:lib\reports\resolveReportLogoFile.js
FN:14,resolveReportLogoFile
FN:28,imageExtensionForExcel
FNF:2
FNH:2
FNDA:1,resolveReportLogoFile
FNDA:1,imageExtensionForExcel
DA:15,1
DA:16,1
DA:17,1
DA:18,1
DA:19,1
DA:20,1
DA:21,1
DA:29,1
DA:30,1
DA:31,1
DA:32,1
LF:11
LH:11
BRDA:15,0,0,0
BRDA:15,0,1,1
BRDA:15,1,0,1
BRDA:15,1,1,1
BRDA:17,2,0,0
BRDA:17,2,1,1
BRDA:18,3,0,1
BRDA:18,3,1,0
BRDA:19,4,0,0
BRDA:19,4,1,1
BRDA:21,5,0,1
BRDA:21,5,1,0
BRDA:30,6,0,0
BRDA:30,6,1,1
BRDA:30,7,0,1
BRDA:30,7,1,1
BRDA:31,8,0,0
BRDA:31,8,1,1
BRF:18
BRH:11
end_of_record
TN:
SF:lib\reports\resolveVisibleReportColumns.js
FN:13,isReportFilterActive
FN:27,resolveVisibleReportColumns
FN:28,(anonymous_2)
FN:30,(anonymous_3)
FNF:4
FNH:4
FNDA:34,isReportFilterActive
FNDA:10,resolveVisibleReportColumns
FNDA:38,(anonymous_2)
FNDA:66,(anonymous_3)
DA:14,34
DA:15,8
DA:16,7
DA:18,1
DA:28,38
DA:29,10
DA:30,10
DA:31,66
DA:32,2
DA:34,64
DA:35,64
DA:36,28
LF:12
LH:12
BRDA:14,0,0,26
BRDA:14,0,1,8
BRDA:14,1,0,34
BRDA:14,1,1,13
BRDA:14,1,2,12
BRDA:14,1,3,10
BRDA:15,2,0,7
BRDA:15,2,1,1
BRDA:16,3,0,7
BRDA:16,3,1,7
BRDA:28,4,0,10
BRDA:28,4,1,0
BRDA:29,5,0,10
BRDA:29,5,1,8
BRDA:30,6,0,10
BRDA:30,6,1,0
BRDA:31,7,0,2
BRDA:31,7,1,64
BRDA:31,8,0,66
BRDA:31,8,1,4
BRDA:31,8,2,4
BRDA:35,9,0,36
BRDA:35,9,1,28
BRF:23
BRH:21
end_of_record
TN:
SF:lib\reports\custom\buildCumulativeBandedWorkbook.js
FN:22,setCellAlign
FN:26,fillRow
FN:37,borderRow
FN:47,formatInr
FN:52,sectionLabel
FN:56,detailLabel
FN:60,writeShellRows
FN:99,buildCumulativeBandedWorkbook
FNF:8
FNH:0
FNDA:0,setCellAlign
FNDA:0,fillRow
FNDA:0,borderRow
FNDA:0,formatInr
FNDA:0,sectionLabel
FNDA:0,detailLabel
FNDA:0,writeShellRows
FNDA:0,buildCumulativeBandedWorkbook
DA:9,17
DA:10,17
DA:11,17
DA:12,17
DA:14,17
DA:23,0
DA:27,0
DA:28,0
DA:29,0
DA:30,0
DA:31,0
DA:32,0
DA:33,0
DA:38,0
DA:39,0
DA:40,0
DA:41,0
DA:42,0
DA:43,0
DA:48,0
DA:49,0
DA:53,0
DA:57,0
DA:61,0
DA:62,0
DA:63,0
DA:64,0
DA:65,0
DA:66,0
DA:68,0
DA:69,0
DA:70,0
DA:71,0
DA:72,0
DA:75,0
DA:76,0
DA:77,0
DA:78,0
DA:80,0
DA:81,0
DA:82,0
DA:83,0
DA:84,0
DA:85,0
DA:88,0
DA:91,17
DA:92,17
DA:100,0
DA:101,0
DA:102,0
DA:103,0
DA:104,0
DA:105,0
DA:106,0
DA:107,0
DA:108,0
DA:109,0
DA:111,0
DA:113,0
DA:114,0
DA:121,0
DA:122,0
DA:123,0
DA:124,0
DA:125,0
DA:128,0
DA:132,0
DA:136,0
DA:137,0
DA:138,0
DA:139,0
DA:140,0
DA:142,0
DA:143,0
DA:144,0
DA:145,0
DA:146,0
DA:147,0
DA:148,0
DA:149,0
DA:150,0
DA:152,0
DA:153,0
DA:154,0
DA:155,0
DA:156,0
DA:157,0
DA:160,0
DA:161,0
DA:162,0
DA:163,0
DA:164,0
DA:165,0
DA:166,0
DA:170,0
DA:173,0
DA:174,0
DA:175,0
DA:176,0
DA:177,0
DA:178,0
DA:179,0
DA:184,0
DA:185,0
DA:186,0
DA:187,0
DA:188,0
DA:190,0
DA:191,0
LF:109
LH:7
BRDA:22,0,0,0
BRDA:26,1,0,0
BRDA:26,2,0,0
BRDA:26,3,0,0
BRDA:31,4,0,0
BRDA:31,4,1,0
BRDA:31,5,0,0
BRDA:31,5,1,0
BRDA:33,6,0,0
BRDA:33,6,1,0
BRDA:37,7,0,0
BRDA:37,8,0,0
BRDA:37,9,0,0
BRDA:41,10,0,0
BRDA:41,10,1,0
BRDA:41,11,0,0
BRDA:41,11,1,0
BRDA:43,12,0,0
BRDA:43,12,1,0
BRDA:49,13,0,0
BRDA:49,13,1,0
BRDA:53,14,0,0
BRDA:53,14,1,0
BRDA:53,14,2,0
BRDA:57,15,0,0
BRDA:57,15,1,0
BRDA:57,15,2,0
BRDA:57,15,3,0
BRDA:61,16,0,0
BRDA:61,16,1,0
BRDA:62,17,0,0
BRDA:62,17,1,0
BRDA:63,18,0,0
BRDA:63,18,1,0
BRDA:64,19,0,0
BRDA:64,19,1,0
BRDA:65,20,0,0
BRDA:65,20,1,0
BRDA:68,21,0,0
BRDA:68,21,1,0
BRDA:71,22,0,0
BRDA:71,22,1,0
BRDA:76,23,0,0
BRDA:76,23,1,0
BRDA:77,24,0,0
BRDA:77,24,1,0
BRDA:80,25,0,0
BRDA:80,25,1,0
BRDA:83,26,0,0
BRDA:83,26,1,0
BRDA:99,27,0,0
BRDA:100,28,0,0
BRDA:100,28,1,0
BRDA:102,29,0,0
BRDA:102,29,1,0
BRDA:104,30,0,0
BRDA:104,30,1,0
BRDA:105,31,0,0
BRDA:105,31,1,0
BRDA:106,32,0,0
BRDA:106,32,1,0
BRDA:107,33,0,0
BRDA:107,33,1,0
BRDA:108,34,0,0
BRDA:108,34,1,0
BRDA:109,35,0,0
BRDA:109,35,1,0
BRDA:125,36,0,0
BRDA:125,36,1,0
BRDA:144,37,0,0
BRDA:144,37,1,0
BRDA:146,38,0,0
BRDA:146,38,1,0
BRDA:153,39,0,0
BRDA:153,39,1,0
BRDA:160,40,0,0
BRDA:160,40,1,0
BRDA:162,41,0,0
BRDA:162,41,1,0
BRDA:175,42,0,0
BRDA:175,42,1,0
BRF:81
BRH:0
end_of_record
TN:
SF:lib\reports\custom\report_region_wise_cumulative_report\buildCustomWorkbook.js
FNF:0
FNH:0
LF:0
LH:0
BRF:0
BRH:0
end_of_record
TN:
SF:lib\reports\custom\report_sarfaesi_case_report\buildCustomWorkbook.js
FN:33,setCellAlign
FN:37,formatDate
FN:44,formatInr
FN:49,formatClosureBalance
FN:54,formatAmountRecovered
FN:65,buildSubColumns
FN:67,(anonymous_6)
FN:70,(anonymous_7)
FN:75,(anonymous_8)
FN:79,subColumnValue
FN:86,maxColumnCount
FN:91,applyBorderAndAlign
FN:104,writeShellRows
FN:137,writeCaseBlock
FN:185,buildCustomWorkbook
FNF:15
FNH:0
FNDA:0,setCellAlign
FNDA:0,formatDate
FNDA:0,formatInr
FNDA:0,formatClosureBalance
FNDA:0,formatAmountRecovered
FNDA:0,buildSubColumns
FNDA:0,(anonymous_6)
FNDA:0,(anonymous_7)
FNDA:0,(anonymous_8)
FNDA:0,subColumnValue
FNDA:0,maxColumnCount
FNDA:0,applyBorderAndAlign
FNDA:0,writeShellRows
FNDA:0,writeCaseBlock
FNDA:0,buildCustomWorkbook
DA:10,17
DA:11,17
DA:12,17
DA:25,17
DA:34,0
DA:38,0
DA:39,0
DA:40,0
DA:41,0
DA:45,0
DA:46,0
DA:50,0
DA:51,0
DA:55,0
DA:58,17
DA:63,17
DA:66,0
DA:67,0
DA:69,0
DA:70,0
DA:75,0
DA:80,0
DA:81,0
DA:82,0
DA:83,0
DA:87,0
DA:88,0
DA:92,0
DA:93,0
DA:94,0
DA:95,0
DA:96,0
DA:98,0
DA:99,0
DA:100,0
DA:105,0
DA:106,0
DA:107,0
DA:108,0
DA:109,0
DA:110,0
DA:112,0
DA:113,0
DA:114,0
DA:115,0
DA:116,0
DA:119,0
DA:120,0
DA:121,0
DA:122,0
DA:123,0
DA:126,0
DA:127,0
DA:128,0
DA:129,0
DA:130,0
DA:131,0
DA:134,0
DA:138,0
DA:139,0
DA:141,0
DA:142,0
DA:143,0
DA:145,0
DA:147,0
DA:148,0
DA:149,0
DA:150,0
DA:151,0
DA:152,0
DA:153,0
DA:154,0
DA:155,0
DA:156,0
DA:157,0
DA:158,0
DA:160,0
DA:161,0
DA:162,0
DA:164,0
DA:166,0
DA:167,0
DA:168,0
DA:169,0
DA:170,0
DA:171,0
DA:173,0
DA:175,0
DA:176,0
DA:178,0
DA:186,0
DA:187,0
DA:188,0
DA:189,0
DA:190,0
DA:191,0
DA:192,0
DA:193,0
DA:194,0
DA:196,0
DA:198,0
DA:199,0
DA:201,0
DA:202,0
DA:205,0
DA:206,0
DA:207,0
DA:208,0
DA:210,0
DA:211,0
DA:212,0
DA:215,0
DA:216,0
LF:113
LH:6
BRDA:33,0,0,0
BRDA:39,1,0,0
BRDA:39,1,1,0
BRDA:46,2,0,0
BRDA:46,2,1,0
BRDA:51,3,0,0
BRDA:51,3,1,0
BRDA:66,4,0,0
BRDA:66,4,1,0
BRDA:67,5,0,0
BRDA:67,5,1,0
BRDA:80,6,0,0
BRDA:80,6,1,0
BRDA:81,7,0,0
BRDA:81,7,1,0
BRDA:81,8,0,0
BRDA:81,8,1,0
BRDA:83,9,0,0
BRDA:83,9,1,0
BRDA:91,10,0,0
BRDA:91,11,0,0
BRDA:91,12,0,0
BRDA:91,13,0,0
BRDA:95,14,0,0
BRDA:95,14,1,0
BRDA:98,15,0,0
BRDA:98,15,1,0
BRDA:98,16,0,0
BRDA:98,16,1,0
BRDA:105,17,0,0
BRDA:105,17,1,0
BRDA:106,18,0,0
BRDA:106,18,1,0
BRDA:107,19,0,0
BRDA:107,19,1,0
BRDA:108,20,0,0
BRDA:108,20,1,0
BRDA:109,21,0,0
BRDA:109,21,1,0
BRDA:112,22,0,0
BRDA:112,22,1,0
BRDA:115,23,0,0
BRDA:115,23,1,0
BRDA:119,24,0,0
BRDA:119,24,1,0
BRDA:122,25,0,0
BRDA:122,25,1,0
BRDA:126,26,0,0
BRDA:126,26,1,0
BRDA:129,27,0,0
BRDA:129,27,1,0
BRDA:149,28,0,0
BRDA:149,28,1,0
BRDA:150,29,0,0
BRDA:150,29,1,0
BRDA:151,30,0,0
BRDA:151,30,1,0
BRDA:152,31,0,0
BRDA:152,31,1,0
BRDA:153,32,0,0
BRDA:153,32,1,0
BRDA:155,33,0,0
BRDA:155,33,1,0
BRDA:170,34,0,0
BRDA:170,34,1,0
BRDA:187,35,0,0
BRDA:187,35,1,0
BRDA:189,36,0,0
BRDA:189,36,1,0
BRDA:190,37,0,0
BRDA:190,37,1,0
BRDA:191,38,0,0
BRDA:191,38,1,0
BRDA:192,39,0,0
BRDA:192,39,1,0
BRDA:193,40,0,0
BRDA:193,40,1,0
BRDA:212,41,0,0
BRDA:212,41,1,0
BRF:79
BRH:0
end_of_record
TN:
SF:lib\reports\custom\report_unit_wise_cumulative_report\buildCustomWorkbook.js
FN:10,buildCustomWorkbook
FNF:1
FNH:0
FNDA:0,buildCustomWorkbook
DA:11,0
DA:12,0
DA:13,0
DA:15,0
LF:4
LH:0
BRDA:11,0,0,0
BRDA:11,0,1,0
BRDA:12,1,0,0
BRDA:12,1,1,0
BRF:4
BRH:0
end_of_record
TN:
SF:lib\reports\custom\report_unit_wise_cumulative_report\buildSummaryWorkbook.js
FN:23,setCellAlign
FN:27,fillRow
FN:38,formatInr
FN:43,writeShellRows
FN:81,buildSummaryWorkbook
FN:108,(anonymous_5)
FNF:6
FNH:0
FNDA:0,setCellAlign
FNDA:0,fillRow
FNDA:0,formatInr
FNDA:0,writeShellRows
FNDA:0,buildSummaryWorkbook
FNDA:0,(anonymous_5)
DA:9,17
DA:10,17
DA:11,17
DA:12,17
DA:13,17
DA:15,17
DA:24,0
DA:28,0
DA:29,0
DA:30,0
DA:31,0
DA:32,0
DA:33,0
DA:34,0
DA:39,0
DA:40,0
DA:44,0
DA:45,0
DA:46,0
DA:47,0
DA:48,0
DA:49,0
DA:51,0
DA:52,0
DA:53,0
DA:54,0
DA:55,0
DA:58,0
DA:59,0
DA:60,0
DA:61,0
DA:63,0
DA:64,0
DA:65,0
DA:66,0
DA:67,0
DA:68,0
DA:71,0
DA:74,17
DA:75,17
DA:82,0
DA:83,0
DA:84,0
DA:85,0
DA:86,0
DA:87,0
DA:88,0
DA:89,0
DA:91,0
DA:93,0
DA:94,0
DA:101,0
DA:102,0
DA:103,0
DA:104,0
DA:105,0
DA:106,0
DA:108,0
DA:109,0
DA:110,0
DA:111,0
DA:112,0
DA:113,0
DA:116,0
DA:119,0
DA:120,0
DA:121,0
DA:122,0
DA:123,0
DA:125,0
DA:126,0
DA:127,0
DA:128,0
DA:130,0
DA:131,0
LF:75
LH:8
BRDA:23,0,0,0
BRDA:27,1,0,0
BRDA:27,2,0,0
BRDA:27,3,0,0
BRDA:32,4,0,0
BRDA:32,4,1,0
BRDA:32,5,0,0
BRDA:32,5,1,0
BRDA:34,6,0,0
BRDA:34,6,1,0
BRDA:40,7,0,0
BRDA:40,7,1,0
BRDA:44,8,0,0
BRDA:44,8,1,0
BRDA:45,9,0,0
BRDA:45,9,1,0
BRDA:46,10,0,0
BRDA:46,10,1,0
BRDA:47,11,0,0
BRDA:47,11,1,0
BRDA:48,12,0,0
BRDA:48,12,1,0
BRDA:51,13,0,0
BRDA:51,13,1,0
BRDA:54,14,0,0
BRDA:54,14,1,0
BRDA:59,15,0,0
BRDA:59,15,1,0
BRDA:60,16,0,0
BRDA:60,16,1,0
BRDA:63,17,0,0
BRDA:63,17,1,0
BRDA:66,18,0,0
BRDA:66,18,1,0
BRDA:83,19,0,0
BRDA:83,19,1,0
BRDA:85,20,0,0
BRDA:85,20,1,0
BRDA:86,21,0,0
BRDA:86,21,1,0
BRDA:87,22,0,0
BRDA:87,22,1,0
BRDA:88,23,0,0
BRDA:88,23,1,0
BRDA:89,24,0,0
BRDA:89,24,1,0
BRDA:109,25,0,0
BRDA:109,25,1,0
BRDA:110,26,0,0
BRDA:110,26,1,0
BRDA:113,27,0,0
BRDA:113,27,1,0
BRDA:119,28,0,0
BRDA:119,28,1,0
BRF:54
BRH:0
end_of_record
TN:
SF:lib\services\crud.service.js
FN:57,crudBlockedForReportKey
FN:77,getAllowedFieldNames
FN:79,(anonymous_2)
FN:80,(anonymous_3)
FN:106,updateCrudRecord
FN:157,(anonymous_5)
FN:162,(anonymous_6)
FN:180,(anonymous_7)
FN:191,(anonymous_8)
FN:268,(anonymous_9)
FN:315,createCrudRecord
FN:340,(anonymous_11)
FN:345,(anonymous_12)
FN:371,(anonymous_13)
FN:384,(anonymous_14)
FN:503,deleteCrudRecord
FN:567,getCrudRecordById
FNF:17
FNH:17
FNDA:35,crudBlockedForReportKey
FNDA:17,getAllowedFieldNames
FNDA:28,(anonymous_2)
FNDA:27,(anonymous_3)
FNDA:10,updateCrudRecord
FNDA:10,(anonymous_5)
FNDA:9,(anonymous_6)
FNDA:10,(anonymous_7)
FNDA:4,(anonymous_8)
FNDA:6,(anonymous_9)
FNDA:12,createCrudRecord
FNDA:14,(anonymous_11)
FNDA:13,(anonymous_12)
FNDA:15,(anonymous_13)
FNDA:15,(anonymous_14)
FNDA:7,deleteCrudRecord
FNDA:6,getCrudRecordById
DA:58,35
DA:59,0
DA:78,17
DA:79,28
DA:80,27
DA:107,10
DA:108,10
DA:110,10
DA:111,10
DA:112,0
DA:114,10
DA:115,0
DA:118,10
DA:120,10
DA:121,10
DA:122,0
DA:125,10
DA:126,10
DA:127,10
DA:128,0
DA:130,10
DA:133,10
DA:134,1
DA:136,9
DA:137,3
DA:138,3
DA:139,3
DA:141,1
DA:142,0
DA:144,3
DA:148,8
DA:149,8
DA:150,8
DA:151,8
DA:152,8
DA:155,8
DA:156,8
DA:157,10
DA:158,8
DA:159,1
DA:162,9
DA:163,7
DA:169,7
DA:170,1
DA:173,6
DA:174,6
DA:175,1
DA:176,1
DA:177,1
DA:180,10
DA:182,6
DA:183,4
DA:184,4
DA:185,4
DA:186,4
DA:188,4
DA:189,2
DA:191,4
DA:192,4
DA:193,4
DA:194,0
DA:204,0
DA:206,4
DA:207,3
DA:209,3
DA:211,0
DA:217,0
DA:220,0
DA:231,1
DA:232,1
DA:239,1
DA:260,1
DA:262,0
DA:263,0
DA:265,4
DA:268,6
DA:269,2
DA:272,5
DA:273,5
DA:274,5
DA:276,5
DA:286,5
DA:290,5
DA:316,12
DA:317,12
DA:319,12
DA:320,12
DA:321,1
DA:323,11
DA:324,1
DA:327,10
DA:328,10
DA:329,10
DA:330,1
DA:333,9
DA:334,9
DA:335,9
DA:336,9
DA:338,9
DA:339,9
DA:340,14
DA:341,9
DA:342,1
DA:345,13
DA:346,8
DA:352,8
DA:353,1
DA:356,7
DA:357,7
DA:358,1
DA:359,1
DA:360,1
DA:371,15
DA:372,7
DA:376,7
DA:377,7
DA:378,7
DA:379,7
DA:381,7
DA:382,1
DA:384,15
DA:385,7
DA:389,5
DA:390,5
DA:391,5
DA:392,0
DA:400,0
DA:402,5
DA:403,5
DA:405,5
DA:406,5
DA:407,5
DA:416,5
DA:418,0
DA:424,0
DA:427,0
DA:438,5
DA:441,5
DA:442,5
DA:443,1
DA:444,1
DA:445,1
DA:448,5
DA:450,2
DA:451,2
DA:455,2
DA:458,2
DA:485,0
DA:487,2
DA:489,7
DA:504,7
DA:505,7
DA:506,7
DA:507,7
DA:508,1
DA:510,6
DA:511,1
DA:515,5
DA:516,5
DA:517,1
DA:520,4
DA:521,4
DA:522,4
DA:523,1
DA:525,3
DA:527,3
DA:528,1
DA:531,2
DA:532,1
DA:533,1
DA:534,1
DA:535,1
DA:536,1
DA:537,1
DA:539,0
DA:540,0
DA:542,1
DA:545,1
DA:548,2
DA:558,2
DA:568,6
DA:569,6
DA:570,6
DA:571,6
DA:572,1
DA:575,5
DA:577,5
DA:578,5
DA:579,5
DA:580,1
DA:583,4
DA:584,4
DA:585,4
DA:586,1
DA:588,3
DA:590,3
DA:591,3
DA:592,1
DA:595,2
DA:597,2
DA:599,2
DA:600,2
DA:601,1
DA:602,1
DA:603,1
DA:605,1
DA:609,2
DA:610,2
DA:612,2
DA:613,2
DA:614,2
DA:615,2
DA:616,2
DA:617,1
DA:622,2
LF:215
LH:194
BRDA:58,0,0,35
BRDA:58,0,1,0
BRDA:78,1,0,17
BRDA:78,1,1,0
BRDA:108,2,0,0
BRDA:108,2,1,10
BRDA:111,3,0,0
BRDA:111,3,1,10
BRDA:114,4,0,0
BRDA:114,4,1,10
BRDA:121,5,0,0
BRDA:121,5,1,10
BRDA:127,6,0,0
BRDA:127,6,1,10
BRDA:133,7,0,1
BRDA:133,7,1,9
BRDA:136,8,0,3
BRDA:136,8,1,6
BRDA:141,9,0,1
BRDA:141,9,1,0
BRDA:158,10,0,1
BRDA:158,10,1,7
BRDA:169,11,0,1
BRDA:169,11,1,6
BRDA:174,12,0,1
BRDA:174,12,1,5
BRDA:182,13,0,4
BRDA:182,13,1,2
BRDA:182,14,0,6
BRDA:182,14,1,2
BRDA:188,15,0,2
BRDA:188,15,1,2
BRDA:193,16,0,0
BRDA:193,16,1,4
BRDA:204,17,0,0
BRDA:204,17,1,0
BRDA:211,18,0,0
BRDA:211,18,1,0
BRDA:211,19,0,0
BRDA:211,19,1,0
BRDA:213,20,0,0
BRDA:213,20,1,0
BRDA:213,21,0,0
BRDA:213,21,1,0
BRDA:217,22,0,0
BRDA:217,22,1,0
BRDA:217,23,0,0
BRDA:217,23,1,0
BRDA:217,23,2,0
BRDA:217,23,3,0
BRDA:223,24,0,0
BRDA:223,24,1,0
BRDA:239,25,0,1
BRDA:239,25,1,0
BRDA:240,26,0,1
BRDA:240,26,1,0
BRDA:240,26,2,0
BRDA:240,26,3,0
BRDA:240,26,4,0
BRDA:240,26,5,0
BRDA:240,26,6,0
BRDA:240,26,7,0
BRDA:240,26,8,0
BRDA:240,26,9,0
BRDA:240,26,10,0
BRDA:240,26,11,0
BRDA:240,26,12,0
BRDA:240,26,13,0
BRDA:240,26,14,0
BRDA:240,26,15,0
BRDA:240,26,16,0
BRDA:240,26,17,0
BRDA:240,26,18,0
BRDA:273,27,0,5
BRDA:273,27,1,0
BRDA:286,28,0,0
BRDA:286,28,1,5
BRDA:317,29,0,0
BRDA:317,29,1,12
BRDA:320,30,0,1
BRDA:320,30,1,11
BRDA:323,31,0,1
BRDA:323,31,1,10
BRDA:329,32,0,1
BRDA:329,32,1,9
BRDA:341,33,0,1
BRDA:341,33,1,8
BRDA:352,34,0,1
BRDA:352,34,1,7
BRDA:357,35,0,1
BRDA:357,35,1,6
BRDA:381,36,0,1
BRDA:381,36,1,6
BRDA:391,37,0,0
BRDA:391,37,1,5
BRDA:400,38,0,0
BRDA:400,38,1,0
BRDA:406,39,0,5
BRDA:406,39,1,0
BRDA:418,40,0,0
BRDA:418,40,1,0
BRDA:418,41,0,0
BRDA:418,41,1,0
BRDA:420,42,0,0
BRDA:420,42,1,0
BRDA:420,43,0,0
BRDA:420,43,1,0
BRDA:424,44,0,0
BRDA:424,44,1,0
BRDA:424,45,0,0
BRDA:424,45,1,0
BRDA:424,45,2,0
BRDA:424,45,3,0
BRDA:430,46,0,0
BRDA:430,46,1,0
BRDA:442,47,0,1
BRDA:442,47,1,4
BRDA:444,48,0,1
BRDA:444,48,1,0
BRDA:444,49,0,1
BRDA:444,49,1,1
BRDA:458,50,0,0
BRDA:458,50,1,2
BRDA:459,51,0,2
BRDA:459,51,1,2
BRDA:459,51,2,2
BRDA:459,51,3,2
BRDA:459,51,4,2
BRDA:459,51,5,2
BRDA:459,51,6,2
BRDA:459,51,7,2
BRDA:459,51,8,2
BRDA:459,51,9,2
BRDA:459,51,10,2
BRDA:459,51,11,2
BRDA:459,51,12,2
BRDA:459,51,13,2
BRDA:459,51,14,2
BRDA:459,51,15,2
BRDA:459,51,16,2
BRDA:459,51,17,2
BRDA:459,51,18,2
BRDA:459,51,19,2
BRDA:459,51,20,2
BRDA:459,51,21,2
BRDA:459,51,22,2
BRDA:459,51,23,2
BRDA:459,51,24,2
BRDA:505,52,0,0
BRDA:505,52,1,7
BRDA:507,53,0,1
BRDA:507,53,1,6
BRDA:510,54,0,1
BRDA:510,54,1,5
BRDA:516,55,0,1
BRDA:516,55,1,4
BRDA:522,56,0,1
BRDA:522,56,1,3
BRDA:527,57,0,1
BRDA:527,57,1,2
BRDA:531,58,0,1
BRDA:531,58,1,1
BRDA:569,59,0,0
BRDA:569,59,1,6
BRDA:571,60,0,1
BRDA:571,60,1,5
BRDA:579,61,0,1
BRDA:579,61,1,4
BRDA:579,62,0,5
BRDA:579,62,1,1
BRDA:585,63,0,1
BRDA:585,63,1,3
BRDA:591,64,0,1
BRDA:591,64,1,2
BRDA:600,65,0,1
BRDA:600,65,1,1
BRDA:610,66,0,2
BRDA:610,66,1,0
BRDA:612,67,0,2
BRDA:612,67,1,1
BRDA:614,68,0,2
BRDA:614,68,1,0
BRDA:616,69,0,1
BRDA:616,69,1,1
BRDA:616,70,0,2
BRDA:616,70,1,1
BRF:186
BRH:111
end_of_record
TN:
SF:lib\services\crudPayloadValidation.js
FN:32,fieldLabel
FN:40,isEmptyValue
FN:72,isValidDateString
FN:74,(anonymous_3)
FN:80,isValidMonthString
FN:82,(anonymous_5)
FN:90,validateFieldFormat
FN:126,(anonymous_7)
FN:152,validateCrudPayloadForWrite
FN:154,(anonymous_9)
FNF:10
FNH:10
FNDA:47,fieldLabel
FNDA:85,isEmptyValue
FNDA:3,isValidDateString
FNDA:6,(anonymous_3)
FNDA:2,isValidMonthString
FNDA:4,(anonymous_5)
FNDA:41,validateFieldFormat
FNDA:4,(anonymous_7)
FNDA:25,validateCrudPayloadForWrite
FNDA:184,(anonymous_9)
DA:27,7
DA:33,47
DA:41,85
DA:42,84
DA:43,84
DA:47,3
DA:48,2
DA:50,81
DA:53,30
DA:54,30
DA:56,51
DA:57,39
DA:59,12
DA:60,8
DA:62,4
DA:63,3
DA:65,1
DA:73,3
DA:74,6
DA:75,2
DA:76,2
DA:77,2
DA:81,2
DA:82,4
DA:83,2
DA:91,41
DA:92,41
DA:94,41
DA:95,15
DA:96,1
DA:98,14
DA:100,26
DA:101,3
DA:102,2
DA:104,1
DA:106,23
DA:107,14
DA:108,0
DA:110,14
DA:112,9
DA:113,3
DA:114,2
DA:116,1
DA:118,6
DA:119,2
DA:120,0
DA:122,2
DA:124,4
DA:125,2
DA:126,4
DA:127,2
DA:128,1
DA:130,1
DA:132,2
DA:133,1
DA:134,0
DA:136,1
DA:138,1
DA:153,25
DA:154,184
DA:156,25
DA:158,21
DA:159,135
DA:160,39
DA:161,39
DA:162,5
DA:166,16
DA:167,47
DA:168,47
DA:169,45
DA:170,45
DA:171,5
DA:172,0
DA:174,40
DA:175,40
DA:177,11
DA:181,4
DA:182,4
DA:183,4
DA:184,3
DA:185,3
DA:186,2
DA:187,1
DA:189,1
DA:191,1
DA:192,1
DA:194,2
LF:87
LH:83
BRDA:33,0,0,47
BRDA:33,0,1,0
BRDA:41,1,0,1
BRDA:41,1,1,84
BRDA:41,2,0,85
BRDA:41,2,1,85
BRDA:43,3,0,3
BRDA:43,3,1,81
BRDA:47,4,0,1
BRDA:47,4,1,2
BRDA:50,5,0,30
BRDA:50,5,1,51
BRDA:53,6,0,0
BRDA:53,6,1,30
BRDA:56,7,0,39
BRDA:56,7,1,12
BRDA:56,8,0,51
BRDA:56,8,1,17
BRDA:56,8,2,12
BRDA:59,9,0,8
BRDA:59,9,1,4
BRDA:59,10,0,12
BRDA:59,10,1,8
BRDA:60,11,0,8
BRDA:60,11,1,7
BRDA:60,11,2,7
BRDA:62,12,0,3
BRDA:62,12,1,1
BRDA:63,13,0,3
BRDA:63,13,1,2
BRDA:63,13,2,2
BRDA:73,14,0,1
BRDA:73,14,1,2
BRDA:73,15,0,3
BRDA:73,15,1,3
BRDA:75,16,0,0
BRDA:75,16,1,2
BRDA:75,17,0,2
BRDA:75,17,1,2
BRDA:75,17,2,2
BRDA:77,18,0,2
BRDA:77,18,1,2
BRDA:77,18,2,1
BRDA:81,19,0,0
BRDA:81,19,1,2
BRDA:81,20,0,2
BRDA:81,20,1,2
BRDA:83,21,0,2
BRDA:83,21,1,2
BRDA:83,21,2,2
BRDA:83,21,3,2
BRDA:94,22,0,15
BRDA:94,22,1,26
BRDA:94,23,0,41
BRDA:94,23,1,26
BRDA:95,24,0,1
BRDA:95,24,1,14
BRDA:95,25,0,15
BRDA:95,25,1,1
BRDA:100,26,0,3
BRDA:100,26,1,23
BRDA:101,27,0,2
BRDA:101,27,1,1
BRDA:101,28,0,3
BRDA:101,28,1,3
BRDA:106,29,0,14
BRDA:106,29,1,9
BRDA:107,30,0,0
BRDA:107,30,1,14
BRDA:112,31,0,3
BRDA:112,31,1,6
BRDA:113,32,0,2
BRDA:113,32,1,1
BRDA:113,33,0,3
BRDA:113,33,1,3
BRDA:118,34,0,2
BRDA:118,34,1,4
BRDA:119,35,0,0
BRDA:119,35,1,2
BRDA:119,36,0,2
BRDA:119,36,1,2
BRDA:124,37,0,2
BRDA:124,37,1,2
BRDA:125,38,0,2
BRDA:125,38,1,0
BRDA:126,39,0,4
BRDA:126,39,1,3
BRDA:127,40,0,1
BRDA:127,40,1,1
BRDA:132,41,0,1
BRDA:132,41,1,1
BRDA:133,42,0,0
BRDA:133,42,1,1
BRDA:153,43,0,25
BRDA:153,43,1,1
BRDA:156,44,0,21
BRDA:156,44,1,4
BRDA:159,45,0,96
BRDA:159,45,1,39
BRDA:159,46,0,135
BRDA:159,46,1,120
BRDA:161,47,0,5
BRDA:161,47,1,34
BRDA:161,48,0,39
BRDA:161,48,1,37
BRDA:168,49,0,2
BRDA:168,49,1,45
BRDA:168,50,0,47
BRDA:168,50,1,46
BRDA:170,51,0,5
BRDA:170,51,1,40
BRDA:171,52,0,5
BRDA:171,52,1,0
BRDA:175,53,0,5
BRDA:175,53,1,35
BRDA:183,54,0,1
BRDA:183,54,1,3
BRDA:183,55,0,4
BRDA:183,55,1,3
BRDA:185,56,0,2
BRDA:185,56,1,1
BRDA:186,57,0,1
BRDA:186,57,1,1
BRDA:192,58,0,1
BRDA:192,58,1,0
BRF:125
BRH:115
end_of_record
