TN:
SF:..\..\..\..\Amith Prasad\Amith's Libraries\NEW ERP\tarka_new_erp\lib\viewColumnFilters.js
FN:11,stripEmptyFilters
FN:26,normalizeCommittedFromInput
FN:41,columnFiltersEqual
FN:60,hasUncommittedColumnFilters
FN:70,hasAnyColumnFilterValue
FN:71,(anonymous_5)
FN:72,(anonymous_6)
FNF:7
FNH:7
FNDA:11,stripEmptyFilters
FNDA:10,normalizeCommittedFromInput
FNDA:4,columnFiltersEqual
FNDA:2,hasUncommittedColumnFilters
FNDA:4,hasAnyColumnFilterValue
FNDA:7,(anonymous_5)
FNDA:4,(anonymous_6)
DA:4,1
DA:12,11
DA:13,11
DA:14,17
DA:15,5
DA:18,11
DA:27,10
DA:29,10
DA:30,10
DA:31,10
DA:33,10
DA:42,4
DA:43,4
DA:44,4
DA:45,4
DA:46,4
DA:47,4
DA:48,4
DA:49,4
DA:51,2
DA:61,2
DA:71,4
DA:72,7
DA:73,4
LF:24
LH:24
BRDA:12,0,0,11
BRDA:12,0,1,0
BRDA:14,1,0,5
BRDA:14,1,1,12
BRDA:14,2,0,17
BRDA:14,2,1,0
BRDA:46,3,0,0
BRDA:46,3,1,4
BRDA:48,4,0,0
BRDA:48,4,1,4
BRDA:49,5,0,2
BRDA:49,5,1,2
BRDA:72,6,0,7
BRDA:72,6,1,0
BRDA:72,7,0,4
BRDA:72,7,1,0
BRDA:73,8,0,4
BRDA:73,8,1,3
BRF:18
BRH:12
end_of_record
